[ 2015-11-07T23:50:01+08:00 ] 127.0.0.1 /SchoolAdmin/
INFO: [ app_init ] --START--
INFO: Run Behavior\BuildLiteBehavior [ RunTime:0.000064s ]
INFO: [ app_init ] --END-- [ RunTime:0.018597s ]
INFO: [ app_begin ] --START--
INFO: Run Behavior\ReadHtmlCacheBehavior [ RunTime:0.019255s ]
INFO: [ app_begin ] --END-- [ RunTime:0.019729s ]
NOTIC: [8] Use of undefined constant index - assumed 'index' C:\wamp\www\SchoolAdmin\Application\Home\Controller\IndexController.class.php 第 6 行.
INFO: [ view_parse ] --START--
INFO: [ template_filter ] --START--
INFO: Run Behavior\ContentReplaceBehavior [ RunTime:0.000634s ]
INFO: [ template_filter ] --END-- [ RunTime:0.001050s ]
INFO: Run Behavior\ParseTemplateBehavior [ RunTime:0.211331s ]
INFO: [ view_parse ] --END-- [ RunTime:0.211780s ]
INFO: [ view_filter ] --START--
INFO: Run Behavior\WriteHtmlCacheBehavior [ RunTime:0.032905s ]
INFO: [ view_filter ] --END-- [ RunTime:0.033287s ]
INFO: [ app_end ] --START--
INFO: Run Behavior\ShowPageTraceBehavior [ RunTime:0.054082s ]
INFO: [ app_end ] --END-- [ RunTime:0.054395s ]

[ 2015-11-07T23:50:02+08:00 ] 127.0.0.1 /SchoolAdmin/index.php/home/index/Main
INFO: [ app_init ] --START--
INFO: Run Behavior\BuildLiteBehavior [ RunTime:0.000069s ]
INFO: [ app_init ] --END-- [ RunTime:0.008925s ]
INFO: [ app_begin ] --START--
INFO: Run Behavior\ReadHtmlCacheBehavior [ RunTime:0.005827s ]
INFO: [ app_begin ] --END-- [ RunTime:0.006149s ]
INFO: [ app_end ] --START--
INFO: Run Behavior\ShowPageTraceBehavior [ RunTime:0.005719s ]
INFO: [ app_end ] --END-- [ RunTime:0.006116s ]

[ 2015-11-07T23:50:02+08:00 ] 127.0.0.1 /SchoolAdmin/index.php/home/index/LeftMenu
INFO: [ app_init ] --START--
INFO: Run Behavior\BuildLiteBehavior [ RunTime:0.000065s ]
INFO: [ app_init ] --END-- [ RunTime:0.001922s ]
INFO: [ app_begin ] --START--
INFO: Run Behavior\ReadHtmlCacheBehavior [ RunTime:0.004298s ]
INFO: [ app_begin ] --END-- [ RunTime:0.004634s ]

[ 2015-11-07T23:50:06+08:00 ] 127.0.0.1 /schooladmin/index.php/home/index/two.html
INFO: [ app_init ] --START--
INFO: Run Behavior\BuildLiteBehavior [ RunTime:0.000065s ]
INFO: [ app_init ] --END-- [ RunTime:0.002014s ]
INFO: [ app_begin ] --START--
INFO: Run Behavior\ReadHtmlCacheBehavior [ RunTime:0.003788s ]
INFO: [ app_begin ] --END-- [ RunTime:0.004113s ]
SQL: SHOW COLUMNS FROM `school_message_2` [ RunTime:0.0467s ]
SQL: SELECT * FROM `school_message_2`  [ RunTime:0.0033s ]
INFO: [ view_parse ] --START--
INFO: [ template_filter ] --START--
INFO: Run Behavior\ContentReplaceBehavior [ RunTime:0.000516s ]
INFO: [ template_filter ] --END-- [ RunTime:0.000897s ]
INFO: Run Behavior\ParseTemplateBehavior [ RunTime:0.276777s ]
INFO: [ view_parse ] --END-- [ RunTime:0.277130s ]
INFO: [ view_filter ] --START--
INFO: Run Behavior\WriteHtmlCacheBehavior [ RunTime:0.003211s ]
INFO: [ view_filter ] --END-- [ RunTime:0.003467s ]
INFO: [ app_end ] --START--
INFO: Run Behavior\ShowPageTraceBehavior [ RunTime:0.003641s ]
INFO: [ app_end ] --END-- [ RunTime:0.003900s ]

