[ 2015-10-31T14:41:09+08:00 ] 127.0.0.1 /SchoolAdmin/
INFO: [ app_init ] --START--
INFO: Run Behavior\BuildLiteBehavior [ RunTime:0.000017s ]
INFO: [ app_init ] --END-- [ RunTime:0.000672s ]
INFO: [ app_begin ] --START--
INFO: Run Behavior\ReadHtmlCacheBehavior [ RunTime:0.001001s ]
INFO: [ app_begin ] --END-- [ RunTime:0.001107s ]
NOTIC: [8] Use of undefined constant index - assumed 'index' G:\wamp\www\SchoolAdmin\Application\Home\Controller\IndexController.class.php 第 6 行.
INFO: [ view_parse ] --START--
INFO: [ template_filter ] --START--
INFO: Run Behavior\ContentReplaceBehavior [ RunTime:0.000127s ]
INFO: [ template_filter ] --END-- [ RunTime:0.000201s ]
INFO: Run Behavior\ParseTemplateBehavior [ RunTime:0.125218s ]
INFO: [ view_parse ] --END-- [ RunTime:0.125382s ]
INFO: [ view_filter ] --START--
INFO: Run Behavior\WriteHtmlCacheBehavior [ RunTime:0.000668s ]
INFO: [ view_filter ] --END-- [ RunTime:0.000718s ]
INFO: [ app_end ] --START--
INFO: Run Behavior\ShowPageTraceBehavior [ RunTime:0.000726s ]
INFO: [ app_end ] --END-- [ RunTime:0.000777s ]

[ 2015-10-31T14:41:09+08:00 ] 127.0.0.1 /SchoolAdmin/index.php/home/index/Main
INFO: [ app_init ] --START--
INFO: Run Behavior\BuildLiteBehavior [ RunTime:0.000021s ]
INFO: [ app_init ] --END-- [ RunTime:0.000563s ]
INFO: [ app_begin ] --START--
INFO: Run Behavior\ReadHtmlCacheBehavior [ RunTime:0.000455s ]
INFO: [ app_begin ] --END-- [ RunTime:0.000512s ]
INFO: [ app_end ] --START--
INFO: Run Behavior\ShowPageTraceBehavior [ RunTime:0.000458s ]
INFO: [ app_end ] --END-- [ RunTime:0.000511s ]

[ 2015-10-31T14:41:09+08:00 ] 127.0.0.1 /SchoolAdmin/index.php/home/index/LeftMenu
INFO: [ app_init ] --START--
INFO: Run Behavior\BuildLiteBehavior [ RunTime:0.000011s ]
INFO: [ app_init ] --END-- [ RunTime:0.000309s ]
INFO: [ app_begin ] --START--
INFO: Run Behavior\ReadHtmlCacheBehavior [ RunTime:0.000451s ]
INFO: [ app_begin ] --END-- [ RunTime:0.000505s ]

[ 2015-10-31T14:41:11+08:00 ] 127.0.0.1 /schooladmin/index.php/home/index/two.html
INFO: [ app_init ] --START--
INFO: Run Behavior\BuildLiteBehavior [ RunTime:0.000019s ]
INFO: [ app_init ] --END-- [ RunTime:0.000871s ]
INFO: [ app_begin ] --START--
INFO: Run Behavior\ReadHtmlCacheBehavior [ RunTime:0.000531s ]
INFO: [ app_begin ] --END-- [ RunTime:0.000613s ]
SQL: SHOW COLUMNS FROM `school_message_2` [ RunTime:0.0369s ]
SQL: SELECT * FROM `school_message_2`  [ RunTime:0.0005s ]
INFO: [ view_parse ] --START--
INFO: [ template_filter ] --START--
INFO: Run Behavior\ContentReplaceBehavior [ RunTime:0.000067s ]
INFO: [ template_filter ] --END-- [ RunTime:0.000118s ]
INFO: Run Behavior\ParseTemplateBehavior [ RunTime:0.102060s ]
INFO: [ view_parse ] --END-- [ RunTime:0.102110s ]
INFO: [ view_filter ] --START--
INFO: Run Behavior\WriteHtmlCacheBehavior [ RunTime:0.000262s ]
INFO: [ view_filter ] --END-- [ RunTime:0.000302s ]
INFO: [ app_end ] --START--
INFO: Run Behavior\ShowPageTraceBehavior [ RunTime:0.000465s ]
INFO: [ app_end ] --END-- [ RunTime:0.000507s ]

[ 2015-10-31T14:41:13+08:00 ] 127.0.0.1 /schooladmin/index.php/home/index/product_list.html
INFO: [ app_init ] --START--
INFO: Run Behavior\BuildLiteBehavior [ RunTime:0.000017s ]
INFO: [ app_init ] --END-- [ RunTime:0.000346s ]
INFO: [ app_begin ] --START--
INFO: Run Behavior\ReadHtmlCacheBehavior [ RunTime:0.000467s ]
INFO: [ app_begin ] --END-- [ RunTime:0.000515s ]
ERR: 非法操作:product_list

[ 2015-10-31T14:41:14+08:00 ] 127.0.0.1 /schooladmin/index.php/home/index/two.html
INFO: [ app_init ] --START--
INFO: Run Behavior\BuildLiteBehavior [ RunTime:0.000018s ]
INFO: [ app_init ] --END-- [ RunTime:0.000408s ]
INFO: [ app_begin ] --START--
INFO: Run Behavior\ReadHtmlCacheBehavior [ RunTime:0.000425s ]
INFO: [ app_begin ] --END-- [ RunTime:0.000487s ]
SQL: SHOW COLUMNS FROM `school_message_2` [ RunTime:0.0038s ]
SQL: SELECT * FROM `school_message_2`  [ RunTime:0.0004s ]
INFO: [ view_parse ] --START--
INFO: [ template_filter ] --START--
INFO: Run Behavior\ContentReplaceBehavior [ RunTime:0.000070s ]
INFO: [ template_filter ] --END-- [ RunTime:0.000121s ]
INFO: Run Behavior\ParseTemplateBehavior [ RunTime:0.012215s ]
INFO: [ view_parse ] --END-- [ RunTime:0.012283s ]
INFO: [ view_filter ] --START--
INFO: Run Behavior\WriteHtmlCacheBehavior [ RunTime:0.000324s ]
INFO: [ view_filter ] --END-- [ RunTime:0.000386s ]
INFO: [ app_end ] --START--
INFO: Run Behavior\ShowPageTraceBehavior [ RunTime:0.000669s ]
INFO: [ app_end ] --END-- [ RunTime:0.000733s ]

[ 2015-10-31T14:41:16+08:00 ] 127.0.0.1 /schooladmin/index.php/home/index/two_edit01/cid/6
INFO: [ app_init ] --START--
INFO: Run Behavior\BuildLiteBehavior [ RunTime:0.000011s ]
INFO: [ app_init ] --END-- [ RunTime:0.000313s ]
INFO: [ app_begin ] --START--
INFO: Run Behavior\ReadHtmlCacheBehavior [ RunTime:0.000402s ]
INFO: [ app_begin ] --END-- [ RunTime:0.000455s ]
INFO: [ view_parse ] --START--
INFO: [ template_filter ] --START--
INFO: Run Behavior\ContentReplaceBehavior [ RunTime:0.000197s ]
INFO: [ template_filter ] --END-- [ RunTime:0.000371s ]
SQL: SHOW COLUMNS FROM `school_message_2` [ RunTime:0.0060s ]
SQL: SELECT * FROM `school_message_2` WHERE `id` = '6' LIMIT 1   [ RunTime:0.0006s ]
NOTIC: [8] Undefined index: img G:\wamp\www\SchoolAdmin\Application\Runtime\Cache\Home\81b7b7d4412aa0b4c1507a4eba3539be.php 第 272 行.
INFO: Run Behavior\ParseTemplateBehavior [ RunTime:0.062745s ]
INFO: [ view_parse ] --END-- [ RunTime:0.062789s ]
INFO: [ view_filter ] --START--
INFO: Run Behavior\WriteHtmlCacheBehavior [ RunTime:0.000368s ]
INFO: [ view_filter ] --END-- [ RunTime:0.000410s ]
INFO: [ app_end ] --START--
INFO: Run Behavior\ShowPageTraceBehavior [ RunTime:0.000445s ]
INFO: [ app_end ] --END-- [ RunTime:0.000487s ]

[ 2015-10-31T14:41:16+08:00 ] 127.0.0.1 /schooladmin/index.php/home/index/two_edit01/cid/__Plugin__/Ueditor/ueditor.config.js
INFO: [ app_init ] --START--
INFO: Run Behavior\BuildLiteBehavior [ RunTime:0.000097s ]
INFO: [ app_init ] --END-- [ RunTime:0.001209s ]
INFO: [ app_begin ] --START--
INFO: Run Behavior\ReadHtmlCacheBehavior [ RunTime:0.000474s ]
INFO: [ app_begin ] --END-- [ RunTime:0.000557s ]
INFO: [ view_parse ] --START--
INFO: [ template_filter ] --START--
INFO: Run Behavior\ContentReplaceBehavior [ RunTime:0.000086s ]
INFO: [ template_filter ] --END-- [ RunTime:0.000141s ]
SQL: SHOW COLUMNS FROM `school_message_2` [ RunTime:0.0069s ]
SQL: SELECT * FROM `school_message_2` WHERE `id` = '__Plugin__' LIMIT 1   [ RunTime:0.0005s ]
INFO: Run Behavior\ParseTemplateBehavior [ RunTime:0.025895s ]
INFO: [ view_parse ] --END-- [ RunTime:0.025965s ]
INFO: [ view_filter ] --START--
INFO: Run Behavior\WriteHtmlCacheBehavior [ RunTime:0.000339s ]
INFO: [ view_filter ] --END-- [ RunTime:0.000380s ]
INFO: [ app_end ] --START--
INFO: Run Behavior\ShowPageTraceBehavior [ RunTime:0.000469s ]
INFO: [ app_end ] --END-- [ RunTime:0.000512s ]

[ 2015-10-31T14:41:16+08:00 ] 127.0.0.1 /schooladmin/index.php/home/index/two_edit01/cid/__Plugin__/Jquery/jquery.form.js
INFO: [ app_init ] --START--
INFO: Run Behavior\BuildLiteBehavior [ RunTime:0.000087s ]
INFO: [ app_init ] --END-- [ RunTime:0.001438s ]
INFO: [ app_begin ] --START--
INFO: Run Behavior\ReadHtmlCacheBehavior [ RunTime:0.000568s ]
INFO: [ app_begin ] --END-- [ RunTime:0.000657s ]
INFO: [ view_parse ] --START--
INFO: [ template_filter ] --START--
INFO: Run Behavior\ContentReplaceBehavior [ RunTime:0.000085s ]
INFO: [ template_filter ] --END-- [ RunTime:0.000138s ]
SQL: SHOW COLUMNS FROM `school_message_2` [ RunTime:0.0032s ]
SQL: SELECT * FROM `school_message_2` WHERE `id` = '__Plugin__' LIMIT 1   [ RunTime:0.0003s ]
INFO: Run Behavior\ParseTemplateBehavior [ RunTime:0.029794s ]
INFO: [ view_parse ] --END-- [ RunTime:0.029858s ]
INFO: [ view_filter ] --START--
INFO: Run Behavior\WriteHtmlCacheBehavior [ RunTime:0.000247s ]
INFO: [ view_filter ] --END-- [ RunTime:0.000284s ]
INFO: [ app_end ] --START--
INFO: Run Behavior\ShowPageTraceBehavior [ RunTime:0.000408s ]
INFO: [ app_end ] --END-- [ RunTime:0.000445s ]

[ 2015-10-31T14:41:16+08:00 ] 127.0.0.1 /schooladmin/index.php/home/index/two_edit01/cid/__Plugin__/Ueditor/ueditor.all.min.js
INFO: [ app_init ] --START--
INFO: Run Behavior\BuildLiteBehavior [ RunTime:0.000011s ]
INFO: [ app_init ] --END-- [ RunTime:0.000363s ]
INFO: [ app_begin ] --START--
INFO: Run Behavior\ReadHtmlCacheBehavior [ RunTime:0.000438s ]
INFO: [ app_begin ] --END-- [ RunTime:0.000487s ]
INFO: [ view_parse ] --START--
INFO: [ template_filter ] --START--
INFO: Run Behavior\ContentReplaceBehavior [ RunTime:0.000096s ]
INFO: [ template_filter ] --END-- [ RunTime:0.000173s ]
SQL: SHOW COLUMNS FROM `school_message_2` [ RunTime:0.0035s ]
SQL: SELECT * FROM `school_message_2` WHERE `id` = '__Plugin__' LIMIT 1   [ RunTime:0.0003s ]
INFO: Run Behavior\ParseTemplateBehavior [ RunTime:0.028244s ]
INFO: [ view_parse ] --END-- [ RunTime:0.028312s ]
INFO: [ view_filter ] --START--
INFO: Run Behavior\WriteHtmlCacheBehavior [ RunTime:0.000308s ]
INFO: [ view_filter ] --END-- [ RunTime:0.000346s ]
INFO: [ app_end ] --START--
INFO: Run Behavior\ShowPageTraceBehavior [ RunTime:0.000478s ]
INFO: [ app_end ] --END-- [ RunTime:0.000530s ]

[ 2015-10-31T14:41:18+08:00 ] 127.0.0.1 /schooladmin/index.php/home/index/two.html
INFO: [ app_init ] --START--
INFO: Run Behavior\BuildLiteBehavior [ RunTime:0.000013s ]
INFO: [ app_init ] --END-- [ RunTime:0.000400s ]
INFO: [ app_begin ] --START--
INFO: Run Behavior\ReadHtmlCacheBehavior [ RunTime:0.000464s ]
INFO: [ app_begin ] --END-- [ RunTime:0.000511s ]
SQL: SHOW COLUMNS FROM `school_message_2` [ RunTime:0.0032s ]
SQL: SELECT * FROM `school_message_2`  [ RunTime:0.0004s ]
INFO: [ view_parse ] --START--
INFO: [ template_filter ] --START--
INFO: Run Behavior\ContentReplaceBehavior [ RunTime:0.000078s ]
INFO: [ template_filter ] --END-- [ RunTime:0.000129s ]
INFO: Run Behavior\ParseTemplateBehavior [ RunTime:0.007962s ]
INFO: [ view_parse ] --END-- [ RunTime:0.008022s ]
INFO: [ view_filter ] --START--
INFO: Run Behavior\WriteHtmlCacheBehavior [ RunTime:0.000213s ]
INFO: [ view_filter ] --END-- [ RunTime:0.000252s ]
INFO: [ app_end ] --START--
INFO: Run Behavior\ShowPageTraceBehavior [ RunTime:0.000411s ]
INFO: [ app_end ] --END-- [ RunTime:0.000451s ]

[ 2015-10-31T14:41:26+08:00 ] 127.0.0.1 /schooladmin/index.php/home/index/two.html
INFO: [ app_init ] --START--
INFO: Run Behavior\BuildLiteBehavior [ RunTime:0.000011s ]
INFO: [ app_init ] --END-- [ RunTime:0.000345s ]
INFO: [ app_begin ] --START--
INFO: Run Behavior\ReadHtmlCacheBehavior [ RunTime:0.000480s ]
INFO: [ app_begin ] --END-- [ RunTime:0.000540s ]
SQL: SHOW COLUMNS FROM `school_message_2` [ RunTime:0.0073s ]
SQL: SELECT * FROM `school_message_2` WHERE `span_1` = '寻物启事'  [ RunTime:0.0004s ]
INFO: [ view_parse ] --START--
INFO: [ template_filter ] --START--
INFO: Run Behavior\ContentReplaceBehavior [ RunTime:0.000066s ]
INFO: [ template_filter ] --END-- [ RunTime:0.000110s ]
INFO: Run Behavior\ParseTemplateBehavior [ RunTime:0.006941s ]
INFO: [ view_parse ] --END-- [ RunTime:0.006989s ]
INFO: [ view_filter ] --START--
INFO: Run Behavior\WriteHtmlCacheBehavior [ RunTime:0.000180s ]
INFO: [ view_filter ] --END-- [ RunTime:0.000215s ]
INFO: [ app_end ] --START--
INFO: Run Behavior\ShowPageTraceBehavior [ RunTime:0.000386s ]
INFO: [ app_end ] --END-- [ RunTime:0.000425s ]

[ 2015-10-31T14:41:28+08:00 ] 127.0.0.1 /schooladmin/index.php/home/index/two.html
INFO: [ app_init ] --START--
INFO: Run Behavior\BuildLiteBehavior [ RunTime:0.000011s ]
INFO: [ app_init ] --END-- [ RunTime:0.000317s ]
INFO: [ app_begin ] --START--
INFO: Run Behavior\ReadHtmlCacheBehavior [ RunTime:0.000378s ]
INFO: [ app_begin ] --END-- [ RunTime:0.000426s ]
SQL: SHOW COLUMNS FROM `school_message_2` [ RunTime:0.0035s ]
SQL: SELECT * FROM `school_message_2` WHERE `span_1` = '失物招领'  [ RunTime:0.0005s ]
INFO: [ view_parse ] --START--
INFO: [ template_filter ] --START--
INFO: Run Behavior\ContentReplaceBehavior [ RunTime:0.000067s ]
INFO: [ template_filter ] --END-- [ RunTime:0.000122s ]
INFO: Run Behavior\ParseTemplateBehavior [ RunTime:0.008795s ]
INFO: [ view_parse ] --END-- [ RunTime:0.008855s ]
INFO: [ view_filter ] --START--
INFO: Run Behavior\WriteHtmlCacheBehavior [ RunTime:0.000198s ]
INFO: [ view_filter ] --END-- [ RunTime:0.000234s ]
INFO: [ app_end ] --START--
INFO: Run Behavior\ShowPageTraceBehavior [ RunTime:0.000394s ]
INFO: [ app_end ] --END-- [ RunTime:0.000431s ]

[ 2015-10-31T14:41:30+08:00 ] 127.0.0.1 /schooladmin/index.php/home/index/two.html
INFO: [ app_init ] --START--
INFO: Run Behavior\BuildLiteBehavior [ RunTime:0.000053s ]
INFO: [ app_init ] --END-- [ RunTime:0.000892s ]
INFO: [ app_begin ] --START--
INFO: Run Behavior\ReadHtmlCacheBehavior [ RunTime:0.000414s ]
INFO: [ app_begin ] --END-- [ RunTime:0.000475s ]
SQL: SHOW COLUMNS FROM `school_message_2` [ RunTime:0.0042s ]
SQL: SELECT * FROM `school_message_2` WHERE `span_1` = '其他'  [ RunTime:0.0005s ]
INFO: [ view_parse ] --START--
INFO: [ template_filter ] --START--
INFO: Run Behavior\ContentReplaceBehavior [ RunTime:0.000070s ]
INFO: [ template_filter ] --END-- [ RunTime:0.000120s ]
INFO: Run Behavior\ParseTemplateBehavior [ RunTime:0.006961s ]
INFO: [ view_parse ] --END-- [ RunTime:0.007009s ]
INFO: [ view_filter ] --START--
INFO: Run Behavior\WriteHtmlCacheBehavior [ RunTime:0.000168s ]
INFO: [ view_filter ] --END-- [ RunTime:0.000203s ]
INFO: [ app_end ] --START--
INFO: Run Behavior\ShowPageTraceBehavior [ RunTime:0.000373s ]
INFO: [ app_end ] --END-- [ RunTime:0.000410s ]

[ 2015-10-31T14:41:33+08:00 ] 127.0.0.1 /schooladmin/index.php/home/index/two.html
INFO: [ app_init ] --START--
INFO: Run Behavior\BuildLiteBehavior [ RunTime:0.000017s ]
INFO: [ app_init ] --END-- [ RunTime:0.000468s ]
INFO: [ app_begin ] --START--
INFO: Run Behavior\ReadHtmlCacheBehavior [ RunTime:0.000610s ]
INFO: [ app_begin ] --END-- [ RunTime:0.000681s ]
SQL: SHOW COLUMNS FROM `school_message_2` [ RunTime:0.0036s ]
SQL: SELECT * FROM `school_message_2`  [ RunTime:0.0004s ]
INFO: [ view_parse ] --START--
INFO: [ template_filter ] --START--
INFO: Run Behavior\ContentReplaceBehavior [ RunTime:0.000073s ]
INFO: [ template_filter ] --END-- [ RunTime:0.000138s ]
INFO: Run Behavior\ParseTemplateBehavior [ RunTime:0.008607s ]
INFO: [ view_parse ] --END-- [ RunTime:0.008664s ]
INFO: [ view_filter ] --START--
INFO: Run Behavior\WriteHtmlCacheBehavior [ RunTime:0.000220s ]
INFO: [ view_filter ] --END-- [ RunTime:0.000259s ]
INFO: [ app_end ] --START--
INFO: Run Behavior\ShowPageTraceBehavior [ RunTime:0.000422s ]
INFO: [ app_end ] --END-- [ RunTime:0.000462s ]

[ 2015-10-31T14:41:40+08:00 ] 127.0.0.1 /schooladmin/index.php/home/index/two_edit01/cid/6
INFO: [ app_init ] --START--
INFO: Run Behavior\BuildLiteBehavior [ RunTime:0.000014s ]
INFO: [ app_init ] --END-- [ RunTime:0.000398s ]
INFO: [ app_begin ] --START--
INFO: Run Behavior\ReadHtmlCacheBehavior [ RunTime:0.000473s ]
INFO: [ app_begin ] --END-- [ RunTime:0.000533s ]
INFO: [ view_parse ] --START--
INFO: [ template_filter ] --START--
INFO: Run Behavior\ContentReplaceBehavior [ RunTime:0.000094s ]
INFO: [ template_filter ] --END-- [ RunTime:0.000220s ]
SQL: SHOW COLUMNS FROM `school_message_2` [ RunTime:0.0031s ]
SQL: SELECT * FROM `school_message_2` WHERE `id` = '6' LIMIT 1   [ RunTime:0.0004s ]
NOTIC: [8] Undefined index: img G:\wamp\www\SchoolAdmin\Application\Runtime\Cache\Home\81b7b7d4412aa0b4c1507a4eba3539be.php 第 272 行.
INFO: Run Behavior\ParseTemplateBehavior [ RunTime:0.025437s ]
INFO: [ view_parse ] --END-- [ RunTime:0.025481s ]
INFO: [ view_filter ] --START--
INFO: Run Behavior\WriteHtmlCacheBehavior [ RunTime:0.000232s ]
INFO: [ view_filter ] --END-- [ RunTime:0.000269s ]
INFO: [ app_end ] --START--
INFO: Run Behavior\ShowPageTraceBehavior [ RunTime:0.000400s ]
INFO: [ app_end ] --END-- [ RunTime:0.000436s ]

[ 2015-10-31T14:41:40+08:00 ] 127.0.0.1 /schooladmin/index.php/home/index/two_edit01/cid/__Plugin__/Ueditor/ueditor.config.js
INFO: [ app_init ] --START--
INFO: Run Behavior\BuildLiteBehavior [ RunTime:0.000022s ]
INFO: [ app_init ] --END-- [ RunTime:0.000366s ]
INFO: [ app_begin ] --START--
INFO: Run Behavior\ReadHtmlCacheBehavior [ RunTime:0.000403s ]
INFO: [ app_begin ] --END-- [ RunTime:0.000466s ]
INFO: [ view_parse ] --START--
INFO: [ template_filter ] --START--
INFO: Run Behavior\ContentReplaceBehavior [ RunTime:0.000363s ]
INFO: [ template_filter ] --END-- [ RunTime:0.000647s ]
SQL: SHOW COLUMNS FROM `school_message_2` [ RunTime:0.0031s ]
SQL: SELECT * FROM `school_message_2` WHERE `id` = '__Plugin__' LIMIT 1   [ RunTime:0.0003s ]
INFO: Run Behavior\ParseTemplateBehavior [ RunTime:0.028163s ]
INFO: [ view_parse ] --END-- [ RunTime:0.028221s ]
INFO: [ view_filter ] --START--
INFO: Run Behavior\WriteHtmlCacheBehavior [ RunTime:0.000231s ]
INFO: [ view_filter ] --END-- [ RunTime:0.000268s ]
INFO: [ app_end ] --START--
INFO: Run Behavior\ShowPageTraceBehavior [ RunTime:0.000389s ]
INFO: [ app_end ] --END-- [ RunTime:0.000425s ]

[ 2015-10-31T14:41:40+08:00 ] 127.0.0.1 /schooladmin/index.php/home/index/two_edit01/cid/__Plugin__/Jquery/jquery.form.js
INFO: [ app_init ] --START--
INFO: Run Behavior\BuildLiteBehavior [ RunTime:0.000018s ]
INFO: [ app_init ] --END-- [ RunTime:0.000411s ]
INFO: [ app_begin ] --START--
INFO: Run Behavior\ReadHtmlCacheBehavior [ RunTime:0.000517s ]
INFO: [ app_begin ] --END-- [ RunTime:0.000654s ]
INFO: [ view_parse ] --START--
INFO: [ template_filter ] --START--
INFO: Run Behavior\ContentReplaceBehavior [ RunTime:0.000090s ]
INFO: [ template_filter ] --END-- [ RunTime:0.000148s ]
SQL: SHOW COLUMNS FROM `school_message_2` [ RunTime:0.0034s ]
SQL: SELECT * FROM `school_message_2` WHERE `id` = '__Plugin__' LIMIT 1   [ RunTime:0.0004s ]
INFO: Run Behavior\ParseTemplateBehavior [ RunTime:0.020908s ]
INFO: [ view_parse ] --END-- [ RunTime:0.020971s ]
INFO: [ view_filter ] --START--
INFO: Run Behavior\WriteHtmlCacheBehavior [ RunTime:0.000276s ]
INFO: [ view_filter ] --END-- [ RunTime:0.000313s ]
INFO: [ app_end ] --START--
INFO: Run Behavior\ShowPageTraceBehavior [ RunTime:0.000412s ]
INFO: [ app_end ] --END-- [ RunTime:0.000452s ]

[ 2015-10-31T14:41:41+08:00 ] 127.0.0.1 /schooladmin/index.php/home/index/two_edit01/cid/__Plugin__/Ueditor/ueditor.all.min.js
INFO: [ app_init ] --START--
INFO: Run Behavior\BuildLiteBehavior [ RunTime:0.000012s ]
INFO: [ app_init ] --END-- [ RunTime:0.000306s ]
INFO: [ app_begin ] --START--
INFO: Run Behavior\ReadHtmlCacheBehavior [ RunTime:0.000982s ]
INFO: [ app_begin ] --END-- [ RunTime:0.001197s ]
INFO: [ view_parse ] --START--
INFO: [ template_filter ] --START--
INFO: Run Behavior\ContentReplaceBehavior [ RunTime:0.000083s ]
INFO: [ template_filter ] --END-- [ RunTime:0.000127s ]
SQL: SHOW COLUMNS FROM `school_message_2` [ RunTime:0.0032s ]
SQL: SELECT * FROM `school_message_2` WHERE `id` = '__Plugin__' LIMIT 1   [ RunTime:0.0003s ]
INFO: Run Behavior\ParseTemplateBehavior [ RunTime:0.021780s ]
INFO: [ view_parse ] --END-- [ RunTime:0.021832s ]
INFO: [ view_filter ] --START--
INFO: Run Behavior\WriteHtmlCacheBehavior [ RunTime:0.000262s ]
INFO: [ view_filter ] --END-- [ RunTime:0.000305s ]
INFO: [ app_end ] --START--
INFO: Run Behavior\ShowPageTraceBehavior [ RunTime:0.000408s ]
INFO: [ app_end ] --END-- [ RunTime:0.000446s ]

[ 2015-10-31T14:41:42+08:00 ] 127.0.0.1 /schooladmin/index.php/home/index/product_list.html
INFO: [ app_init ] --START--
INFO: Run Behavior\BuildLiteBehavior [ RunTime:0.000010s ]
INFO: [ app_init ] --END-- [ RunTime:0.000305s ]
INFO: [ app_begin ] --START--
INFO: Run Behavior\ReadHtmlCacheBehavior [ RunTime:0.000484s ]
INFO: [ app_begin ] --END-- [ RunTime:0.000555s ]
ERR: 非法操作:product_list

[ 2015-10-31T14:41:42+08:00 ] 127.0.0.1 /schooladmin/index.php/home/index/two.html
INFO: [ app_init ] --START--
INFO: Run Behavior\BuildLiteBehavior [ RunTime:0.000011s ]
INFO: [ app_init ] --END-- [ RunTime:0.000285s ]
INFO: [ app_begin ] --START--
INFO: Run Behavior\ReadHtmlCacheBehavior [ RunTime:0.000415s ]
INFO: [ app_begin ] --END-- [ RunTime:0.000468s ]
SQL: SHOW COLUMNS FROM `school_message_2` [ RunTime:0.0033s ]
SQL: SELECT * FROM `school_message_2`  [ RunTime:0.0004s ]
INFO: [ view_parse ] --START--
INFO: [ template_filter ] --START--
INFO: Run Behavior\ContentReplaceBehavior [ RunTime:0.000068s ]
INFO: [ template_filter ] --END-- [ RunTime:0.000118s ]
INFO: Run Behavior\ParseTemplateBehavior [ RunTime:0.007272s ]
INFO: [ view_parse ] --END-- [ RunTime:0.007320s ]
INFO: [ view_filter ] --START--
INFO: Run Behavior\WriteHtmlCacheBehavior [ RunTime:0.000173s ]
INFO: [ view_filter ] --END-- [ RunTime:0.000208s ]
INFO: [ app_end ] --START--
INFO: Run Behavior\ShowPageTraceBehavior [ RunTime:0.000376s ]
INFO: [ app_end ] --END-- [ RunTime:0.000413s ]

[ 2015-10-31T14:41:55+08:00 ] 127.0.0.1 /SchoolAdmin/index.php/home/index/LeftMenu
INFO: [ app_init ] --START--
INFO: Run Behavior\BuildLiteBehavior [ RunTime:0.000013s ]
INFO: [ app_init ] --END-- [ RunTime:0.000379s ]
INFO: [ app_begin ] --START--
INFO: Run Behavior\ReadHtmlCacheBehavior [ RunTime:0.000714s ]
INFO: [ app_begin ] --END-- [ RunTime:0.000794s ]
NOTIC: [8] Undefined index: Member G:\wamp\www\SchoolAdmin\Application\Home\Controller\IndexController.class.php 第 24 行.

[ 2015-10-31T14:41:55+08:00 ] 127.0.0.1 /SchoolAdmin/index.php/home/index/LeftMenu
INFO: [ app_init ] --START--
INFO: Run Behavior\BuildLiteBehavior [ RunTime:0.000011s ]
INFO: [ app_init ] --END-- [ RunTime:0.000353s ]
INFO: [ app_begin ] --START--
INFO: Run Behavior\ReadHtmlCacheBehavior [ RunTime:0.000466s ]
INFO: [ app_begin ] --END-- [ RunTime:0.000511s ]

[ 2015-10-31T14:51:15+08:00 ] 127.0.0.1 /schooladmin/index.php/home/index/Tow
INFO: [ app_init ] --START--
INFO: Run Behavior\BuildLiteBehavior [ RunTime:0.000012s ]
INFO: [ app_init ] --END-- [ RunTime:0.000344s ]
INFO: [ app_begin ] --START--
INFO: Run Behavior\ReadHtmlCacheBehavior [ RunTime:0.000466s ]
INFO: [ app_begin ] --END-- [ RunTime:0.000512s ]
ERR: 非法操作:tow

[ 2015-10-31T15:12:07+08:00 ] 127.0.0.1 /schooladmin/index.php/home/index/two.html
INFO: [ app_init ] --START--
INFO: Run Behavior\BuildLiteBehavior [ RunTime:0.000013s ]
INFO: [ app_init ] --END-- [ RunTime:0.000345s ]
INFO: [ app_begin ] --START--
INFO: Run Behavior\ReadHtmlCacheBehavior [ RunTime:0.000444s ]
INFO: [ app_begin ] --END-- [ RunTime:0.000494s ]
SQL: SHOW COLUMNS FROM `school_message_2` [ RunTime:0.0045s ]
SQL: SELECT * FROM `school_message_2` WHERE `span_1` = '寻物启事'  [ RunTime:0.0004s ]
INFO: [ view_parse ] --START--
INFO: [ template_filter ] --START--
INFO: Run Behavior\ContentReplaceBehavior [ RunTime:0.000070s ]
INFO: [ template_filter ] --END-- [ RunTime:0.000126s ]
INFO: Run Behavior\ParseTemplateBehavior [ RunTime:0.012367s ]
INFO: [ view_parse ] --END-- [ RunTime:0.012420s ]
INFO: [ view_filter ] --START--
INFO: Run Behavior\WriteHtmlCacheBehavior [ RunTime:0.000279s ]
INFO: [ view_filter ] --END-- [ RunTime:0.000318s ]
INFO: [ app_end ] --START--
INFO: Run Behavior\ShowPageTraceBehavior [ RunTime:0.000475s ]
INFO: [ app_end ] --END-- [ RunTime:0.000516s ]

[ 2015-10-31T15:12:14+08:00 ] 127.0.0.1 /schooladmin/index.php/home/index/two.html
INFO: [ app_init ] --START--
INFO: Run Behavior\BuildLiteBehavior [ RunTime:0.000016s ]
INFO: [ app_init ] --END-- [ RunTime:0.000431s ]
INFO: [ app_begin ] --START--
INFO: Run Behavior\ReadHtmlCacheBehavior [ RunTime:0.000539s ]
INFO: [ app_begin ] --END-- [ RunTime:0.000609s ]
SQL: SHOW COLUMNS FROM `school_message_2` [ RunTime:0.0042s ]
SQL: SELECT * FROM `school_message_2`  [ RunTime:0.0005s ]
INFO: [ view_parse ] --START--
INFO: [ template_filter ] --START--
INFO: Run Behavior\ContentReplaceBehavior [ RunTime:0.000067s ]
INFO: [ template_filter ] --END-- [ RunTime:0.000117s ]
INFO: Run Behavior\ParseTemplateBehavior [ RunTime:0.006995s ]
INFO: [ view_parse ] --END-- [ RunTime:0.007043s ]
INFO: [ view_filter ] --START--
INFO: Run Behavior\WriteHtmlCacheBehavior [ RunTime:0.000199s ]
INFO: [ view_filter ] --END-- [ RunTime:0.000236s ]
INFO: [ app_end ] --START--
INFO: Run Behavior\ShowPageTraceBehavior [ RunTime:0.000395s ]
INFO: [ app_end ] --END-- [ RunTime:0.000433s ]

[ 2015-10-31T15:12:16+08:00 ] 127.0.0.1 /schooladmin/index.php/home/index/two_edit01/cid/6
INFO: [ app_init ] --START--
INFO: Run Behavior\BuildLiteBehavior [ RunTime:0.000019s ]
INFO: [ app_init ] --END-- [ RunTime:0.000534s ]
INFO: [ app_begin ] --START--
INFO: Run Behavior\ReadHtmlCacheBehavior [ RunTime:0.000743s ]
INFO: [ app_begin ] --END-- [ RunTime:0.000823s ]
INFO: [ view_parse ] --START--
INFO: [ template_filter ] --START--
INFO: Run Behavior\ContentReplaceBehavior [ RunTime:0.000081s ]
INFO: [ template_filter ] --END-- [ RunTime:0.000119s ]
SQL: SHOW COLUMNS FROM `school_message_2` [ RunTime:0.0042s ]
SQL: SELECT * FROM `school_message_2` WHERE `id` = '6' LIMIT 1   [ RunTime:0.0004s ]
NOTIC: [8] Undefined index: img G:\wamp\www\SchoolAdmin\Application\Runtime\Cache\Home\81b7b7d4412aa0b4c1507a4eba3539be.php 第 272 行.
INFO: Run Behavior\ParseTemplateBehavior [ RunTime:0.032151s ]
INFO: [ view_parse ] --END-- [ RunTime:0.032205s ]
INFO: [ view_filter ] --START--
INFO: Run Behavior\WriteHtmlCacheBehavior [ RunTime:0.000314s ]
INFO: [ view_filter ] --END-- [ RunTime:0.000356s ]
INFO: [ app_end ] --START--
INFO: Run Behavior\ShowPageTraceBehavior [ RunTime:0.000486s ]
INFO: [ app_end ] --END-- [ RunTime:0.000527s ]

[ 2015-10-31T15:12:16+08:00 ] 127.0.0.1 /schooladmin/index.php/home/index/two_edit01/cid/__Plugin__/Ueditor/ueditor.config.js
INFO: [ app_init ] --START--
INFO: Run Behavior\BuildLiteBehavior [ RunTime:0.000015s ]
INFO: [ app_init ] --END-- [ RunTime:0.000444s ]
INFO: [ app_begin ] --START--
INFO: Run Behavior\ReadHtmlCacheBehavior [ RunTime:0.000482s ]
INFO: [ app_begin ] --END-- [ RunTime:0.000547s ]
INFO: [ view_parse ] --START--
INFO: [ template_filter ] --START--
INFO: Run Behavior\ContentReplaceBehavior [ RunTime:0.000086s ]
INFO: [ template_filter ] --END-- [ RunTime:0.000137s ]
SQL: SHOW COLUMNS FROM `school_message_2` [ RunTime:0.0042s ]
SQL: SELECT * FROM `school_message_2` WHERE `id` = '__Plugin__' LIMIT 1   [ RunTime:0.0003s ]
INFO: Run Behavior\ParseTemplateBehavior [ RunTime:0.029800s ]
INFO: [ view_parse ] --END-- [ RunTime:0.029866s ]
INFO: [ view_filter ] --START--
INFO: Run Behavior\WriteHtmlCacheBehavior [ RunTime:0.000288s ]
INFO: [ view_filter ] --END-- [ RunTime:0.000324s ]
INFO: [ app_end ] --START--
INFO: Run Behavior\ShowPageTraceBehavior [ RunTime:0.000436s ]
INFO: [ app_end ] --END-- [ RunTime:0.000474s ]

[ 2015-10-31T15:12:16+08:00 ] 127.0.0.1 /schooladmin/index.php/home/index/two_edit01/cid/__Plugin__/Ueditor/ueditor.all.min.js
INFO: [ app_init ] --START--
INFO: Run Behavior\BuildLiteBehavior [ RunTime:0.000024s ]
INFO: [ app_init ] --END-- [ RunTime:0.000478s ]
INFO: [ app_begin ] --START--
INFO: Run Behavior\ReadHtmlCacheBehavior [ RunTime:0.000755s ]
INFO: [ app_begin ] --END-- [ RunTime:0.000858s ]
INFO: [ view_parse ] --START--
INFO: [ template_filter ] --START--
INFO: Run Behavior\ContentReplaceBehavior [ RunTime:0.000094s ]
INFO: [ template_filter ] --END-- [ RunTime:0.000155s ]
SQL: SHOW COLUMNS FROM `school_message_2` [ RunTime:0.0042s ]
SQL: SELECT * FROM `school_message_2` WHERE `id` = '__Plugin__' LIMIT 1   [ RunTime:0.0004s ]
INFO: Run Behavior\ParseTemplateBehavior [ RunTime:0.022551s ]
INFO: [ view_parse ] --END-- [ RunTime:0.022617s ]
INFO: [ view_filter ] --START--
INFO: Run Behavior\WriteHtmlCacheBehavior [ RunTime:0.000303s ]
INFO: [ view_filter ] --END-- [ RunTime:0.000340s ]
INFO: [ app_end ] --START--
INFO: Run Behavior\ShowPageTraceBehavior [ RunTime:0.000459s ]
INFO: [ app_end ] --END-- [ RunTime:0.000498s ]

[ 2015-10-31T15:12:16+08:00 ] 127.0.0.1 /schooladmin/index.php/home/index/two_edit01/cid/__Plugin__/Jquery/jquery.form.js
INFO: [ app_init ] --START--
INFO: Run Behavior\BuildLiteBehavior [ RunTime:0.000032s ]
INFO: [ app_init ] --END-- [ RunTime:0.000681s ]
INFO: [ app_begin ] --START--
INFO: Run Behavior\ReadHtmlCacheBehavior [ RunTime:0.000499s ]
INFO: [ app_begin ] --END-- [ RunTime:0.000565s ]
INFO: [ view_parse ] --START--
INFO: [ template_filter ] --START--
INFO: Run Behavior\ContentReplaceBehavior [ RunTime:0.000087s ]
INFO: [ template_filter ] --END-- [ RunTime:0.000139s ]
SQL: SHOW COLUMNS FROM `school_message_2` [ RunTime:0.0044s ]
SQL: SELECT * FROM `school_message_2` WHERE `id` = '__Plugin__' LIMIT 1   [ RunTime:0.0003s ]
INFO: Run Behavior\ParseTemplateBehavior [ RunTime:0.030968s ]
INFO: [ view_parse ] --END-- [ RunTime:0.031029s ]
INFO: [ view_filter ] --START--
INFO: Run Behavior\WriteHtmlCacheBehavior [ RunTime:0.000295s ]
INFO: [ view_filter ] --END-- [ RunTime:0.000330s ]
INFO: [ app_end ] --START--
INFO: Run Behavior\ShowPageTraceBehavior [ RunTime:0.000435s ]
INFO: [ app_end ] --END-- [ RunTime:0.000473s ]

[ 2015-10-31T15:12:20+08:00 ] 127.0.0.1 /schooladmin/index.php/home/index/two.html
INFO: [ app_init ] --START--
INFO: Run Behavior\BuildLiteBehavior [ RunTime:0.000025s ]
INFO: [ app_init ] --END-- [ RunTime:0.000642s ]
INFO: [ app_begin ] --START--
INFO: Run Behavior\ReadHtmlCacheBehavior [ RunTime:0.000837s ]
INFO: [ app_begin ] --END-- [ RunTime:0.000946s ]
SQL: SHOW COLUMNS FROM `school_message_2` [ RunTime:0.0043s ]
SQL: SELECT * FROM `school_message_2`  [ RunTime:0.0004s ]
INFO: [ view_parse ] --START--
INFO: [ template_filter ] --START--
INFO: Run Behavior\ContentReplaceBehavior [ RunTime:0.000079s ]
INFO: [ template_filter ] --END-- [ RunTime:0.000133s ]
INFO: Run Behavior\ParseTemplateBehavior [ RunTime:0.007149s ]
INFO: [ view_parse ] --END-- [ RunTime:0.007199s ]
INFO: [ view_filter ] --START--
INFO: Run Behavior\WriteHtmlCacheBehavior [ RunTime:0.000189s ]
INFO: [ view_filter ] --END-- [ RunTime:0.000225s ]
INFO: [ app_end ] --START--
INFO: Run Behavior\ShowPageTraceBehavior [ RunTime:0.000396s ]
INFO: [ app_end ] --END-- [ RunTime:0.000435s ]

[ 2015-10-31T15:12:21+08:00 ] 127.0.0.1 /schooladmin/index.php/home/index/deleAttr/id/6/table/message_2
INFO: [ app_init ] --START--
INFO: Run Behavior\BuildLiteBehavior [ RunTime:0.000011s ]
INFO: [ app_init ] --END-- [ RunTime:0.000290s ]
INFO: [ app_begin ] --START--
INFO: Run Behavior\ReadHtmlCacheBehavior [ RunTime:0.000387s ]
INFO: [ app_begin ] --END-- [ RunTime:0.000432s ]
SQL: SHOW COLUMNS FROM `school_message_2` [ RunTime:0.0040s ]
SQL: DELETE FROM `school_message_2` WHERE `id` = 6 [ RunTime:0.1300s ]
INFO: [ view_parse ] --START--
INFO: [ template_filter ] --START--
INFO: Run Behavior\ContentReplaceBehavior [ RunTime:0.000042s ]
INFO: [ template_filter ] --END-- [ RunTime:0.000105s ]
INFO: Run Behavior\ParseTemplateBehavior [ RunTime:0.014977s ]
INFO: [ view_parse ] --END-- [ RunTime:0.015063s ]
INFO: [ view_filter ] --START--
INFO: Run Behavior\WriteHtmlCacheBehavior [ RunTime:0.000230s ]
INFO: [ view_filter ] --END-- [ RunTime:0.000272s ]
INFO: [ app_end ] --START--
INFO: Run Behavior\ShowPageTraceBehavior [ RunTime:0.000459s ]
INFO: [ app_end ] --END-- [ RunTime:0.000506s ]

[ 2015-10-31T15:12:22+08:00 ] 127.0.0.1 /schooladmin/index.php/home/index/two.html
INFO: [ app_init ] --START--
INFO: Run Behavior\BuildLiteBehavior [ RunTime:0.000029s ]
INFO: [ app_init ] --END-- [ RunTime:0.000804s ]
INFO: [ app_begin ] --START--
INFO: Run Behavior\ReadHtmlCacheBehavior [ RunTime:0.001063s ]
INFO: [ app_begin ] --END-- [ RunTime:0.001200s ]
SQL: SHOW COLUMNS FROM `school_message_2` [ RunTime:0.0089s ]
SQL: SELECT * FROM `school_message_2`  [ RunTime:0.0005s ]
INFO: [ view_parse ] --START--
INFO: [ template_filter ] --START--
INFO: Run Behavior\ContentReplaceBehavior [ RunTime:0.000070s ]
INFO: [ template_filter ] --END-- [ RunTime:0.000115s ]
INFO: Run Behavior\ParseTemplateBehavior [ RunTime:0.007148s ]
INFO: [ view_parse ] --END-- [ RunTime:0.007198s ]
INFO: [ view_filter ] --START--
INFO: Run Behavior\WriteHtmlCacheBehavior [ RunTime:0.000210s ]
INFO: [ view_filter ] --END-- [ RunTime:0.000249s ]
INFO: [ app_end ] --START--
INFO: Run Behavior\ShowPageTraceBehavior [ RunTime:0.000430s ]
INFO: [ app_end ] --END-- [ RunTime:0.000471s ]

[ 2015-10-31T15:12:25+08:00 ] 127.0.0.1 /schooladmin/index.php/home/index/two.html
INFO: [ app_init ] --START--
INFO: Run Behavior\BuildLiteBehavior [ RunTime:0.000011s ]
INFO: [ app_init ] --END-- [ RunTime:0.000283s ]
INFO: [ app_begin ] --START--
INFO: Run Behavior\ReadHtmlCacheBehavior [ RunTime:0.000376s ]
INFO: [ app_begin ] --END-- [ RunTime:0.000422s ]
SQL: SHOW COLUMNS FROM `school_message_2` [ RunTime:0.0047s ]
SQL: SELECT * FROM `school_message_2` WHERE `span_1` = '失物招领'  [ RunTime:0.0004s ]
INFO: [ view_parse ] --START--
INFO: [ template_filter ] --START--
INFO: Run Behavior\ContentReplaceBehavior [ RunTime:0.000066s ]
INFO: [ template_filter ] --END-- [ RunTime:0.000116s ]
INFO: Run Behavior\ParseTemplateBehavior [ RunTime:0.007060s ]
INFO: [ view_parse ] --END-- [ RunTime:0.007108s ]
INFO: [ view_filter ] --START--
INFO: Run Behavior\WriteHtmlCacheBehavior [ RunTime:0.000181s ]
INFO: [ view_filter ] --END-- [ RunTime:0.000216s ]
INFO: [ app_end ] --START--
INFO: Run Behavior\ShowPageTraceBehavior [ RunTime:0.000386s ]
INFO: [ app_end ] --END-- [ RunTime:0.000424s ]

