[ 2015-10-18T10:36:19+08:00 ] 127.0.0.1 /SchoolAdmin/
INFO: [ app_init ] --START--
INFO: Run Behavior\BuildLiteBehavior [ RunTime:0.000014s ]
INFO: [ app_init ] --END-- [ RunTime:0.000434s ]
INFO: [ app_begin ] --START--
INFO: Run Behavior\ReadHtmlCacheBehavior [ RunTime:0.004844s ]
INFO: [ app_begin ] --END-- [ RunTime:0.004920s ]
NOTIC: [8] Use of undefined constant index - assumed 'index' G:\wamp\www\SchoolAdmin\Application\Home\Controller\IndexController.class.php 第 6 行.
INFO: [ view_parse ] --START--
INFO: [ template_filter ] --START--
INFO: Run Behavior\ContentReplaceBehavior [ RunTime:0.000093s ]
INFO: [ template_filter ] --END-- [ RunTime:0.000152s ]
INFO: Run Behavior\ParseTemplateBehavior [ RunTime:0.056250s ]
INFO: [ view_parse ] --END-- [ RunTime:0.056307s ]
INFO: [ view_filter ] --START--
INFO: Run Behavior\WriteHtmlCacheBehavior [ RunTime:0.000492s ]
INFO: [ view_filter ] --END-- [ RunTime:0.000534s ]
INFO: [ app_end ] --START--
INFO: Run Behavior\ShowPageTraceBehavior [ RunTime:0.000660s ]
INFO: [ app_end ] --END-- [ RunTime:0.000700s ]

[ 2015-10-18T10:36:20+08:00 ] 127.0.0.1 /SchoolAdmin/index.php/home/index/Main
INFO: [ app_init ] --START--
INFO: Run Behavior\BuildLiteBehavior [ RunTime:0.000014s ]
INFO: [ app_init ] --END-- [ RunTime:0.000500s ]
INFO: [ app_begin ] --START--
INFO: Run Behavior\ReadHtmlCacheBehavior [ RunTime:0.000512s ]
INFO: [ app_begin ] --END-- [ RunTime:0.000581s ]
INFO: [ app_end ] --START--
INFO: Run Behavior\ShowPageTraceBehavior [ RunTime:0.000510s ]
INFO: [ app_end ] --END-- [ RunTime:0.000582s ]

[ 2015-10-18T10:36:20+08:00 ] 127.0.0.1 /SchoolAdmin/index.php/home/index/LeftMenu
INFO: [ app_init ] --START--
INFO: Run Behavior\BuildLiteBehavior [ RunTime:0.000013s ]
INFO: [ app_init ] --END-- [ RunTime:0.000418s ]
INFO: [ app_begin ] --START--
INFO: Run Behavior\ReadHtmlCacheBehavior [ RunTime:0.000647s ]
INFO: [ app_begin ] --END-- [ RunTime:0.000726s ]

[ 2015-10-18T10:36:21+08:00 ] 127.0.0.1 /schooladmin/index.php/home/index/two.html
INFO: [ app_init ] --START--
INFO: Run Behavior\BuildLiteBehavior [ RunTime:0.000022s ]
INFO: [ app_init ] --END-- [ RunTime:0.000643s ]
INFO: [ app_begin ] --START--
INFO: Run Behavior\ReadHtmlCacheBehavior [ RunTime:0.000829s ]
INFO: [ app_begin ] --END-- [ RunTime:0.000923s ]
SQL: SHOW COLUMNS FROM `school_message_2` [ RunTime:0.0133s ]
SQL: SELECT * FROM `school_message_2`  [ RunTime:0.0017s ]
INFO: [ view_parse ] --START--
INFO: [ template_filter ] --START--
INFO: Run Behavior\ContentReplaceBehavior [ RunTime:0.000141s ]
INFO: [ template_filter ] --END-- [ RunTime:0.000242s ]
NOTIC: [8] Undefined variable: T G:\wamp\www\SchoolAdmin\Application\Runtime\Cache\Home\e3e52dbb2b75b36bed43b3ed802654e0.php 第 215 行.
NOTIC: [8] Undefined variable: T G:\wamp\www\SchoolAdmin\Application\Runtime\Cache\Home\e3e52dbb2b75b36bed43b3ed802654e0.php 第 215 行.
NOTIC: [8] Undefined variable: T G:\wamp\www\SchoolAdmin\Application\Runtime\Cache\Home\e3e52dbb2b75b36bed43b3ed802654e0.php 第 215 行.
NOTIC: [8] Undefined variable: T G:\wamp\www\SchoolAdmin\Application\Runtime\Cache\Home\e3e52dbb2b75b36bed43b3ed802654e0.php 第 215 行.
NOTIC: [8] Undefined variable: T G:\wamp\www\SchoolAdmin\Application\Runtime\Cache\Home\e3e52dbb2b75b36bed43b3ed802654e0.php 第 215 行.
NOTIC: [8] Undefined variable: T G:\wamp\www\SchoolAdmin\Application\Runtime\Cache\Home\e3e52dbb2b75b36bed43b3ed802654e0.php 第 215 行.
NOTIC: [8] Undefined variable: T G:\wamp\www\SchoolAdmin\Application\Runtime\Cache\Home\e3e52dbb2b75b36bed43b3ed802654e0.php 第 215 行.
NOTIC: [8] Undefined variable: T G:\wamp\www\SchoolAdmin\Application\Runtime\Cache\Home\e3e52dbb2b75b36bed43b3ed802654e0.php 第 215 行.
NOTIC: [8] Undefined variable: T G:\wamp\www\SchoolAdmin\Application\Runtime\Cache\Home\e3e52dbb2b75b36bed43b3ed802654e0.php 第 215 行.
NOTIC: [8] Undefined variable: T G:\wamp\www\SchoolAdmin\Application\Runtime\Cache\Home\e3e52dbb2b75b36bed43b3ed802654e0.php 第 215 行.
NOTIC: [8] Undefined variable: T G:\wamp\www\SchoolAdmin\Application\Runtime\Cache\Home\e3e52dbb2b75b36bed43b3ed802654e0.php 第 215 行.
NOTIC: [8] Undefined variable: T G:\wamp\www\SchoolAdmin\Application\Runtime\Cache\Home\e3e52dbb2b75b36bed43b3ed802654e0.php 第 215 行.
NOTIC: [8] Undefined variable: T G:\wamp\www\SchoolAdmin\Application\Runtime\Cache\Home\e3e52dbb2b75b36bed43b3ed802654e0.php 第 215 行.
NOTIC: [8] Undefined variable: T G:\wamp\www\SchoolAdmin\Application\Runtime\Cache\Home\e3e52dbb2b75b36bed43b3ed802654e0.php 第 215 行.
INFO: Run Behavior\ParseTemplateBehavior [ RunTime:0.062883s ]
INFO: [ view_parse ] --END-- [ RunTime:0.063046s ]
INFO: [ view_filter ] --START--
INFO: Run Behavior\WriteHtmlCacheBehavior [ RunTime:0.000570s ]
INFO: [ view_filter ] --END-- [ RunTime:0.000653s ]
INFO: [ app_end ] --START--
INFO: Run Behavior\ShowPageTraceBehavior [ RunTime:0.000912s ]
INFO: [ app_end ] --END-- [ RunTime:0.001000s ]

