[ 2015-11-08T14:01:39+08:00 ] 127.0.0.1 /SchoolAdmin/
INFO: [ app_init ] --START--
INFO: Run Behavior\BuildLiteBehavior [ RunTime:0.000062s ]
INFO: [ app_init ] --END-- [ RunTime:0.019562s ]
INFO: [ app_begin ] --START--
INFO: Run Behavior\ReadHtmlCacheBehavior [ RunTime:0.017301s ]
INFO: [ app_begin ] --END-- [ RunTime:0.017621s ]
NOTIC: [8] Use of undefined constant index - assumed 'index' C:\wamp\www\SchoolAdmin\Application\Home\Controller\IndexController.class.php 第 6 行.
INFO: [ view_parse ] --START--
INFO: [ template_filter ] --START--
INFO: Run Behavior\ContentReplaceBehavior [ RunTime:0.000388s ]
INFO: [ template_filter ] --END-- [ RunTime:0.000640s ]
INFO: Run Behavior\ParseTemplateBehavior [ RunTime:0.107870s ]
INFO: [ view_parse ] --END-- [ RunTime:0.108166s ]
INFO: [ view_filter ] --START--
INFO: Run Behavior\WriteHtmlCacheBehavior [ RunTime:0.018469s ]
INFO: [ view_filter ] --END-- [ RunTime:0.018717s ]
INFO: [ app_end ] --START--
INFO: Run Behavior\ShowPageTraceBehavior [ RunTime:0.019110s ]
INFO: [ app_end ] --END-- [ RunTime:0.019386s ]

[ 2015-11-08T14:01:40+08:00 ] 127.0.0.1 /SchoolAdmin/index.php/home/index/Main
INFO: [ app_init ] --START--
INFO: Run Behavior\BuildLiteBehavior [ RunTime:0.000065s ]
INFO: [ app_init ] --END-- [ RunTime:0.001959s ]
INFO: [ app_begin ] --START--
INFO: Run Behavior\ReadHtmlCacheBehavior [ RunTime:0.003216s ]
INFO: [ app_begin ] --END-- [ RunTime:0.003529s ]
INFO: [ app_end ] --START--
INFO: Run Behavior\ShowPageTraceBehavior [ RunTime:0.003346s ]
INFO: [ app_end ] --END-- [ RunTime:0.003694s ]

[ 2015-11-08T14:01:40+08:00 ] 127.0.0.1 /SchoolAdmin/index.php/home/index/LeftMenu
INFO: [ app_init ] --START--
INFO: Run Behavior\BuildLiteBehavior [ RunTime:0.000064s ]
INFO: [ app_init ] --END-- [ RunTime:0.002000s ]
INFO: [ app_begin ] --START--
INFO: Run Behavior\ReadHtmlCacheBehavior [ RunTime:0.003409s ]
INFO: [ app_begin ] --END-- [ RunTime:0.003702s ]

[ 2015-11-08T14:01:44+08:00 ] 127.0.0.1 /schooladmin/index.php/home/index/two.html
INFO: [ app_init ] --START--
INFO: Run Behavior\BuildLiteBehavior [ RunTime:0.000061s ]
INFO: [ app_init ] --END-- [ RunTime:0.001875s ]
INFO: [ app_begin ] --START--
INFO: Run Behavior\ReadHtmlCacheBehavior [ RunTime:0.003080s ]
INFO: [ app_begin ] --END-- [ RunTime:0.003380s ]
SQL: SHOW COLUMNS FROM `school_message_2` [ RunTime:0.0240s ]
SQL: SELECT * FROM `school_message_2`  [ RunTime:0.0026s ]
INFO: [ view_parse ] --START--
INFO: [ template_filter ] --START--
INFO: Run Behavior\ContentReplaceBehavior [ RunTime:0.000324s ]
INFO: [ template_filter ] --END-- [ RunTime:0.000558s ]
INFO: Run Behavior\ParseTemplateBehavior [ RunTime:0.066048s ]
INFO: [ view_parse ] --END-- [ RunTime:0.066358s ]
INFO: [ view_filter ] --START--
INFO: Run Behavior\WriteHtmlCacheBehavior [ RunTime:0.001918s ]
INFO: [ view_filter ] --END-- [ RunTime:0.002153s ]
INFO: [ app_end ] --START--
INFO: Run Behavior\ShowPageTraceBehavior [ RunTime:0.003285s ]
INFO: [ app_end ] --END-- [ RunTime:0.003534s ]

