[ 2015-11-22T06:13:56+08:00 ] 42.62.74.74 /dzmp/index.php/Main/index4/id/29
INFO: [ route_check ] --START--
INFO: CheckRoute Behavior ::run [ RunTime:0.139734s ]
INFO: [ route_check ] --END-- [ RunTime:0.141110s ]
INFO: [ app_begin ] --START--
INFO: ReadHtmlCache Behavior ::run [ RunTime:0.013988s ]
INFO: [ app_begin ] --END-- [ RunTime:0.014155s ]
SQL: SHOW COLUMNS FROM `dzmp_user` [ RunTime:0.042364s ]
SQL: SELECT * FROM `dzmp_user` WHERE ( id = '29' )  [ RunTime:0.000422s ]
INFO: [ view_parse ] --START--
INFO: ParseTemplate Behavior ::run [ RunTime:0.101702s ]
INFO: [ view_parse ] --END-- [ RunTime:0.101830s ]
INFO: [ view_filter ] --START--
INFO: ContentReplace Behavior ::run [ RunTime:0.002736s ]
INFO: TokenBuild Behavior ::run [ RunTime:0.000861s ]
INFO: WriteHtmlCache Behavior ::run [ RunTime:0.000433s ]
INFO: ShowRuntime Behavior ::run [ RunTime:0.000654s ]
INFO: [ view_filter ] --END-- [ RunTime:0.004885s ]
INFO: [ view_end ] --START--
INFO: ShowPageTrace Behavior ::run [ RunTime:0.000822s ]
INFO: [ view_end ] --END-- [ RunTime:0.000890s ]

