[ 2015-11-17T15:00:03+08:00 ] 117.191.20.205 /dzmp/index.php/Main/index4/id/29
INFO: [ route_check ] --START--
INFO: CheckRoute Behavior ::run [ RunTime:0.014426s ]
INFO: [ route_check ] --END-- [ RunTime:0.014543s ]
INFO: [ app_begin ] --START--
INFO: ReadHtmlCache Behavior ::run [ RunTime:0.002867s ]
INFO: [ app_begin ] --END-- [ RunTime:0.002984s ]
SQL: SHOW COLUMNS FROM `dzmp_user` [ RunTime:0.045719s ]
SQL: SELECT * FROM `dzmp_user` WHERE ( id = '29' )  [ RunTime:0.009815s ]
INFO: [ view_parse ] --START--
INFO: ParseTemplate Behavior ::run [ RunTime:0.629133s ]
INFO: [ view_parse ] --END-- [ RunTime:0.629242s ]
INFO: [ view_filter ] --START--
INFO: ContentReplace Behavior ::run [ RunTime:0.007969s ]
INFO: TokenBuild Behavior ::run [ RunTime:0.008376s ]
INFO: WriteHtmlCache Behavior ::run [ RunTime:0.001116s ]
INFO: ShowRuntime Behavior ::run [ RunTime:0.000668s ]
INFO: [ view_filter ] --END-- [ RunTime:0.018328s ]
INFO: [ view_end ] --START--
INFO: ShowPageTrace Behavior ::run [ RunTime:0.000839s ]
INFO: [ view_end ] --END-- [ RunTime:0.000915s ]

