[ 2015-11-19T10:41:43+08:00 ] 42.62.74.71 /dzmp/index.php/Main/index4/id/28
INFO: [ route_check ] --START--
INFO: CheckRoute Behavior ::run [ RunTime:0.006608s ]
INFO: [ route_check ] --END-- [ RunTime:0.006807s ]
INFO: [ app_begin ] --START--
INFO: ReadHtmlCache Behavior ::run [ RunTime:0.004714s ]
INFO: [ app_begin ] --END-- [ RunTime:0.004892s ]
SQL: SHOW COLUMNS FROM `dzmp_user` [ RunTime:0.026494s ]
SQL: SELECT * FROM `dzmp_user` WHERE ( id = '28' )  [ RunTime:0.000401s ]
INFO: [ view_parse ] --START--
NOTIC: [8] Undefined variable: vo /www/users/shzlife.com/dzmp/Home/Runtime/Cache/e0eb2458d9863cd1e27cb32098f25dce.php 第 199 行.
INFO: ParseTemplate Behavior ::run [ RunTime:0.483205s ]
INFO: [ view_parse ] --END-- [ RunTime:0.483356s ]
INFO: [ view_filter ] --START--
INFO: ContentReplace Behavior ::run [ RunTime:0.023772s ]
INFO: TokenBuild Behavior ::run [ RunTime:0.000969s ]
INFO: WriteHtmlCache Behavior ::run [ RunTime:0.000666s ]
INFO: ShowRuntime Behavior ::run [ RunTime:0.001019s ]
INFO: [ view_filter ] --END-- [ RunTime:0.026809s ]
INFO: [ view_end ] --START--
INFO: ShowPageTrace Behavior ::run [ RunTime:0.001282s ]
INFO: [ view_end ] --END-- [ RunTime:0.001404s ]

