[ 2015-11-26T08:43:35+08:00 ] 120.69.89.138 /dzmp/index.php/Main/index4/id/29
INFO: [ route_check ] --START--
INFO: CheckRoute Behavior ::run [ RunTime:0.079022s ]
INFO: [ route_check ] --END-- [ RunTime:0.079278s ]
INFO: [ app_begin ] --START--
INFO: ReadHtmlCache Behavior ::run [ RunTime:0.044420s ]
INFO: [ app_begin ] --END-- [ RunTime:0.044610s ]
SQL: SHOW COLUMNS FROM `dzmp_user` [ RunTime:0.335246s ]
SQL: SELECT * FROM `dzmp_user` WHERE ( id = '29' )  [ RunTime:0.000471s ]
INFO: [ view_parse ] --START--
INFO: ParseTemplate Behavior ::run [ RunTime:1.529430s ]
INFO: [ view_parse ] --END-- [ RunTime:1.529606s ]
INFO: [ view_filter ] --START--
INFO: ContentReplace Behavior ::run [ RunTime:0.071796s ]
INFO: TokenBuild Behavior ::run [ RunTime:0.054370s ]
INFO: WriteHtmlCache Behavior ::run [ RunTime:0.000914s ]
INFO: ShowRuntime Behavior ::run [ RunTime:0.007033s ]
INFO: [ view_filter ] --END-- [ RunTime:0.134551s ]
INFO: [ view_end ] --START--
INFO: ShowPageTrace Behavior ::run [ RunTime:0.008490s ]
INFO: [ view_end ] --END-- [ RunTime:0.008623s ]

[ 2015-11-26T08:43:49+08:00 ] 120.69.94.45 /dzmp/index.php/Main/index4/id/29
INFO: [ route_check ] --START--
INFO: CheckRoute Behavior ::run [ RunTime:0.001398s ]
INFO: [ route_check ] --END-- [ RunTime:0.001597s ]
INFO: [ app_begin ] --START--
INFO: ReadHtmlCache Behavior ::run [ RunTime:0.000922s ]
INFO: [ app_begin ] --END-- [ RunTime:0.001066s ]
SQL: SHOW COLUMNS FROM `dzmp_user` [ RunTime:0.001501s ]
SQL: SELECT * FROM `dzmp_user` WHERE ( id = '29' )  [ RunTime:0.000411s ]
INFO: [ view_parse ] --START--
INFO: ParseTemplate Behavior ::run [ RunTime:0.016185s ]
INFO: [ view_parse ] --END-- [ RunTime:0.016333s ]
INFO: [ view_filter ] --START--
INFO: ContentReplace Behavior ::run [ RunTime:0.000599s ]
INFO: TokenBuild Behavior ::run [ RunTime:0.000599s ]
INFO: WriteHtmlCache Behavior ::run [ RunTime:0.000386s ]
INFO: ShowRuntime Behavior ::run [ RunTime:0.000679s ]
INFO: [ view_filter ] --END-- [ RunTime:0.002664s ]
INFO: [ view_end ] --START--
INFO: ShowPageTrace Behavior ::run [ RunTime:0.001037s ]
INFO: [ view_end ] --END-- [ RunTime:0.001163s ]

[ 2015-11-26T08:43:51+08:00 ] 120.69.89.138 /dzmp/index.php/Main/index4/id/29
INFO: [ route_check ] --START--
INFO: CheckRoute Behavior ::run [ RunTime:0.001442s ]
INFO: [ route_check ] --END-- [ RunTime:0.001635s ]
INFO: [ app_begin ] --START--
INFO: ReadHtmlCache Behavior ::run [ RunTime:0.000920s ]
INFO: [ app_begin ] --END-- [ RunTime:0.001059s ]
SQL: SHOW COLUMNS FROM `dzmp_user` [ RunTime:0.002169s ]
SQL: SELECT * FROM `dzmp_user` WHERE ( id = '29' )  [ RunTime:0.000507s ]
INFO: [ view_parse ] --START--
INFO: ParseTemplate Behavior ::run [ RunTime:0.016444s ]
INFO: [ view_parse ] --END-- [ RunTime:0.016608s ]
INFO: [ view_filter ] --START--
INFO: ContentReplace Behavior ::run [ RunTime:0.000651s ]
INFO: TokenBuild Behavior ::run [ RunTime:0.000655s ]
INFO: WriteHtmlCache Behavior ::run [ RunTime:0.000326s ]
INFO: ShowRuntime Behavior ::run [ RunTime:0.000859s ]
INFO: [ view_filter ] --END-- [ RunTime:0.002872s ]
INFO: [ view_end ] --START--
INFO: ShowPageTrace Behavior ::run [ RunTime:0.001430s ]
INFO: [ view_end ] --END-- [ RunTime:0.001621s ]

[ 2015-11-26T08:43:57+08:00 ] 120.69.89.138 /dzmp/index.php/Main/index4/id/29
INFO: [ route_check ] --START--
INFO: CheckRoute Behavior ::run [ RunTime:0.002165s ]
INFO: [ route_check ] --END-- [ RunTime:0.002431s ]
INFO: [ app_begin ] --START--
INFO: ReadHtmlCache Behavior ::run [ RunTime:0.001278s ]
INFO: [ app_begin ] --END-- [ RunTime:0.001494s ]
SQL: SHOW COLUMNS FROM `dzmp_user` [ RunTime:0.001920s ]
SQL: SELECT * FROM `dzmp_user` WHERE ( id = '29' )  [ RunTime:0.000422s ]
INFO: [ view_parse ] --START--
INFO: ParseTemplate Behavior ::run [ RunTime:0.019192s ]
INFO: [ view_parse ] --END-- [ RunTime:0.019409s ]
INFO: [ view_filter ] --START--
INFO: ContentReplace Behavior ::run [ RunTime:0.000540s ]
INFO: TokenBuild Behavior ::run [ RunTime:0.000934s ]
INFO: WriteHtmlCache Behavior ::run [ RunTime:0.000395s ]
INFO: ShowRuntime Behavior ::run [ RunTime:0.000601s ]
INFO: [ view_filter ] --END-- [ RunTime:0.003184s ]
INFO: [ view_end ] --START--
INFO: ShowPageTrace Behavior ::run [ RunTime:0.000957s ]
INFO: [ view_end ] --END-- [ RunTime:0.001076s ]

[ 2015-11-26T08:46:12+08:00 ] 120.69.94.45 /dzmp/index.php/Main/index4/id/29
INFO: [ route_check ] --START--
INFO: CheckRoute Behavior ::run [ RunTime:0.001263s ]
INFO: [ route_check ] --END-- [ RunTime:0.001441s ]
INFO: [ app_begin ] --START--
INFO: ReadHtmlCache Behavior ::run [ RunTime:0.000835s ]
INFO: [ app_begin ] --END-- [ RunTime:0.000974s ]
SQL: SHOW COLUMNS FROM `dzmp_user` [ RunTime:0.001627s ]
SQL: SELECT * FROM `dzmp_user` WHERE ( id = '29' )  [ RunTime:0.000674s ]
INFO: [ view_parse ] --START--
INFO: ParseTemplate Behavior ::run [ RunTime:0.021760s ]
INFO: [ view_parse ] --END-- [ RunTime:0.022004s ]
INFO: [ view_filter ] --START--
INFO: ContentReplace Behavior ::run [ RunTime:0.000891s ]
INFO: TokenBuild Behavior ::run [ RunTime:0.000946s ]
INFO: WriteHtmlCache Behavior ::run [ RunTime:0.000766s ]
INFO: ShowRuntime Behavior ::run [ RunTime:0.000777s ]
INFO: [ view_filter ] --END-- [ RunTime:0.003796s ]
INFO: [ view_end ] --START--
INFO: ShowPageTrace Behavior ::run [ RunTime:0.001748s ]
INFO: [ view_end ] --END-- [ RunTime:0.001896s ]

[ 2015-11-26T08:48:19+08:00 ] 120.69.94.45 /dzmp/index.php/Main/index4/id/29
INFO: [ route_check ] --START--
INFO: CheckRoute Behavior ::run [ RunTime:0.002070s ]
INFO: [ route_check ] --END-- [ RunTime:0.002327s ]
INFO: [ app_begin ] --START--
INFO: ReadHtmlCache Behavior ::run [ RunTime:0.001404s ]
INFO: [ app_begin ] --END-- [ RunTime:0.001631s ]
SQL: SHOW COLUMNS FROM `dzmp_user` [ RunTime:0.002242s ]
SQL: SELECT * FROM `dzmp_user` WHERE ( id = '29' )  [ RunTime:0.000593s ]
INFO: [ view_parse ] --START--
INFO: ParseTemplate Behavior ::run [ RunTime:0.021985s ]
INFO: [ view_parse ] --END-- [ RunTime:0.022139s ]
INFO: [ view_filter ] --START--
INFO: ContentReplace Behavior ::run [ RunTime:0.001117s ]
INFO: TokenBuild Behavior ::run [ RunTime:0.000938s ]
INFO: WriteHtmlCache Behavior ::run [ RunTime:0.000411s ]
INFO: ShowRuntime Behavior ::run [ RunTime:0.001552s ]
INFO: [ view_filter ] --END-- [ RunTime:0.004787s ]
INFO: [ view_end ] --START--
INFO: ShowPageTrace Behavior ::run [ RunTime:0.001228s ]
INFO: [ view_end ] --END-- [ RunTime:0.001637s ]

