[ 2015-11-03T00:04:28+08:00 ] 223.104.30.251 /dzmp/index.php/Main/index4/id/30
INFO: [ route_check ] --START--
INFO: CheckRoute Behavior ::run [ RunTime:0.001802s ]
INFO: [ route_check ] --END-- [ RunTime:0.002229s ]
INFO: [ app_begin ] --START--
INFO: ReadHtmlCache Behavior ::run [ RunTime:0.001102s ]
INFO: [ app_begin ] --END-- [ RunTime:0.001278s ]
SQL: SHOW COLUMNS FROM `dzmp_user` [ RunTime:0.001226s ]
SQL: SELECT * FROM `dzmp_user` WHERE ( id = '30' )  [ RunTime:0.000636s ]
INFO: [ view_parse ] --START--
INFO: ParseTemplate Behavior ::run [ RunTime:0.017977s ]
INFO: [ view_parse ] --END-- [ RunTime:0.018180s ]
INFO: [ view_filter ] --START--
INFO: ContentReplace Behavior ::run [ RunTime:0.000619s ]
INFO: TokenBuild Behavior ::run [ RunTime:0.000606s ]
INFO: WriteHtmlCache Behavior ::run [ RunTime:0.000328s ]
INFO: ShowRuntime Behavior ::run [ RunTime:0.000693s ]
INFO: [ view_filter ] --END-- [ RunTime:0.002574s ]
INFO: [ view_end ] --START--
INFO: ShowPageTrace Behavior ::run [ RunTime:0.000954s ]
INFO: [ view_end ] --END-- [ RunTime:0.001067s ]

[ 2015-11-03T02:50:13+08:00 ] 42.62.74.70 /dzmp/index.php/Main/index/id/24
INFO: [ route_check ] --START--
INFO: CheckRoute Behavior ::run [ RunTime:0.001857s ]
INFO: [ route_check ] --END-- [ RunTime:0.002120s ]
INFO: [ app_begin ] --START--
INFO: ReadHtmlCache Behavior ::run [ RunTime:0.000872s ]
INFO: [ app_begin ] --END-- [ RunTime:0.000995s ]
SQL: SHOW COLUMNS FROM `dzmp_user` [ RunTime:0.001570s ]
SQL: SELECT * FROM `dzmp_user` WHERE ( id = '24' )  [ RunTime:0.000364s ]
INFO: [ view_parse ] --START--
INFO: ParseTemplate Behavior ::run [ RunTime:0.046611s ]
INFO: [ view_parse ] --END-- [ RunTime:0.046831s ]
INFO: [ view_filter ] --START--
INFO: ContentReplace Behavior ::run [ RunTime:0.000619s ]
INFO: TokenBuild Behavior ::run [ RunTime:0.000581s ]
INFO: WriteHtmlCache Behavior ::run [ RunTime:0.000394s ]
INFO: ShowRuntime Behavior ::run [ RunTime:0.000753s ]
INFO: [ view_filter ] --END-- [ RunTime:0.002764s ]
INFO: [ view_end ] --START--
INFO: ShowPageTrace Behavior ::run [ RunTime:0.001019s ]
INFO: [ view_end ] --END-- [ RunTime:0.001173s ]

[ 2015-11-03T10:28:19+08:00 ] 14.17.34.190 /dzmp/index.php/Main/index1
INFO: [ route_check ] --START--
INFO: CheckRoute Behavior ::run [ RunTime:0.014250s ]
INFO: [ route_check ] --END-- [ RunTime:0.014504s ]
INFO: [ app_begin ] --START--
INFO: ReadHtmlCache Behavior ::run [ RunTime:0.008315s ]
INFO: [ app_begin ] --END-- [ RunTime:0.008473s ]
SQL: SHOW COLUMNS FROM `dzmp_user` [ RunTime:0.016223s ]
SQL: SELECT * FROM `dzmp_user`  [ RunTime:0.001096s ]
INFO: [ view_parse ] --START--
INFO: ParseTemplate Behavior ::run [ RunTime:0.107452s ]
INFO: [ view_parse ] --END-- [ RunTime:0.107653s ]
INFO: [ view_filter ] --START--
INFO: ContentReplace Behavior ::run [ RunTime:0.037049s ]
INFO: TokenBuild Behavior ::run [ RunTime:0.008485s ]
INFO: WriteHtmlCache Behavior ::run [ RunTime:0.001645s ]
INFO: ShowRuntime Behavior ::run [ RunTime:0.023215s ]
INFO: [ view_filter ] --END-- [ RunTime:0.070878s ]
INFO: [ view_end ] --START--
INFO: ShowPageTrace Behavior ::run [ RunTime:0.032952s ]
INFO: [ view_end ] --END-- [ RunTime:0.033097s ]

[ 2015-11-03T10:28:37+08:00 ] 110.155.197.49 /dzmp/index.php/Main/index1
INFO: [ route_check ] --START--
INFO: CheckRoute Behavior ::run [ RunTime:0.001369s ]
INFO: [ route_check ] --END-- [ RunTime:0.001624s ]
INFO: [ app_begin ] --START--
INFO: ReadHtmlCache Behavior ::run [ RunTime:0.000937s ]
INFO: [ app_begin ] --END-- [ RunTime:0.001117s ]
SQL: SHOW COLUMNS FROM `dzmp_user` [ RunTime:0.001550s ]
SQL: SELECT * FROM `dzmp_user`  [ RunTime:0.000583s ]
INFO: [ view_parse ] --START--
INFO: ParseTemplate Behavior ::run [ RunTime:0.016539s ]
INFO: [ view_parse ] --END-- [ RunTime:0.016752s ]
INFO: [ view_filter ] --START--
INFO: ContentReplace Behavior ::run [ RunTime:0.000723s ]
INFO: TokenBuild Behavior ::run [ RunTime:0.000535s ]
INFO: WriteHtmlCache Behavior ::run [ RunTime:0.000403s ]
INFO: ShowRuntime Behavior ::run [ RunTime:0.000678s ]
INFO: [ view_filter ] --END-- [ RunTime:0.002815s ]
INFO: [ view_end ] --START--
INFO: ShowPageTrace Behavior ::run [ RunTime:0.001021s ]
INFO: [ view_end ] --END-- [ RunTime:0.001147s ]

[ 2015-11-03T10:29:10+08:00 ] 110.155.197.49 /dzmp/index.php/Main/index2.html
INFO: [ route_check ] --START--
INFO: CheckRoute Behavior ::run [ RunTime:0.001332s ]
INFO: [ route_check ] --END-- [ RunTime:0.001548s ]
INFO: [ app_begin ] --START--
INFO: ReadHtmlCache Behavior ::run [ RunTime:0.000864s ]
INFO: [ app_begin ] --END-- [ RunTime:0.000981s ]
INFO: [ view_parse ] --START--
INFO: ParseTemplate Behavior ::run [ RunTime:0.035213s ]
INFO: [ view_parse ] --END-- [ RunTime:0.035381s ]
INFO: [ view_filter ] --START--
INFO: ContentReplace Behavior ::run [ RunTime:0.000807s ]
INFO: TokenBuild Behavior ::run [ RunTime:0.000629s ]
INFO: WriteHtmlCache Behavior ::run [ RunTime:0.000357s ]
INFO: ShowRuntime Behavior ::run [ RunTime:0.000823s ]
INFO: [ view_filter ] --END-- [ RunTime:0.003011s ]
INFO: [ view_end ] --START--
INFO: ShowPageTrace Behavior ::run [ RunTime:0.000971s ]
INFO: [ view_end ] --END-- [ RunTime:0.001086s ]

[ 2015-11-03T10:31:23+08:00 ] 119.147.146.189 /dzmp/index.php/Main/index1
INFO: [ route_check ] --START--
INFO: CheckRoute Behavior ::run [ RunTime:0.001421s ]
INFO: [ route_check ] --END-- [ RunTime:0.001568s ]
INFO: [ app_begin ] --START--
INFO: ReadHtmlCache Behavior ::run [ RunTime:0.000873s ]
INFO: [ app_begin ] --END-- [ RunTime:0.001011s ]
SQL: SHOW COLUMNS FROM `dzmp_user` [ RunTime:0.001884s ]
SQL: SELECT * FROM `dzmp_user`  [ RunTime:0.000407s ]
INFO: [ view_parse ] --START--
INFO: ParseTemplate Behavior ::run [ RunTime:0.015976s ]
INFO: [ view_parse ] --END-- [ RunTime:0.016254s ]
INFO: [ view_filter ] --START--
INFO: ContentReplace Behavior ::run [ RunTime:0.000758s ]
INFO: TokenBuild Behavior ::run [ RunTime:0.000553s ]
INFO: WriteHtmlCache Behavior ::run [ RunTime:0.000538s ]
INFO: ShowRuntime Behavior ::run [ RunTime:0.000768s ]
INFO: [ view_filter ] --END-- [ RunTime:0.003041s ]
INFO: [ view_end ] --START--
INFO: ShowPageTrace Behavior ::run [ RunTime:0.001020s ]
INFO: [ view_end ] --END-- [ RunTime:0.001151s ]

[ 2015-11-03T10:54:22+08:00 ] 110.155.197.49 /dzmp/index.php/Main/add_pass
INFO: [ route_check ] --START--
INFO: CheckRoute Behavior ::run [ RunTime:0.001280s ]
INFO: [ route_check ] --END-- [ RunTime:0.001450s ]
INFO: [ app_begin ] --START--
INFO: ReadHtmlCache Behavior ::run [ RunTime:0.000870s ]
INFO: [ app_begin ] --END-- [ RunTime:0.000998s ]
NOTIC: [8] Use of undefined constant ture - assumed 'ture' /www/users/shzlife.com/dzmp/Home/Lib/Action/MainAction.class.php 第 49 行.
SQL: SHOW COLUMNS FROM `dzmp_user` [ RunTime:0.001249s ]
SQL: INSERT INTO `dzmp_user` (`name`,`job`,`tel`,`phone`,`fix`,`img`,`background`) VALUES ('张贤军','石河子总场场长、北泉镇镇长','0993-2251566','13909935196','0993-2251432','563821da1a32b.JPG','563821dd357b0.jpg') [ RunTime:0.002478s ]
INFO: [ view_parse ] --START--
INFO: ParseTemplate Behavior ::run [ RunTime:0.073359s ]
INFO: [ view_parse ] --END-- [ RunTime:0.073518s ]
INFO: [ view_filter ] --START--
INFO: ContentReplace Behavior ::run [ RunTime:0.000647s ]
INFO: TokenBuild Behavior ::run [ RunTime:0.000600s ]
INFO: WriteHtmlCache Behavior ::run [ RunTime:0.000410s ]
INFO: ShowRuntime Behavior ::run [ RunTime:0.000780s ]
INFO: [ view_filter ] --END-- [ RunTime:0.002839s ]
INFO: [ view_end ] --START--
INFO: ShowPageTrace Behavior ::run [ RunTime:0.000963s ]
INFO: [ view_end ] --END-- [ RunTime:0.001075s ]

[ 2015-11-03T10:54:23+08:00 ] 110.155.197.49 /dzmp/index.php/Main/index1
INFO: [ route_check ] --START--
INFO: CheckRoute Behavior ::run [ RunTime:0.001542s ]
INFO: [ route_check ] --END-- [ RunTime:0.001805s ]
INFO: [ app_begin ] --START--
INFO: ReadHtmlCache Behavior ::run [ RunTime:0.001300s ]
INFO: [ app_begin ] --END-- [ RunTime:0.001448s ]
SQL: SHOW COLUMNS FROM `dzmp_user` [ RunTime:0.001290s ]
SQL: SELECT * FROM `dzmp_user`  [ RunTime:0.000378s ]
INFO: [ view_parse ] --START--
INFO: ParseTemplate Behavior ::run [ RunTime:0.016233s ]
INFO: [ view_parse ] --END-- [ RunTime:0.016408s ]
INFO: [ view_filter ] --START--
INFO: ContentReplace Behavior ::run [ RunTime:0.000812s ]
INFO: TokenBuild Behavior ::run [ RunTime:0.000565s ]
INFO: WriteHtmlCache Behavior ::run [ RunTime:0.000400s ]
INFO: ShowRuntime Behavior ::run [ RunTime:0.000736s ]
INFO: [ view_filter ] --END-- [ RunTime:0.002928s ]
INFO: [ view_end ] --START--
INFO: ShowPageTrace Behavior ::run [ RunTime:0.000963s ]
INFO: [ view_end ] --END-- [ RunTime:0.001109s ]

[ 2015-11-03T10:54:33+08:00 ] 110.155.197.49 /dzmp/index.php/Main/index4/id/31
INFO: [ route_check ] --START--
INFO: CheckRoute Behavior ::run [ RunTime:0.001595s ]
INFO: [ route_check ] --END-- [ RunTime:0.001869s ]
INFO: [ app_begin ] --START--
INFO: ReadHtmlCache Behavior ::run [ RunTime:0.001006s ]
INFO: [ app_begin ] --END-- [ RunTime:0.001225s ]
SQL: SHOW COLUMNS FROM `dzmp_user` [ RunTime:0.001258s ]
SQL: SELECT * FROM `dzmp_user` WHERE ( id = '31' )  [ RunTime:0.000434s ]
INFO: [ view_parse ] --START--
INFO: ParseTemplate Behavior ::run [ RunTime:0.032216s ]
INFO: [ view_parse ] --END-- [ RunTime:0.032395s ]
INFO: [ view_filter ] --START--
INFO: ContentReplace Behavior ::run [ RunTime:0.000739s ]
INFO: TokenBuild Behavior ::run [ RunTime:0.000627s ]
INFO: WriteHtmlCache Behavior ::run [ RunTime:0.000365s ]
INFO: ShowRuntime Behavior ::run [ RunTime:0.000738s ]
INFO: [ view_filter ] --END-- [ RunTime:0.002826s ]
INFO: [ view_end ] --START--
INFO: ShowPageTrace Behavior ::run [ RunTime:0.001125s ]
INFO: [ view_end ] --END-- [ RunTime:0.001255s ]

[ 2015-11-03T11:23:48+08:00 ] 110.155.197.49 /dzmp/index.php/Main/index1
INFO: [ route_check ] --START--
INFO: CheckRoute Behavior ::run [ RunTime:0.001561s ]
INFO: [ route_check ] --END-- [ RunTime:0.001740s ]
INFO: [ app_begin ] --START--
INFO: ReadHtmlCache Behavior ::run [ RunTime:0.000876s ]
INFO: [ app_begin ] --END-- [ RunTime:0.001028s ]
SQL: SHOW COLUMNS FROM `dzmp_user` [ RunTime:0.001417s ]
SQL: SELECT * FROM `dzmp_user`  [ RunTime:0.000417s ]
INFO: [ view_parse ] --START--
INFO: ParseTemplate Behavior ::run [ RunTime:0.016669s ]
INFO: [ view_parse ] --END-- [ RunTime:0.016818s ]
INFO: [ view_filter ] --START--
INFO: ContentReplace Behavior ::run [ RunTime:0.000846s ]
INFO: TokenBuild Behavior ::run [ RunTime:0.000605s ]
INFO: WriteHtmlCache Behavior ::run [ RunTime:0.000421s ]
INFO: ShowRuntime Behavior ::run [ RunTime:0.000760s ]
INFO: [ view_filter ] --END-- [ RunTime:0.002995s ]
INFO: [ view_end ] --START--
INFO: ShowPageTrace Behavior ::run [ RunTime:0.001032s ]
INFO: [ view_end ] --END-- [ RunTime:0.001200s ]

[ 2015-11-03T15:23:38+08:00 ] 36.96.94.226 /dzmp/index.php/Main/index1
INFO: [ route_check ] --START--
INFO: CheckRoute Behavior ::run [ RunTime:0.012143s ]
INFO: [ route_check ] --END-- [ RunTime:0.012335s ]
INFO: [ app_begin ] --START--
INFO: ReadHtmlCache Behavior ::run [ RunTime:0.009733s ]
INFO: [ app_begin ] --END-- [ RunTime:0.009917s ]
SQL: SHOW COLUMNS FROM `dzmp_user` [ RunTime:0.013427s ]
SQL: SELECT * FROM `dzmp_user`  [ RunTime:0.000605s ]
INFO: [ view_parse ] --START--
INFO: ParseTemplate Behavior ::run [ RunTime:0.097926s ]
INFO: [ view_parse ] --END-- [ RunTime:0.098129s ]
INFO: [ view_filter ] --START--
INFO: ContentReplace Behavior ::run [ RunTime:0.001099s ]
INFO: TokenBuild Behavior ::run [ RunTime:0.007075s ]
INFO: WriteHtmlCache Behavior ::run [ RunTime:0.000658s ]
INFO: ShowRuntime Behavior ::run [ RunTime:0.000814s ]
INFO: [ view_filter ] --END-- [ RunTime:0.010001s ]
INFO: [ view_end ] --START--
INFO: ShowPageTrace Behavior ::run [ RunTime:0.001065s ]
INFO: [ view_end ] --END-- [ RunTime:0.001161s ]

[ 2015-11-03T15:39:10+08:00 ] 36.96.94.226 /dzmp/index.php/Main/index1
INFO: [ route_check ] --START--
INFO: CheckRoute Behavior ::run [ RunTime:0.001547s ]
INFO: [ route_check ] --END-- [ RunTime:0.001751s ]
INFO: [ app_begin ] --START--
INFO: ReadHtmlCache Behavior ::run [ RunTime:0.001012s ]
INFO: [ app_begin ] --END-- [ RunTime:0.001163s ]
SQL: SHOW COLUMNS FROM `dzmp_user` [ RunTime:0.001520s ]
SQL: SELECT * FROM `dzmp_user`  [ RunTime:0.000607s ]
INFO: [ view_parse ] --START--
INFO: ParseTemplate Behavior ::run [ RunTime:0.017129s ]
INFO: [ view_parse ] --END-- [ RunTime:0.017301s ]
INFO: [ view_filter ] --START--
INFO: ContentReplace Behavior ::run [ RunTime:0.000758s ]
INFO: TokenBuild Behavior ::run [ RunTime:0.000577s ]
INFO: WriteHtmlCache Behavior ::run [ RunTime:0.000444s ]
INFO: ShowRuntime Behavior ::run [ RunTime:0.000690s ]
INFO: [ view_filter ] --END-- [ RunTime:0.002997s ]
INFO: [ view_end ] --START--
INFO: ShowPageTrace Behavior ::run [ RunTime:0.001008s ]
INFO: [ view_end ] --END-- [ RunTime:0.001141s ]

[ 2015-11-03T15:39:17+08:00 ] 36.96.94.226 /dzmp/index.php/Main/index2.html
INFO: [ route_check ] --START--
INFO: CheckRoute Behavior ::run [ RunTime:0.001399s ]
INFO: [ route_check ] --END-- [ RunTime:0.001563s ]
INFO: [ app_begin ] --START--
INFO: ReadHtmlCache Behavior ::run [ RunTime:0.000819s ]
INFO: [ app_begin ] --END-- [ RunTime:0.000953s ]
INFO: [ view_parse ] --START--
INFO: ParseTemplate Behavior ::run [ RunTime:0.013502s ]
INFO: [ view_parse ] --END-- [ RunTime:0.013662s ]
INFO: [ view_filter ] --START--
INFO: ContentReplace Behavior ::run [ RunTime:0.000866s ]
INFO: TokenBuild Behavior ::run [ RunTime:0.000682s ]
INFO: WriteHtmlCache Behavior ::run [ RunTime:0.000347s ]
INFO: ShowRuntime Behavior ::run [ RunTime:0.000729s ]
INFO: [ view_filter ] --END-- [ RunTime:0.003058s ]
INFO: [ view_end ] --START--
INFO: ShowPageTrace Behavior ::run [ RunTime:0.000918s ]
INFO: [ view_end ] --END-- [ RunTime:0.001032s ]

[ 2015-11-03T15:40:26+08:00 ] 36.96.94.226 /dzmp/index.php/Main/add_pass
INFO: [ route_check ] --START--
INFO: CheckRoute Behavior ::run [ RunTime:0.001392s ]
INFO: [ route_check ] --END-- [ RunTime:0.001542s ]
INFO: [ app_begin ] --START--
INFO: ReadHtmlCache Behavior ::run [ RunTime:0.000894s ]
INFO: [ app_begin ] --END-- [ RunTime:0.001013s ]
NOTIC: [8] Use of undefined constant ture - assumed 'ture' /www/users/shzlife.com/dzmp/Home/Lib/Action/MainAction.class.php 第 49 行.
SQL: SHOW COLUMNS FROM `dzmp_user` [ RunTime:0.001055s ]
SQL: INSERT INTO `dzmp_user` (`company`,`name`,`job`,`tel`,`phone`,`fix`,`personal_text`,`img`,`background`) VALUES ('2141324','13241324','214','111111111111111','asf','134523','214132451322222214132451322222214132451322222214132451322222214132451322222214132451322222214132451322222214132451322222214132451322222214132451322222214132451322222214132451322222214132451322222214132451322222214132451322222214132451322222214132451322222214132451322222214132451322222214132451322222214132451322222214132451322222214132451322222214132451322222214132451322222214132451322222214132451322222214132451322222214132451322222214132451322222214132451322222214132451322222','563864e93d203.jpg','563864ea1f768.jpg') [ RunTime:0.001762s ]
INFO: [ view_parse ] --START--
INFO: ParseTemplate Behavior ::run [ RunTime:0.153063s ]
INFO: [ view_parse ] --END-- [ RunTime:0.153361s ]
INFO: [ view_filter ] --START--
INFO: ContentReplace Behavior ::run [ RunTime:0.000409s ]
INFO: TokenBuild Behavior ::run [ RunTime:0.000534s ]
INFO: WriteHtmlCache Behavior ::run [ RunTime:0.000275s ]
INFO: ShowRuntime Behavior ::run [ RunTime:0.000601s ]
INFO: [ view_filter ] --END-- [ RunTime:0.002076s ]
INFO: [ view_end ] --START--
INFO: ShowPageTrace Behavior ::run [ RunTime:0.000769s ]
INFO: [ view_end ] --END-- [ RunTime:0.000864s ]

[ 2015-11-03T15:40:28+08:00 ] 36.96.94.226 /dzmp/index.php/Main/index1
INFO: [ route_check ] --START--
INFO: CheckRoute Behavior ::run [ RunTime:0.001311s ]
INFO: [ route_check ] --END-- [ RunTime:0.001466s ]
INFO: [ app_begin ] --START--
INFO: ReadHtmlCache Behavior ::run [ RunTime:0.000862s ]
INFO: [ app_begin ] --END-- [ RunTime:0.000982s ]
SQL: SHOW COLUMNS FROM `dzmp_user` [ RunTime:0.001225s ]
SQL: SELECT * FROM `dzmp_user`  [ RunTime:0.000392s ]
INFO: [ view_parse ] --START--
INFO: ParseTemplate Behavior ::run [ RunTime:0.015378s ]
INFO: [ view_parse ] --END-- [ RunTime:0.015540s ]
INFO: [ view_filter ] --START--
INFO: ContentReplace Behavior ::run [ RunTime:0.000812s ]
INFO: TokenBuild Behavior ::run [ RunTime:0.000609s ]
INFO: WriteHtmlCache Behavior ::run [ RunTime:0.000333s ]
INFO: ShowRuntime Behavior ::run [ RunTime:0.000714s ]
INFO: [ view_filter ] --END-- [ RunTime:0.002838s ]
INFO: [ view_end ] --START--
INFO: ShowPageTrace Behavior ::run [ RunTime:0.000915s ]
INFO: [ view_end ] --END-- [ RunTime:0.001031s ]

[ 2015-11-03T15:40:33+08:00 ] 36.96.94.226 /dzmp/index.php/Main/index4/id/32
INFO: [ route_check ] --START--
INFO: CheckRoute Behavior ::run [ RunTime:0.001298s ]
INFO: [ route_check ] --END-- [ RunTime:0.001450s ]
INFO: [ app_begin ] --START--
INFO: ReadHtmlCache Behavior ::run [ RunTime:0.000884s ]
INFO: [ app_begin ] --END-- [ RunTime:0.001006s ]
SQL: SHOW COLUMNS FROM `dzmp_user` [ RunTime:0.001392s ]
SQL: SELECT * FROM `dzmp_user` WHERE ( id = '32' )  [ RunTime:0.000397s ]
INFO: [ view_parse ] --START--
INFO: ParseTemplate Behavior ::run [ RunTime:0.016805s ]
INFO: [ view_parse ] --END-- [ RunTime:0.016961s ]
INFO: [ view_filter ] --START--
INFO: ContentReplace Behavior ::run [ RunTime:0.000596s ]
INFO: TokenBuild Behavior ::run [ RunTime:0.000606s ]
INFO: WriteHtmlCache Behavior ::run [ RunTime:0.000376s ]
INFO: ShowRuntime Behavior ::run [ RunTime:0.000723s ]
INFO: [ view_filter ] --END-- [ RunTime:0.002694s ]
INFO: [ view_end ] --START--
INFO: ShowPageTrace Behavior ::run [ RunTime:0.000949s ]
INFO: [ view_end ] --END-- [ RunTime:0.001130s ]

[ 2015-11-03T15:40:59+08:00 ] 36.96.94.226 /dzmp/index.php/Main/index2.html
INFO: [ route_check ] --START--
INFO: CheckRoute Behavior ::run [ RunTime:0.001312s ]
INFO: [ route_check ] --END-- [ RunTime:0.001464s ]
INFO: [ app_begin ] --START--
INFO: ReadHtmlCache Behavior ::run [ RunTime:0.000936s ]
INFO: [ app_begin ] --END-- [ RunTime:0.001084s ]
INFO: [ view_parse ] --START--
INFO: ParseTemplate Behavior ::run [ RunTime:0.013758s ]
INFO: [ view_parse ] --END-- [ RunTime:0.013892s ]
INFO: [ view_filter ] --START--
INFO: ContentReplace Behavior ::run [ RunTime:0.000638s ]
INFO: TokenBuild Behavior ::run [ RunTime:0.000562s ]
INFO: WriteHtmlCache Behavior ::run [ RunTime:0.000370s ]
INFO: ShowRuntime Behavior ::run [ RunTime:0.000746s ]
INFO: [ view_filter ] --END-- [ RunTime:0.002663s ]
INFO: [ view_end ] --START--
INFO: ShowPageTrace Behavior ::run [ RunTime:0.001189s ]
INFO: [ view_end ] --END-- [ RunTime:0.001440s ]

[ 2015-11-03T15:41:15+08:00 ] 36.96.94.226 /dzmp/index.php/Main/index2.html
INFO: [ route_check ] --START--
INFO: CheckRoute Behavior ::run [ RunTime:0.001532s ]
INFO: [ route_check ] --END-- [ RunTime:0.001750s ]
INFO: [ app_begin ] --START--
INFO: ReadHtmlCache Behavior ::run [ RunTime:0.000914s ]
INFO: [ app_begin ] --END-- [ RunTime:0.001040s ]
INFO: [ view_parse ] --START--
INFO: ParseTemplate Behavior ::run [ RunTime:0.013296s ]
INFO: [ view_parse ] --END-- [ RunTime:0.013519s ]
INFO: [ view_filter ] --START--
INFO: ContentReplace Behavior ::run [ RunTime:0.000617s ]
INFO: TokenBuild Behavior ::run [ RunTime:0.000673s ]
INFO: WriteHtmlCache Behavior ::run [ RunTime:0.000441s ]
INFO: ShowRuntime Behavior ::run [ RunTime:0.000685s ]
INFO: [ view_filter ] --END-- [ RunTime:0.002763s ]
INFO: [ view_end ] --START--
INFO: ShowPageTrace Behavior ::run [ RunTime:0.000992s ]
INFO: [ view_end ] --END-- [ RunTime:0.001126s ]

[ 2015-11-03T15:41:20+08:00 ] 36.96.94.226 /dzmp/index.php/Main/index1.html
INFO: [ route_check ] --START--
INFO: CheckRoute Behavior ::run [ RunTime:0.001333s ]
INFO: [ route_check ] --END-- [ RunTime:0.001535s ]
INFO: [ app_begin ] --START--
INFO: ReadHtmlCache Behavior ::run [ RunTime:0.000796s ]
INFO: [ app_begin ] --END-- [ RunTime:0.000991s ]
SQL: SHOW COLUMNS FROM `dzmp_user` [ RunTime:0.001294s ]
SQL: SELECT * FROM `dzmp_user`  [ RunTime:0.000462s ]
INFO: [ view_parse ] --START--
INFO: ParseTemplate Behavior ::run [ RunTime:0.015287s ]
INFO: [ view_parse ] --END-- [ RunTime:0.015505s ]
INFO: [ view_filter ] --START--
INFO: ContentReplace Behavior ::run [ RunTime:0.000709s ]
INFO: TokenBuild Behavior ::run [ RunTime:0.000552s ]
INFO: WriteHtmlCache Behavior ::run [ RunTime:0.000399s ]
INFO: ShowRuntime Behavior ::run [ RunTime:0.000652s ]
INFO: [ view_filter ] --END-- [ RunTime:0.002770s ]
INFO: [ view_end ] --START--
INFO: ShowPageTrace Behavior ::run [ RunTime:0.000910s ]
INFO: [ view_end ] --END-- [ RunTime:0.001046s ]

[ 2015-11-03T15:41:22+08:00 ] 36.96.94.226 /dzmp/index.php/Main/index2.html
INFO: [ route_check ] --START--
INFO: CheckRoute Behavior ::run [ RunTime:0.000665s ]
INFO: [ route_check ] --END-- [ RunTime:0.000778s ]
INFO: [ app_begin ] --START--
INFO: ReadHtmlCache Behavior ::run [ RunTime:0.000479s ]
INFO: [ app_begin ] --END-- [ RunTime:0.000544s ]
INFO: [ view_parse ] --START--
INFO: ParseTemplate Behavior ::run [ RunTime:0.006621s ]
INFO: [ view_parse ] --END-- [ RunTime:0.006704s ]
INFO: [ view_filter ] --START--
INFO: ContentReplace Behavior ::run [ RunTime:0.000315s ]
INFO: TokenBuild Behavior ::run [ RunTime:0.000266s ]
INFO: WriteHtmlCache Behavior ::run [ RunTime:0.000185s ]
INFO: ShowRuntime Behavior ::run [ RunTime:0.000375s ]
INFO: [ view_filter ] --END-- [ RunTime:0.001333s ]
INFO: [ view_end ] --START--
INFO: ShowPageTrace Behavior ::run [ RunTime:0.000435s ]
INFO: [ view_end ] --END-- [ RunTime:0.000512s ]

[ 2015-11-03T15:41:24+08:00 ] 36.96.94.226 /dzmp/index.php/Main/index1.html
INFO: [ route_check ] --START--
INFO: CheckRoute Behavior ::run [ RunTime:0.000659s ]
INFO: [ route_check ] --END-- [ RunTime:0.000771s ]
INFO: [ app_begin ] --START--
INFO: ReadHtmlCache Behavior ::run [ RunTime:0.000420s ]
INFO: [ app_begin ] --END-- [ RunTime:0.000481s ]
SQL: SHOW COLUMNS FROM `dzmp_user` [ RunTime:0.000643s ]
SQL: SELECT * FROM `dzmp_user`  [ RunTime:0.000199s ]
INFO: [ view_parse ] --START--
INFO: ParseTemplate Behavior ::run [ RunTime:0.007985s ]
INFO: [ view_parse ] --END-- [ RunTime:0.008067s ]
INFO: [ view_filter ] --START--
INFO: ContentReplace Behavior ::run [ RunTime:0.000453s ]
INFO: TokenBuild Behavior ::run [ RunTime:0.000290s ]
INFO: WriteHtmlCache Behavior ::run [ RunTime:0.000171s ]
INFO: ShowRuntime Behavior ::run [ RunTime:0.000361s ]
INFO: [ view_filter ] --END-- [ RunTime:0.001448s ]
INFO: [ view_end ] --START--
INFO: ShowPageTrace Behavior ::run [ RunTime:0.000435s ]
INFO: [ view_end ] --END-- [ RunTime:0.000510s ]

[ 2015-11-03T15:41:28+08:00 ] 36.96.94.226 /dzmp/index.php/Main/del/id/32
INFO: [ route_check ] --START--
INFO: CheckRoute Behavior ::run [ RunTime:0.001303s ]
INFO: [ route_check ] --END-- [ RunTime:0.001459s ]
INFO: [ app_begin ] --START--
INFO: ReadHtmlCache Behavior ::run [ RunTime:0.000795s ]
INFO: [ app_begin ] --END-- [ RunTime:0.000917s ]
SQL: SHOW COLUMNS FROM `dzmp_user` [ RunTime:0.001337s ]
SQL: DELETE FROM `dzmp_user` WHERE ( id = '32' ) [ RunTime:0.019183s ]

[ 2015-11-03T15:41:28+08:00 ] 36.96.94.226 /dzmp/index.php/Main/index1.html
INFO: [ route_check ] --START--
INFO: CheckRoute Behavior ::run [ RunTime:0.001278s ]
INFO: [ route_check ] --END-- [ RunTime:0.001426s ]
INFO: [ app_begin ] --START--
INFO: ReadHtmlCache Behavior ::run [ RunTime:0.000751s ]
INFO: [ app_begin ] --END-- [ RunTime:0.000925s ]
SQL: SHOW COLUMNS FROM `dzmp_user` [ RunTime:0.001412s ]
SQL: SELECT * FROM `dzmp_user`  [ RunTime:0.000583s ]
INFO: [ view_parse ] --START--
INFO: ParseTemplate Behavior ::run [ RunTime:0.015594s ]
INFO: [ view_parse ] --END-- [ RunTime:0.015738s ]
INFO: [ view_filter ] --START--
INFO: ContentReplace Behavior ::run [ RunTime:0.000760s ]
INFO: TokenBuild Behavior ::run [ RunTime:0.000627s ]
INFO: WriteHtmlCache Behavior ::run [ RunTime:0.000328s ]
INFO: ShowRuntime Behavior ::run [ RunTime:0.000704s ]
INFO: [ view_filter ] --END-- [ RunTime:0.002747s ]
INFO: [ view_end ] --START--
INFO: ShowPageTrace Behavior ::run [ RunTime:0.000915s ]
INFO: [ view_end ] --END-- [ RunTime:0.001031s ]

[ 2015-11-03T15:41:41+08:00 ] 36.96.94.226 /dzmp/index.php/Main/del/id/20
INFO: [ route_check ] --START--
INFO: CheckRoute Behavior ::run [ RunTime:0.001355s ]
INFO: [ route_check ] --END-- [ RunTime:0.001511s ]
INFO: [ app_begin ] --START--
INFO: ReadHtmlCache Behavior ::run [ RunTime:0.000761s ]
INFO: [ app_begin ] --END-- [ RunTime:0.000936s ]
SQL: SHOW COLUMNS FROM `dzmp_user` [ RunTime:0.001261s ]
SQL: DELETE FROM `dzmp_user` WHERE ( id = '20' ) [ RunTime:0.002526s ]

[ 2015-11-03T15:41:42+08:00 ] 36.96.94.226 /dzmp/index.php/Main/index1.html
INFO: [ route_check ] --START--
INFO: CheckRoute Behavior ::run [ RunTime:0.001367s ]
INFO: [ route_check ] --END-- [ RunTime:0.001570s ]
INFO: [ app_begin ] --START--
INFO: ReadHtmlCache Behavior ::run [ RunTime:0.000838s ]
INFO: [ app_begin ] --END-- [ RunTime:0.000958s ]
SQL: SHOW COLUMNS FROM `dzmp_user` [ RunTime:0.001324s ]
SQL: SELECT * FROM `dzmp_user`  [ RunTime:0.000426s ]
INFO: [ view_parse ] --START--
INFO: ParseTemplate Behavior ::run [ RunTime:0.016277s ]
INFO: [ view_parse ] --END-- [ RunTime:0.016459s ]
INFO: [ view_filter ] --START--
INFO: ContentReplace Behavior ::run [ RunTime:0.000705s ]
INFO: TokenBuild Behavior ::run [ RunTime:0.000610s ]
INFO: WriteHtmlCache Behavior ::run [ RunTime:0.000326s ]
INFO: ShowRuntime Behavior ::run [ RunTime:0.000706s ]
INFO: [ view_filter ] --END-- [ RunTime:0.002711s ]
INFO: [ view_end ] --START--
INFO: ShowPageTrace Behavior ::run [ RunTime:0.001015s ]
INFO: [ view_end ] --END-- [ RunTime:0.001180s ]

[ 2015-11-03T15:41:43+08:00 ] 36.96.94.226 /dzmp/index.php/Main/del/id/22
INFO: [ route_check ] --START--
INFO: CheckRoute Behavior ::run [ RunTime:0.001363s ]
INFO: [ route_check ] --END-- [ RunTime:0.001514s ]
INFO: [ app_begin ] --START--
INFO: ReadHtmlCache Behavior ::run [ RunTime:0.001139s ]
INFO: [ app_begin ] --END-- [ RunTime:0.001267s ]
SQL: SHOW COLUMNS FROM `dzmp_user` [ RunTime:0.001231s ]
SQL: DELETE FROM `dzmp_user` WHERE ( id = '22' ) [ RunTime:0.002520s ]

[ 2015-11-03T15:41:44+08:00 ] 36.96.94.226 /dzmp/index.php/Main/index1.html
INFO: [ route_check ] --START--
INFO: CheckRoute Behavior ::run [ RunTime:0.001442s ]
INFO: [ route_check ] --END-- [ RunTime:0.001600s ]
INFO: [ app_begin ] --START--
INFO: ReadHtmlCache Behavior ::run [ RunTime:0.000893s ]
INFO: [ app_begin ] --END-- [ RunTime:0.001017s ]
SQL: SHOW COLUMNS FROM `dzmp_user` [ RunTime:0.001161s ]
SQL: SELECT * FROM `dzmp_user`  [ RunTime:0.000344s ]
INFO: [ view_parse ] --START--
INFO: ParseTemplate Behavior ::run [ RunTime:0.015236s ]
INFO: [ view_parse ] --END-- [ RunTime:0.015418s ]
INFO: [ view_filter ] --START--
INFO: ContentReplace Behavior ::run [ RunTime:0.000706s ]
INFO: TokenBuild Behavior ::run [ RunTime:0.000580s ]
INFO: WriteHtmlCache Behavior ::run [ RunTime:0.000343s ]
INFO: ShowRuntime Behavior ::run [ RunTime:0.000649s ]
INFO: [ view_filter ] --END-- [ RunTime:0.002637s ]
INFO: [ view_end ] --START--
INFO: ShowPageTrace Behavior ::run [ RunTime:0.000888s ]
INFO: [ view_end ] --END-- [ RunTime:0.000998s ]

[ 2015-11-03T15:41:45+08:00 ] 36.96.94.226 /dzmp/index.php/Main/del/id/27
INFO: [ route_check ] --START--
INFO: CheckRoute Behavior ::run [ RunTime:0.001174s ]
INFO: [ route_check ] --END-- [ RunTime:0.001401s ]
INFO: [ app_begin ] --START--
INFO: ReadHtmlCache Behavior ::run [ RunTime:0.000774s ]
INFO: [ app_begin ] --END-- [ RunTime:0.000902s ]
SQL: SHOW COLUMNS FROM `dzmp_user` [ RunTime:0.001065s ]
SQL: DELETE FROM `dzmp_user` WHERE ( id = '27' ) [ RunTime:0.002311s ]

[ 2015-11-03T15:41:45+08:00 ] 36.96.94.226 /dzmp/index.php/Main/index1.html
INFO: [ route_check ] --START--
INFO: CheckRoute Behavior ::run [ RunTime:0.001721s ]
INFO: [ route_check ] --END-- [ RunTime:0.001945s ]
INFO: [ app_begin ] --START--
INFO: ReadHtmlCache Behavior ::run [ RunTime:0.001038s ]
INFO: [ app_begin ] --END-- [ RunTime:0.001210s ]
SQL: SHOW COLUMNS FROM `dzmp_user` [ RunTime:0.001138s ]
SQL: SELECT * FROM `dzmp_user`  [ RunTime:0.000364s ]
INFO: [ view_parse ] --START--
INFO: ParseTemplate Behavior ::run [ RunTime:0.013952s ]
INFO: [ view_parse ] --END-- [ RunTime:0.014091s ]
INFO: [ view_filter ] --START--
INFO: ContentReplace Behavior ::run [ RunTime:0.000664s ]
INFO: TokenBuild Behavior ::run [ RunTime:0.000481s ]
INFO: WriteHtmlCache Behavior ::run [ RunTime:0.000366s ]
INFO: ShowRuntime Behavior ::run [ RunTime:0.000608s ]
INFO: [ view_filter ] --END-- [ RunTime:0.002513s ]
INFO: [ view_end ] --START--
INFO: ShowPageTrace Behavior ::run [ RunTime:0.000865s ]
INFO: [ view_end ] --END-- [ RunTime:0.000977s ]

[ 2015-11-03T15:41:49+08:00 ] 36.96.94.226 /dzmp/index.php/Main/index4/id/28
INFO: [ route_check ] --START--
INFO: CheckRoute Behavior ::run [ RunTime:0.001387s ]
INFO: [ route_check ] --END-- [ RunTime:0.001547s ]
INFO: [ app_begin ] --START--
INFO: ReadHtmlCache Behavior ::run [ RunTime:0.000932s ]
INFO: [ app_begin ] --END-- [ RunTime:0.001055s ]
SQL: SHOW COLUMNS FROM `dzmp_user` [ RunTime:0.001254s ]
SQL: SELECT * FROM `dzmp_user` WHERE ( id = '28' )  [ RunTime:0.000508s ]
INFO: [ view_parse ] --START--
INFO: ParseTemplate Behavior ::run [ RunTime:0.016423s ]
INFO: [ view_parse ] --END-- [ RunTime:0.016562s ]
INFO: [ view_filter ] --START--
INFO: ContentReplace Behavior ::run [ RunTime:0.000579s ]
INFO: TokenBuild Behavior ::run [ RunTime:0.000574s ]
INFO: WriteHtmlCache Behavior ::run [ RunTime:0.000331s ]
INFO: ShowRuntime Behavior ::run [ RunTime:0.000676s ]
INFO: [ view_filter ] --END-- [ RunTime:0.002489s ]
INFO: [ view_end ] --START--
INFO: ShowPageTrace Behavior ::run [ RunTime:0.001153s ]
INFO: [ view_end ] --END-- [ RunTime:0.001269s ]

[ 2015-11-03T15:41:53+08:00 ] 36.96.94.226 /dzmp/index.php/Main/del/id/28
INFO: [ route_check ] --START--
INFO: CheckRoute Behavior ::run [ RunTime:0.001281s ]
INFO: [ route_check ] --END-- [ RunTime:0.001434s ]
INFO: [ app_begin ] --START--
INFO: ReadHtmlCache Behavior ::run [ RunTime:0.000834s ]
INFO: [ app_begin ] --END-- [ RunTime:0.000954s ]
SQL: SHOW COLUMNS FROM `dzmp_user` [ RunTime:0.001252s ]
SQL: DELETE FROM `dzmp_user` WHERE ( id = '28' ) [ RunTime:0.002785s ]

[ 2015-11-03T15:41:53+08:00 ] 36.96.94.226 /dzmp/index.php/Main/index1.html
INFO: [ route_check ] --START--
INFO: CheckRoute Behavior ::run [ RunTime:0.001307s ]
INFO: [ route_check ] --END-- [ RunTime:0.001465s ]
INFO: [ app_begin ] --START--
INFO: ReadHtmlCache Behavior ::run [ RunTime:0.000871s ]
INFO: [ app_begin ] --END-- [ RunTime:0.000991s ]
SQL: SHOW COLUMNS FROM `dzmp_user` [ RunTime:0.001503s ]
SQL: SELECT * FROM `dzmp_user`  [ RunTime:0.000724s ]
INFO: [ view_parse ] --START--
INFO: ParseTemplate Behavior ::run [ RunTime:0.019788s ]
INFO: [ view_parse ] --END-- [ RunTime:0.020033s ]
INFO: [ view_filter ] --START--
INFO: ContentReplace Behavior ::run [ RunTime:0.000671s ]
INFO: TokenBuild Behavior ::run [ RunTime:0.000843s ]
INFO: WriteHtmlCache Behavior ::run [ RunTime:0.000592s ]
INFO: ShowRuntime Behavior ::run [ RunTime:0.000951s ]
INFO: [ view_filter ] --END-- [ RunTime:0.003495s ]
INFO: [ view_end ] --START--
INFO: ShowPageTrace Behavior ::run [ RunTime:0.001168s ]
INFO: [ view_end ] --END-- [ RunTime:0.001541s ]

[ 2015-11-03T15:57:44+08:00 ] 223.104.30.231 /dzmp/index.php/Main/index4/id/30
INFO: [ route_check ] --START--
INFO: CheckRoute Behavior ::run [ RunTime:0.001267s ]
INFO: [ route_check ] --END-- [ RunTime:0.001466s ]
INFO: [ app_begin ] --START--
INFO: ReadHtmlCache Behavior ::run [ RunTime:0.000824s ]
INFO: [ app_begin ] --END-- [ RunTime:0.000943s ]
SQL: SHOW COLUMNS FROM `dzmp_user` [ RunTime:0.001351s ]
SQL: SELECT * FROM `dzmp_user` WHERE ( id = '30' )  [ RunTime:0.000409s ]
INFO: [ view_parse ] --START--
INFO: ParseTemplate Behavior ::run [ RunTime:0.015836s ]
INFO: [ view_parse ] --END-- [ RunTime:0.015999s ]
INFO: [ view_filter ] --START--
INFO: ContentReplace Behavior ::run [ RunTime:0.000562s ]
INFO: TokenBuild Behavior ::run [ RunTime:0.000624s ]
INFO: WriteHtmlCache Behavior ::run [ RunTime:0.000374s ]
INFO: ShowRuntime Behavior ::run [ RunTime:0.000688s ]
INFO: [ view_filter ] --END-- [ RunTime:0.002601s ]
INFO: [ view_end ] --START--
INFO: ShowPageTrace Behavior ::run [ RunTime:0.000968s ]
INFO: [ view_end ] --END-- [ RunTime:0.001133s ]

[ 2015-11-03T15:58:31+08:00 ] 223.104.30.231 /dzmp/index.php/Main/index4/id/29
INFO: [ route_check ] --START--
INFO: CheckRoute Behavior ::run [ RunTime:0.001301s ]
INFO: [ route_check ] --END-- [ RunTime:0.001485s ]
INFO: [ app_begin ] --START--
INFO: ReadHtmlCache Behavior ::run [ RunTime:0.000877s ]
INFO: [ app_begin ] --END-- [ RunTime:0.001042s ]
SQL: SHOW COLUMNS FROM `dzmp_user` [ RunTime:0.001299s ]
SQL: SELECT * FROM `dzmp_user` WHERE ( id = '29' )  [ RunTime:0.000386s ]
INFO: [ view_parse ] --START--
INFO: ParseTemplate Behavior ::run [ RunTime:0.015765s ]
INFO: [ view_parse ] --END-- [ RunTime:0.015919s ]
INFO: [ view_filter ] --START--
INFO: ContentReplace Behavior ::run [ RunTime:0.000551s ]
INFO: TokenBuild Behavior ::run [ RunTime:0.000588s ]
INFO: WriteHtmlCache Behavior ::run [ RunTime:0.000333s ]
INFO: ShowRuntime Behavior ::run [ RunTime:0.000696s ]
INFO: [ view_filter ] --END-- [ RunTime:0.002499s ]
INFO: [ view_end ] --START--
INFO: ShowPageTrace Behavior ::run [ RunTime:0.000899s ]
INFO: [ view_end ] --END-- [ RunTime:0.001011s ]

[ 2015-11-03T19:25:56+08:00 ] 183.60.15.20 /dzmp/index.php/Main/index1
INFO: [ route_check ] --START--
INFO: CheckRoute Behavior ::run [ RunTime:0.000878s ]
INFO: [ route_check ] --END-- [ RunTime:0.000969s ]
INFO: [ app_begin ] --START--
INFO: ReadHtmlCache Behavior ::run [ RunTime:0.000530s ]
INFO: [ app_begin ] --END-- [ RunTime:0.000639s ]
SQL: SHOW COLUMNS FROM `dzmp_user` [ RunTime:0.000804s ]
SQL: SELECT * FROM `dzmp_user`  [ RunTime:0.000196s ]
INFO: [ view_parse ] --START--
INFO: ParseTemplate Behavior ::run [ RunTime:0.008238s ]
INFO: [ view_parse ] --END-- [ RunTime:0.008314s ]
INFO: [ view_filter ] --START--
INFO: ContentReplace Behavior ::run [ RunTime:0.000357s ]
INFO: TokenBuild Behavior ::run [ RunTime:0.000344s ]
INFO: WriteHtmlCache Behavior ::run [ RunTime:0.000194s ]
INFO: ShowRuntime Behavior ::run [ RunTime:0.000365s ]
INFO: [ view_filter ] --END-- [ RunTime:0.001464s ]
INFO: [ view_end ] --START--
INFO: ShowPageTrace Behavior ::run [ RunTime:0.000516s ]
INFO: [ view_end ] --END-- [ RunTime:0.000577s ]

[ 2015-11-03T19:33:29+08:00 ] 124.119.55.120 /dzmp/index.php/Main/index1
INFO: [ route_check ] --START--
INFO: CheckRoute Behavior ::run [ RunTime:0.001065s ]
INFO: [ route_check ] --END-- [ RunTime:0.001195s ]
INFO: [ app_begin ] --START--
INFO: ReadHtmlCache Behavior ::run [ RunTime:0.000679s ]
INFO: [ app_begin ] --END-- [ RunTime:0.000782s ]
SQL: SHOW COLUMNS FROM `dzmp_user` [ RunTime:0.000800s ]
SQL: SELECT * FROM `dzmp_user`  [ RunTime:0.000250s ]
INFO: [ view_parse ] --START--
INFO: ParseTemplate Behavior ::run [ RunTime:0.012681s ]
INFO: [ view_parse ] --END-- [ RunTime:0.012815s ]
INFO: [ view_filter ] --START--
INFO: ContentReplace Behavior ::run [ RunTime:0.000537s ]
INFO: TokenBuild Behavior ::run [ RunTime:0.000477s ]
INFO: WriteHtmlCache Behavior ::run [ RunTime:0.000318s ]
INFO: ShowRuntime Behavior ::run [ RunTime:0.000577s ]
INFO: [ view_filter ] --END-- [ RunTime:0.002196s ]
INFO: [ view_end ] --START--
INFO: ShowPageTrace Behavior ::run [ RunTime:0.000786s ]
INFO: [ view_end ] --END-- [ RunTime:0.000886s ]

[ 2015-11-03T19:33:36+08:00 ] 124.119.55.120 /dzmp/index.php/Main/index4/id/29
INFO: [ route_check ] --START--
INFO: CheckRoute Behavior ::run [ RunTime:0.002321s ]
INFO: [ route_check ] --END-- [ RunTime:0.002542s ]
INFO: [ app_begin ] --START--
INFO: ReadHtmlCache Behavior ::run [ RunTime:0.000931s ]
INFO: [ app_begin ] --END-- [ RunTime:0.001055s ]
SQL: SHOW COLUMNS FROM `dzmp_user` [ RunTime:0.001787s ]
SQL: SELECT * FROM `dzmp_user` WHERE ( id = '29' )  [ RunTime:0.000551s ]
INFO: [ view_parse ] --START--
INFO: ParseTemplate Behavior ::run [ RunTime:0.015941s ]
INFO: [ view_parse ] --END-- [ RunTime:0.016089s ]
INFO: [ view_filter ] --START--
INFO: ContentReplace Behavior ::run [ RunTime:0.000618s ]
INFO: TokenBuild Behavior ::run [ RunTime:0.000533s ]
INFO: WriteHtmlCache Behavior ::run [ RunTime:0.000392s ]
INFO: ShowRuntime Behavior ::run [ RunTime:0.000710s ]
INFO: [ view_filter ] --END-- [ RunTime:0.002629s ]
INFO: [ view_end ] --START--
INFO: ShowPageTrace Behavior ::run [ RunTime:0.000954s ]
INFO: [ view_end ] --END-- [ RunTime:0.001065s ]

[ 2015-11-03T19:38:16+08:00 ] 124.88.145.103 /dzmp/index.php/Main/index1
INFO: [ route_check ] --START--
INFO: CheckRoute Behavior ::run [ RunTime:0.002193s ]
INFO: [ route_check ] --END-- [ RunTime:0.002356s ]
INFO: [ app_begin ] --START--
INFO: ReadHtmlCache Behavior ::run [ RunTime:0.001119s ]
INFO: [ app_begin ] --END-- [ RunTime:0.001280s ]
SQL: SHOW COLUMNS FROM `dzmp_user` [ RunTime:0.001816s ]
SQL: SELECT * FROM `dzmp_user`  [ RunTime:0.000824s ]
INFO: [ view_parse ] --START--
INFO: ParseTemplate Behavior ::run [ RunTime:0.025199s ]
INFO: [ view_parse ] --END-- [ RunTime:0.025473s ]
INFO: [ view_filter ] --START--
INFO: ContentReplace Behavior ::run [ RunTime:0.001096s ]
INFO: TokenBuild Behavior ::run [ RunTime:0.000956s ]
INFO: WriteHtmlCache Behavior ::run [ RunTime:0.000676s ]
INFO: ShowRuntime Behavior ::run [ RunTime:0.001108s ]
INFO: [ view_filter ] --END-- [ RunTime:0.004349s ]
INFO: [ view_end ] --START--
INFO: ShowPageTrace Behavior ::run [ RunTime:0.001556s ]
INFO: [ view_end ] --END-- [ RunTime:0.001793s ]

[ 2015-11-03T20:40:03+08:00 ] 36.108.64.91 /dzmp/index.php/Main/index3/id/24
INFO: [ route_check ] --START--
INFO: CheckRoute Behavior ::run [ RunTime:0.000965s ]
INFO: [ route_check ] --END-- [ RunTime:0.001084s ]
INFO: [ app_begin ] --START--
INFO: ReadHtmlCache Behavior ::run [ RunTime:0.000593s ]
INFO: [ app_begin ] --END-- [ RunTime:0.000684s ]
SQL: SHOW COLUMNS FROM `dzmp_user` [ RunTime:0.000769s ]
SQL: SELECT * FROM `dzmp_user` WHERE ( id = '24' )  [ RunTime:0.000246s ]
INFO: [ view_parse ] --START--
INFO: ParseTemplate Behavior ::run [ RunTime:0.011785s ]
INFO: [ view_parse ] --END-- [ RunTime:0.011915s ]
INFO: [ view_filter ] --START--
INFO: ContentReplace Behavior ::run [ RunTime:0.000438s ]
INFO: TokenBuild Behavior ::run [ RunTime:0.000411s ]
INFO: WriteHtmlCache Behavior ::run [ RunTime:0.000302s ]
INFO: ShowRuntime Behavior ::run [ RunTime:0.000494s ]
INFO: [ view_filter ] --END-- [ RunTime:0.001887s ]
INFO: [ view_end ] --START--
INFO: ShowPageTrace Behavior ::run [ RunTime:0.000695s ]
INFO: [ view_end ] --END-- [ RunTime:0.000780s ]

[ 2015-11-03T20:40:12+08:00 ] 36.108.64.91 /dzmp/index.php/Main/index3/id/24
INFO: [ route_check ] --START--
INFO: CheckRoute Behavior ::run [ RunTime:0.000634s ]
INFO: [ route_check ] --END-- [ RunTime:0.000718s ]
INFO: [ app_begin ] --START--
INFO: ReadHtmlCache Behavior ::run [ RunTime:0.000450s ]
INFO: [ app_begin ] --END-- [ RunTime:0.000512s ]
SQL: SHOW COLUMNS FROM `dzmp_user` [ RunTime:0.000735s ]
SQL: SELECT * FROM `dzmp_user` WHERE ( id = '24' )  [ RunTime:0.000191s ]
INFO: [ view_parse ] --START--
INFO: ParseTemplate Behavior ::run [ RunTime:0.007816s ]
INFO: [ view_parse ] --END-- [ RunTime:0.007887s ]
INFO: [ view_filter ] --START--
INFO: ContentReplace Behavior ::run [ RunTime:0.000269s ]
INFO: TokenBuild Behavior ::run [ RunTime:0.000292s ]
INFO: WriteHtmlCache Behavior ::run [ RunTime:0.000172s ]
INFO: ShowRuntime Behavior ::run [ RunTime:0.000337s ]
INFO: [ view_filter ] --END-- [ RunTime:0.001233s ]
INFO: [ view_end ] --START--
INFO: ShowPageTrace Behavior ::run [ RunTime:0.000475s ]
INFO: [ view_end ] --END-- [ RunTime:0.000533s ]

[ 2015-11-03T20:42:40+08:00 ] 223.104.30.251 /dzmp/index.php/Main/index4/id/29
INFO: [ route_check ] --START--
INFO: CheckRoute Behavior ::run [ RunTime:0.001989s ]
INFO: [ route_check ] --END-- [ RunTime:0.002237s ]
INFO: [ app_begin ] --START--
INFO: ReadHtmlCache Behavior ::run [ RunTime:0.001328s ]
INFO: [ app_begin ] --END-- [ RunTime:0.001527s ]
SQL: SHOW COLUMNS FROM `dzmp_user` [ RunTime:0.002219s ]
SQL: SELECT * FROM `dzmp_user` WHERE ( id = '29' )  [ RunTime:0.000515s ]
INFO: [ view_parse ] --START--
INFO: ParseTemplate Behavior ::run [ RunTime:0.030327s ]
INFO: [ view_parse ] --END-- [ RunTime:0.030564s ]
INFO: [ view_filter ] --START--
INFO: ContentReplace Behavior ::run [ RunTime:0.001120s ]
INFO: TokenBuild Behavior ::run [ RunTime:0.001340s ]
INFO: WriteHtmlCache Behavior ::run [ RunTime:0.000556s ]
INFO: ShowRuntime Behavior ::run [ RunTime:0.001244s ]
INFO: [ view_filter ] --END-- [ RunTime:0.005044s ]
INFO: [ view_end ] --START--
INFO: ShowPageTrace Behavior ::run [ RunTime:0.001875s ]
INFO: [ view_end ] --END-- [ RunTime:0.002059s ]

[ 2015-11-03T21:35:53+08:00 ] 110.156.244.27 /dzmp/index.php/Main/index4/id/29
INFO: [ route_check ] --START--
INFO: CheckRoute Behavior ::run [ RunTime:0.000651s ]
INFO: [ route_check ] --END-- [ RunTime:0.000769s ]
INFO: [ app_begin ] --START--
INFO: ReadHtmlCache Behavior ::run [ RunTime:0.000424s ]
INFO: [ app_begin ] --END-- [ RunTime:0.000487s ]
SQL: SHOW COLUMNS FROM `dzmp_user` [ RunTime:0.000740s ]
SQL: SELECT * FROM `dzmp_user` WHERE ( id = '29' )  [ RunTime:0.000224s ]
INFO: [ view_parse ] --START--
INFO: ParseTemplate Behavior ::run [ RunTime:0.008111s ]
INFO: [ view_parse ] --END-- [ RunTime:0.008181s ]
INFO: [ view_filter ] --START--
INFO: ContentReplace Behavior ::run [ RunTime:0.000293s ]
INFO: TokenBuild Behavior ::run [ RunTime:0.000326s ]
INFO: WriteHtmlCache Behavior ::run [ RunTime:0.000196s ]
INFO: ShowRuntime Behavior ::run [ RunTime:0.000344s ]
INFO: [ view_filter ] --END-- [ RunTime:0.001324s ]
INFO: [ view_end ] --START--
INFO: ShowPageTrace Behavior ::run [ RunTime:0.000479s ]
INFO: [ view_end ] --END-- [ RunTime:0.000543s ]

[ 2015-11-03T21:36:14+08:00 ] 110.156.244.27 /dzmp/index.php/Main/index4/id/29
INFO: [ route_check ] --START--
INFO: CheckRoute Behavior ::run [ RunTime:0.001264s ]
INFO: [ route_check ] --END-- [ RunTime:0.001415s ]
INFO: [ app_begin ] --START--
INFO: ReadHtmlCache Behavior ::run [ RunTime:0.000929s ]
INFO: [ app_begin ] --END-- [ RunTime:0.001183s ]
SQL: SHOW COLUMNS FROM `dzmp_user` [ RunTime:0.001378s ]
SQL: SELECT * FROM `dzmp_user` WHERE ( id = '29' )  [ RunTime:0.000504s ]
INFO: [ view_parse ] --START--
INFO: ParseTemplate Behavior ::run [ RunTime:0.017494s ]
INFO: [ view_parse ] --END-- [ RunTime:0.017637s ]
INFO: [ view_filter ] --START--
INFO: ContentReplace Behavior ::run [ RunTime:0.000519s ]
INFO: TokenBuild Behavior ::run [ RunTime:0.000593s ]
INFO: WriteHtmlCache Behavior ::run [ RunTime:0.000329s ]
INFO: ShowRuntime Behavior ::run [ RunTime:0.000678s ]
INFO: [ view_filter ] --END-- [ RunTime:0.002448s ]
INFO: [ view_end ] --START--
INFO: ShowPageTrace Behavior ::run [ RunTime:0.000927s ]
INFO: [ view_end ] --END-- [ RunTime:0.001069s ]

[ 2015-11-03T21:37:01+08:00 ] 223.104.30.255 /dzmp/index.php/Main/index4/id/29
INFO: [ route_check ] --START--
INFO: CheckRoute Behavior ::run [ RunTime:0.001250s ]
INFO: [ route_check ] --END-- [ RunTime:0.001397s ]
INFO: [ app_begin ] --START--
INFO: ReadHtmlCache Behavior ::run [ RunTime:0.000969s ]
INFO: [ app_begin ] --END-- [ RunTime:0.001093s ]
SQL: SHOW COLUMNS FROM `dzmp_user` [ RunTime:0.002997s ]
SQL: SELECT * FROM `dzmp_user` WHERE ( id = '29' )  [ RunTime:0.000545s ]
INFO: [ view_parse ] --START--
INFO: ParseTemplate Behavior ::run [ RunTime:0.015879s ]
INFO: [ view_parse ] --END-- [ RunTime:0.016035s ]
INFO: [ view_filter ] --START--
INFO: ContentReplace Behavior ::run [ RunTime:0.000511s ]
INFO: TokenBuild Behavior ::run [ RunTime:0.000586s ]
INFO: WriteHtmlCache Behavior ::run [ RunTime:0.000329s ]
INFO: ShowRuntime Behavior ::run [ RunTime:0.000682s ]
INFO: [ view_filter ] --END-- [ RunTime:0.002444s ]
INFO: [ view_end ] --START--
INFO: ShowPageTrace Behavior ::run [ RunTime:0.000913s ]
INFO: [ view_end ] --END-- [ RunTime:0.001024s ]

[ 2015-11-03T21:39:30+08:00 ] 223.104.30.255 /dzmp/index.php/Main/index4/id/29
INFO: [ route_check ] --START--
INFO: CheckRoute Behavior ::run [ RunTime:0.000636s ]
INFO: [ route_check ] --END-- [ RunTime:0.000733s ]
INFO: [ app_begin ] --START--
INFO: ReadHtmlCache Behavior ::run [ RunTime:0.000403s ]
INFO: [ app_begin ] --END-- [ RunTime:0.000465s ]
SQL: SHOW COLUMNS FROM `dzmp_user` [ RunTime:0.000771s ]
SQL: SELECT * FROM `dzmp_user` WHERE ( id = '29' )  [ RunTime:0.000266s ]
INFO: [ view_parse ] --START--
INFO: ParseTemplate Behavior ::run [ RunTime:0.008004s ]
INFO: [ view_parse ] --END-- [ RunTime:0.008076s ]
INFO: [ view_filter ] --START--
INFO: ContentReplace Behavior ::run [ RunTime:0.000284s ]
INFO: TokenBuild Behavior ::run [ RunTime:0.000291s ]
INFO: WriteHtmlCache Behavior ::run [ RunTime:0.000223s ]
INFO: ShowRuntime Behavior ::run [ RunTime:0.000332s ]
INFO: [ view_filter ] --END-- [ RunTime:0.001303s ]
INFO: [ view_end ] --START--
INFO: ShowPageTrace Behavior ::run [ RunTime:0.000502s ]
INFO: [ view_end ] --END-- [ RunTime:0.000562s ]

[ 2015-11-03T21:43:11+08:00 ] 101.226.33.222 /dzmp/index.php/Main/index3/id/24
INFO: [ route_check ] --START--
INFO: CheckRoute Behavior ::run [ RunTime:0.001368s ]
INFO: [ route_check ] --END-- [ RunTime:0.001517s ]
INFO: [ app_begin ] --START--
INFO: ReadHtmlCache Behavior ::run [ RunTime:0.000799s ]
INFO: [ app_begin ] --END-- [ RunTime:0.000975s ]
SQL: SHOW COLUMNS FROM `dzmp_user` [ RunTime:0.001413s ]
SQL: SELECT * FROM `dzmp_user` WHERE ( id = '24' )  [ RunTime:0.000411s ]
INFO: [ view_parse ] --START--
INFO: ParseTemplate Behavior ::run [ RunTime:0.018018s ]
INFO: [ view_parse ] --END-- [ RunTime:0.018225s ]
INFO: [ view_filter ] --START--
INFO: ContentReplace Behavior ::run [ RunTime:0.000519s ]
INFO: TokenBuild Behavior ::run [ RunTime:0.000613s ]
INFO: WriteHtmlCache Behavior ::run [ RunTime:0.000358s ]
INFO: ShowRuntime Behavior ::run [ RunTime:0.000750s ]
INFO: [ view_filter ] --END-- [ RunTime:0.002571s ]
INFO: [ view_end ] --START--
INFO: ShowPageTrace Behavior ::run [ RunTime:0.000964s ]
INFO: [ view_end ] --END-- [ RunTime:0.001077s ]

[ 2015-11-03T23:57:25+08:00 ] 119.147.146.189 /dzmp/index.php/Main/index1
INFO: [ route_check ] --START--
INFO: CheckRoute Behavior ::run [ RunTime:0.000711s ]
INFO: [ route_check ] --END-- [ RunTime:0.000795s ]
INFO: [ app_begin ] --START--
INFO: ReadHtmlCache Behavior ::run [ RunTime:0.000436s ]
INFO: [ app_begin ] --END-- [ RunTime:0.000526s ]
SQL: SHOW COLUMNS FROM `dzmp_user` [ RunTime:0.001069s ]
SQL: SELECT * FROM `dzmp_user`  [ RunTime:0.000225s ]
INFO: [ view_parse ] --START--
INFO: ParseTemplate Behavior ::run [ RunTime:0.008266s ]
INFO: [ view_parse ] --END-- [ RunTime:0.008339s ]
INFO: [ view_filter ] --START--
INFO: ContentReplace Behavior ::run [ RunTime:0.000357s ]
INFO: TokenBuild Behavior ::run [ RunTime:0.000329s ]
INFO: WriteHtmlCache Behavior ::run [ RunTime:0.000185s ]
INFO: ShowRuntime Behavior ::run [ RunTime:0.000350s ]
INFO: [ view_filter ] --END-- [ RunTime:0.001389s ]
INFO: [ view_end ] --START--
INFO: ShowPageTrace Behavior ::run [ RunTime:0.000500s ]
INFO: [ view_end ] --END-- [ RunTime:0.000558s ]

[ 2015-11-03T23:57:25+08:00 ] 101.226.33.202 /dzmp/index.php/Main/index1
INFO: [ route_check ] --START--
INFO: CheckRoute Behavior ::run [ RunTime:0.000651s ]
INFO: [ route_check ] --END-- [ RunTime:0.000720s ]
INFO: [ app_begin ] --START--
INFO: ReadHtmlCache Behavior ::run [ RunTime:0.000494s ]
INFO: [ app_begin ] --END-- [ RunTime:0.000554s ]
SQL: SHOW COLUMNS FROM `dzmp_user` [ RunTime:0.000721s ]
SQL: SELECT * FROM `dzmp_user`  [ RunTime:0.000165s ]
INFO: [ view_parse ] --START--
INFO: ParseTemplate Behavior ::run [ RunTime:0.007740s ]
INFO: [ view_parse ] --END-- [ RunTime:0.007810s ]
INFO: [ view_filter ] --START--
INFO: ContentReplace Behavior ::run [ RunTime:0.000347s ]
INFO: TokenBuild Behavior ::run [ RunTime:0.000283s ]
INFO: WriteHtmlCache Behavior ::run [ RunTime:0.000163s ]
INFO: ShowRuntime Behavior ::run [ RunTime:0.000357s ]
INFO: [ view_filter ] --END-- [ RunTime:0.001316s ]
INFO: [ view_end ] --START--
INFO: ShowPageTrace Behavior ::run [ RunTime:0.000444s ]
INFO: [ view_end ] --END-- [ RunTime:0.000502s ]

[ 2015-11-03T23:57:25+08:00 ] 124.88.145.103 /dzmp/index.php/Main/index1
INFO: [ route_check ] --START--
INFO: CheckRoute Behavior ::run [ RunTime:0.000639s ]
INFO: [ route_check ] --END-- [ RunTime:0.000758s ]
INFO: [ app_begin ] --START--
INFO: ReadHtmlCache Behavior ::run [ RunTime:0.000447s ]
INFO: [ app_begin ] --END-- [ RunTime:0.000509s ]
SQL: SHOW COLUMNS FROM `dzmp_user` [ RunTime:0.000784s ]
SQL: SELECT * FROM `dzmp_user`  [ RunTime:0.000186s ]
INFO: [ view_parse ] --START--
INFO: ParseTemplate Behavior ::run [ RunTime:0.007926s ]
INFO: [ view_parse ] --END-- [ RunTime:0.007997s ]
INFO: [ view_filter ] --START--
INFO: ContentReplace Behavior ::run [ RunTime:0.000355s ]
INFO: TokenBuild Behavior ::run [ RunTime:0.000269s ]
INFO: WriteHtmlCache Behavior ::run [ RunTime:0.000179s ]
INFO: ShowRuntime Behavior ::run [ RunTime:0.000375s ]
INFO: [ view_filter ] --END-- [ RunTime:0.001348s ]
INFO: [ view_end ] --START--
INFO: ShowPageTrace Behavior ::run [ RunTime:0.000447s ]
INFO: [ view_end ] --END-- [ RunTime:0.000506s ]

[ 2015-11-03T23:58:11+08:00 ] 124.88.145.103 /dzmp/index.php/Main/index4/id/29
INFO: [ route_check ] --START--
INFO: CheckRoute Behavior ::run [ RunTime:0.001243s ]
INFO: [ route_check ] --END-- [ RunTime:0.001397s ]
INFO: [ app_begin ] --START--
INFO: ReadHtmlCache Behavior ::run [ RunTime:0.000816s ]
INFO: [ app_begin ] --END-- [ RunTime:0.000926s ]
SQL: SHOW COLUMNS FROM `dzmp_user` [ RunTime:0.001263s ]
SQL: SELECT * FROM `dzmp_user` WHERE ( id = '29' )  [ RunTime:0.000491s ]
INFO: [ view_parse ] --START--
INFO: ParseTemplate Behavior ::run [ RunTime:0.014670s ]
INFO: [ view_parse ] --END-- [ RunTime:0.014797s ]
INFO: [ view_filter ] --START--
INFO: ContentReplace Behavior ::run [ RunTime:0.000602s ]
INFO: TokenBuild Behavior ::run [ RunTime:0.000543s ]
INFO: WriteHtmlCache Behavior ::run [ RunTime:0.000334s ]
INFO: ShowRuntime Behavior ::run [ RunTime:0.000702s ]
INFO: [ view_filter ] --END-- [ RunTime:0.002516s ]
INFO: [ view_end ] --START--
INFO: ShowPageTrace Behavior ::run [ RunTime:0.000876s ]
INFO: [ view_end ] --END-- [ RunTime:0.000976s ]

[ 2015-11-03T23:58:11+08:00 ] 101.226.66.181 /dzmp/index.php/Main/index4/id/29
INFO: [ route_check ] --START--
INFO: CheckRoute Behavior ::run [ RunTime:0.001134s ]
INFO: [ route_check ] --END-- [ RunTime:0.001344s ]
INFO: [ app_begin ] --START--
INFO: ReadHtmlCache Behavior ::run [ RunTime:0.000726s ]
INFO: [ app_begin ] --END-- [ RunTime:0.000840s ]
SQL: SHOW COLUMNS FROM `dzmp_user` [ RunTime:0.001121s ]
SQL: SELECT * FROM `dzmp_user` WHERE ( id = '29' )  [ RunTime:0.000370s ]
INFO: [ view_parse ] --START--
INFO: ParseTemplate Behavior ::run [ RunTime:0.014244s ]
INFO: [ view_parse ] --END-- [ RunTime:0.014454s ]
INFO: [ view_filter ] --START--
INFO: ContentReplace Behavior ::run [ RunTime:0.000538s ]
INFO: TokenBuild Behavior ::run [ RunTime:0.000538s ]
INFO: WriteHtmlCache Behavior ::run [ RunTime:0.000323s ]
INFO: ShowRuntime Behavior ::run [ RunTime:0.000641s ]
INFO: [ view_filter ] --END-- [ RunTime:0.002346s ]
INFO: [ view_end ] --START--
INFO: ShowPageTrace Behavior ::run [ RunTime:0.000886s ]
INFO: [ view_end ] --END-- [ RunTime:0.000988s ]

[ 2015-11-03T23:59:36+08:00 ] 124.88.145.103 /dzmp/index.php/Main/index1
INFO: [ route_check ] --START--
INFO: CheckRoute Behavior ::run [ RunTime:0.000730s ]
INFO: [ route_check ] --END-- [ RunTime:0.000812s ]
INFO: [ app_begin ] --START--
INFO: ReadHtmlCache Behavior ::run [ RunTime:0.000449s ]
INFO: [ app_begin ] --END-- [ RunTime:0.000512s ]
SQL: SHOW COLUMNS FROM `dzmp_user` [ RunTime:0.000798s ]
SQL: SELECT * FROM `dzmp_user`  [ RunTime:0.000225s ]
INFO: [ view_parse ] --START--
INFO: ParseTemplate Behavior ::run [ RunTime:0.008116s ]
INFO: [ view_parse ] --END-- [ RunTime:0.008190s ]
INFO: [ view_filter ] --START--
INFO: ContentReplace Behavior ::run [ RunTime:0.000353s ]
INFO: TokenBuild Behavior ::run [ RunTime:0.000327s ]
INFO: WriteHtmlCache Behavior ::run [ RunTime:0.000190s ]
INFO: ShowRuntime Behavior ::run [ RunTime:0.000368s ]
INFO: [ view_filter ] --END-- [ RunTime:0.001423s ]
INFO: [ view_end ] --START--
INFO: ShowPageTrace Behavior ::run [ RunTime:0.000513s ]
INFO: [ view_end ] --END-- [ RunTime:0.000572s ]

