[ 2016-01-15T12:27:54+08:00 ] 120.69.113.73 /dzmp/index.php/Main/index4/id/29?from=singlemessage&isappinstalled=0
INFO: [ route_check ] --START--
INFO: CheckRoute Behavior ::run [ RunTime:0.017426s ]
INFO: [ route_check ] --END-- [ RunTime:0.017735s ]
INFO: [ app_begin ] --START--
INFO: ReadHtmlCache Behavior ::run [ RunTime:0.009692s ]
INFO: [ app_begin ] --END-- [ RunTime:0.009938s ]
SQL: SHOW COLUMNS FROM `dzmp_user` [ RunTime:0.051961s ]
SQL: SELECT * FROM `dzmp_user` WHERE ( id = '29' )  [ RunTime:0.000490s ]
INFO: [ view_parse ] --START--
INFO: ParseTemplate Behavior ::run [ RunTime:0.070008s ]
INFO: [ view_parse ] --END-- [ RunTime:0.070180s ]
INFO: [ view_filter ] --START--
INFO: ContentReplace Behavior ::run [ RunTime:0.031871s ]
INFO: TokenBuild Behavior ::run [ RunTime:0.002425s ]
INFO: WriteHtmlCache Behavior ::run [ RunTime:0.001594s ]
INFO: ShowRuntime Behavior ::run [ RunTime:0.001674s ]
INFO: [ view_filter ] --END-- [ RunTime:0.037981s ]
INFO: [ view_end ] --START--
INFO: ShowPageTrace Behavior ::run [ RunTime:0.002391s ]
INFO: [ view_end ] --END-- [ RunTime:0.002520s ]

