[ 2015-10-13T16:29:59+08:00 ] 127.0.0.1 /schooladmin/Public/Jquery/Check.js
INFO: [ app_init ] --START--
INFO: Run Behavior\BuildLiteBehavior [ RunTime:0.000057s ]
INFO: [ app_init ] --END-- [ RunTime:0.001170s ]
ERR: 无法加载模块:Public

[ 2015-10-13T16:29:59+08:00 ] 127.0.0.1 /schooladmin/Public/Font/LigatureSymbols/LigatureSymbols/style.css
INFO: [ app_init ] --START--
INFO: Run Behavior\BuildLiteBehavior [ RunTime:0.000051s ]
INFO: [ app_init ] --END-- [ RunTime:0.000832s ]
ERR: 无法加载模块:Public

[ 2015-10-13T16:30:03+08:00 ] 127.0.0.1 /schooladmin/Public/Jquery/Check.js
INFO: [ app_init ] --START--
INFO: Run Behavior\BuildLiteBehavior [ RunTime:0.000047s ]
INFO: [ app_init ] --END-- [ RunTime:0.000817s ]
ERR: 无法加载模块:Public

[ 2015-10-13T16:30:03+08:00 ] 127.0.0.1 /schooladmin/Public/Font/LigatureSymbols/LigatureSymbols/style.css
INFO: [ app_init ] --START--
INFO: Run Behavior\BuildLiteBehavior [ RunTime:0.000043s ]
INFO: [ app_init ] --END-- [ RunTime:0.000845s ]
ERR: 无法加载模块:Public

[ 2015-10-13T16:31:06+08:00 ] 127.0.0.1 /schooladmin/Public/Jquery/Check.js
INFO: [ app_init ] --START--
INFO: Run Behavior\BuildLiteBehavior [ RunTime:0.000044s ]
INFO: [ app_init ] --END-- [ RunTime:0.000808s ]
ERR: 无法加载模块:Public

[ 2015-10-13T16:31:06+08:00 ] 127.0.0.1 /schooladmin/Public/Font/LigatureSymbols/LigatureSymbols/style.css
INFO: [ app_init ] --START--
INFO: Run Behavior\BuildLiteBehavior [ RunTime:0.000056s ]
INFO: [ app_init ] --END-- [ RunTime:0.000907s ]
ERR: 无法加载模块:Public

[ 2015-10-13T16:41:09+08:00 ] 127.0.0.1 /schooladmin/Public/Font/LigatureSymbols/LigatureSymbols/style.css
INFO: [ app_init ] --START--
INFO: Run Behavior\BuildLiteBehavior [ RunTime:0.001179s ]
INFO: [ app_init ] --END-- [ RunTime:0.002077s ]
ERR: 无法加载模块:Public

[ 2015-10-13T16:41:09+08:00 ] 127.0.0.1 /schooladmin/Public/Jquery/Check.js
INFO: [ app_init ] --START--
INFO: Run Behavior\BuildLiteBehavior [ RunTime:0.000048s ]
INFO: [ app_init ] --END-- [ RunTime:0.001001s ]
ERR: 无法加载模块:Public

[ 2015-10-13T16:41:18+08:00 ] 127.0.0.1 /schooladmin/Public/Font/LigatureSymbols/LigatureSymbols/style.css
INFO: [ app_init ] --START--
INFO: Run Behavior\BuildLiteBehavior [ RunTime:0.000059s ]
INFO: [ app_init ] --END-- [ RunTime:0.001076s ]
ERR: 无法加载模块:Public

[ 2015-10-13T16:41:18+08:00 ] 127.0.0.1 /schooladmin/Public/Jquery/Check.js
INFO: [ app_init ] --START--
INFO: Run Behavior\BuildLiteBehavior [ RunTime:0.000046s ]
INFO: [ app_init ] --END-- [ RunTime:0.000808s ]
ERR: 无法加载模块:Public

[ 2015-10-13T16:44:26+08:00 ] 127.0.0.1 /schooladmin/Public/Jquery/Check.js
INFO: [ app_init ] --START--
INFO: Run Behavior\BuildLiteBehavior [ RunTime:0.000048s ]
INFO: [ app_init ] --END-- [ RunTime:0.000903s ]
ERR: 无法加载模块:Public

[ 2015-10-13T16:44:26+08:00 ] 127.0.0.1 /schooladmin/Public/Font/LigatureSymbols/LigatureSymbols/style.css
INFO: [ app_init ] --START--
INFO: Run Behavior\BuildLiteBehavior [ RunTime:0.000049s ]
INFO: [ app_init ] --END-- [ RunTime:0.000907s ]
ERR: 无法加载模块:Public

[ 2015-10-13T16:44:29+08:00 ] 127.0.0.1 /schooladmin/Public/Jquery/Check.js
INFO: [ app_init ] --START--
INFO: Run Behavior\BuildLiteBehavior [ RunTime:0.000043s ]
INFO: [ app_init ] --END-- [ RunTime:0.000831s ]
ERR: 无法加载模块:Public

[ 2015-10-13T16:44:29+08:00 ] 127.0.0.1 /schooladmin/Public/Font/LigatureSymbols/LigatureSymbols/style.css
INFO: [ app_init ] --START--
INFO: Run Behavior\BuildLiteBehavior [ RunTime:0.000045s ]
INFO: [ app_init ] --END-- [ RunTime:0.000826s ]
ERR: 无法加载模块:Public

[ 2015-10-13T16:47:17+08:00 ] 127.0.0.1 /schooladmin/Public/Jquery/Check.js
INFO: [ app_init ] --START--
INFO: Run Behavior\BuildLiteBehavior [ RunTime:0.000044s ]
INFO: [ app_init ] --END-- [ RunTime:0.000823s ]
ERR: 无法加载模块:Public

[ 2015-10-13T16:47:17+08:00 ] 127.0.0.1 /schooladmin/Public/Font/LigatureSymbols/LigatureSymbols/style.css
INFO: [ app_init ] --START--
INFO: Run Behavior\BuildLiteBehavior [ RunTime:0.000053s ]
INFO: [ app_init ] --END-- [ RunTime:0.000908s ]
ERR: 无法加载模块:Public

[ 2015-10-13T16:48:04+08:00 ] 127.0.0.1 /schooladmin/Public/Jquery/Check.js
INFO: [ app_init ] --START--
INFO: Run Behavior\BuildLiteBehavior [ RunTime:0.000051s ]
INFO: [ app_init ] --END-- [ RunTime:0.000852s ]
ERR: 无法加载模块:Public

[ 2015-10-13T16:48:04+08:00 ] 127.0.0.1 /schooladmin/Public/Font/LigatureSymbols/LigatureSymbols/style.css
INFO: [ app_init ] --START--
INFO: Run Behavior\BuildLiteBehavior [ RunTime:0.000055s ]
INFO: [ app_init ] --END-- [ RunTime:0.000961s ]
ERR: 无法加载模块:Public

[ 2015-10-13T16:48:06+08:00 ] 127.0.0.1 /schooladmin/Public/Jquery/Check.js
INFO: [ app_init ] --START--
INFO: Run Behavior\BuildLiteBehavior [ RunTime:0.000052s ]
INFO: [ app_init ] --END-- [ RunTime:0.001056s ]
ERR: 无法加载模块:Public

[ 2015-10-13T16:48:06+08:00 ] 127.0.0.1 /schooladmin/Public/Font/LigatureSymbols/LigatureSymbols/style.css
INFO: [ app_init ] --START--
INFO: Run Behavior\BuildLiteBehavior [ RunTime:0.000046s ]
INFO: [ app_init ] --END-- [ RunTime:0.000739s ]
ERR: 无法加载模块:Public

[ 2015-10-13T16:49:44+08:00 ] 127.0.0.1 /schooladmin/Public/Jquery/Check.js
INFO: [ app_init ] --START--
INFO: Run Behavior\BuildLiteBehavior [ RunTime:0.000053s ]
INFO: [ app_init ] --END-- [ RunTime:0.001035s ]
ERR: 无法加载模块:Public

[ 2015-10-13T16:49:44+08:00 ] 127.0.0.1 /schooladmin/Public/Font/LigatureSymbols/LigatureSymbols/style.css
INFO: [ app_init ] --START--
INFO: Run Behavior\BuildLiteBehavior [ RunTime:0.000337s ]
INFO: [ app_init ] --END-- [ RunTime:0.001238s ]
ERR: 无法加载模块:Public

[ 2015-10-13T16:53:50+08:00 ] 127.0.0.1 /schooladmin/Public/Jquery/Check.js
INFO: [ app_init ] --START--
INFO: Run Behavior\BuildLiteBehavior [ RunTime:0.000048s ]
INFO: [ app_init ] --END-- [ RunTime:0.000890s ]
ERR: 无法加载模块:Public

[ 2015-10-13T16:53:50+08:00 ] 127.0.0.1 /schooladmin/Public/Font/LigatureSymbols/LigatureSymbols/style.css
INFO: [ app_init ] --START--
INFO: Run Behavior\BuildLiteBehavior [ RunTime:0.000051s ]
INFO: [ app_init ] --END-- [ RunTime:0.000969s ]
ERR: 无法加载模块:Public

[ 2015-10-13T16:56:51+08:00 ] 127.0.0.1 /schooladmin/Public/Jquery/Check.js
INFO: [ app_init ] --START--
INFO: Run Behavior\BuildLiteBehavior [ RunTime:0.000045s ]
INFO: [ app_init ] --END-- [ RunTime:0.000817s ]
ERR: 无法加载模块:Public

[ 2015-10-13T16:56:51+08:00 ] 127.0.0.1 /schooladmin/Public/Font/LigatureSymbols/LigatureSymbols/style.css
INFO: [ app_init ] --START--
INFO: Run Behavior\BuildLiteBehavior [ RunTime:0.000054s ]
INFO: [ app_init ] --END-- [ RunTime:0.000950s ]
ERR: 无法加载模块:Public

[ 2015-10-13T16:57:02+08:00 ] 127.0.0.1 /schooladmin/Public/Jquery/Check.js
INFO: [ app_init ] --START--
INFO: Run Behavior\BuildLiteBehavior [ RunTime:0.000051s ]
INFO: [ app_init ] --END-- [ RunTime:0.000944s ]
ERR: 无法加载模块:Public

[ 2015-10-13T16:57:02+08:00 ] 127.0.0.1 /schooladmin/Public/Font/LigatureSymbols/LigatureSymbols/style.css
INFO: [ app_init ] --START--
INFO: Run Behavior\BuildLiteBehavior [ RunTime:0.000057s ]
INFO: [ app_init ] --END-- [ RunTime:0.000907s ]
ERR: 无法加载模块:Public

[ 2015-10-13T16:57:06+08:00 ] 127.0.0.1 /schooladmin/Public/Font/LigatureSymbols/LigatureSymbols/style.css
INFO: [ app_init ] --START--
INFO: Run Behavior\BuildLiteBehavior [ RunTime:0.000049s ]
INFO: [ app_init ] --END-- [ RunTime:0.000794s ]
ERR: 无法加载模块:Public

[ 2015-10-13T16:57:06+08:00 ] 127.0.0.1 /schooladmin/Public/Jquery/Check.js
INFO: [ app_init ] --START--
INFO: Run Behavior\BuildLiteBehavior [ RunTime:0.000047s ]
INFO: [ app_init ] --END-- [ RunTime:0.000990s ]
ERR: 无法加载模块:Public

[ 2015-10-13T16:59:30+08:00 ] 127.0.0.1 /schooladmin/Public/Jquery/Check.js
INFO: [ app_init ] --START--
INFO: Run Behavior\BuildLiteBehavior [ RunTime:0.000123s ]
INFO: [ app_init ] --END-- [ RunTime:0.002001s ]
ERR: 无法加载模块:Public

[ 2015-10-13T16:59:30+08:00 ] 127.0.0.1 /schooladmin/Public/Font/LigatureSymbols/LigatureSymbols/style.css
INFO: [ app_init ] --START--
INFO: Run Behavior\BuildLiteBehavior [ RunTime:0.000042s ]
INFO: [ app_init ] --END-- [ RunTime:0.000880s ]
ERR: 无法加载模块:Public

[ 2015-10-13T16:59:33+08:00 ] 127.0.0.1 /schooladmin/Public/Font/LigatureSymbols/LigatureSymbols/style.css
INFO: [ app_init ] --START--
INFO: Run Behavior\BuildLiteBehavior [ RunTime:0.000051s ]
INFO: [ app_init ] --END-- [ RunTime:0.000905s ]
ERR: 无法加载模块:Public

[ 2015-10-13T16:59:33+08:00 ] 127.0.0.1 /schooladmin/Public/Jquery/Check.js
INFO: [ app_init ] --START--
INFO: Run Behavior\BuildLiteBehavior [ RunTime:0.000051s ]
INFO: [ app_init ] --END-- [ RunTime:0.000928s ]
ERR: 无法加载模块:Public

[ 2015-10-13T16:59:41+08:00 ] 127.0.0.1 /schooladmin/Public/Font/LigatureSymbols/LigatureSymbols/style.css
INFO: [ app_init ] --START--
INFO: Run Behavior\BuildLiteBehavior [ RunTime:0.000054s ]
INFO: [ app_init ] --END-- [ RunTime:0.001164s ]
ERR: 无法加载模块:Public

[ 2015-10-13T16:59:41+08:00 ] 127.0.0.1 /schooladmin/Public/Jquery/Check.js
INFO: [ app_init ] --START--
INFO: Run Behavior\BuildLiteBehavior [ RunTime:0.000046s ]
INFO: [ app_init ] --END-- [ RunTime:0.000795s ]
ERR: 无法加载模块:Public

[ 2015-10-13T16:59:43+08:00 ] 127.0.0.1 /schooladmin/Public/Jquery/Check.js
INFO: [ app_init ] --START--
INFO: Run Behavior\BuildLiteBehavior [ RunTime:0.000046s ]
INFO: [ app_init ] --END-- [ RunTime:0.000786s ]
ERR: 无法加载模块:Public

[ 2015-10-13T16:59:43+08:00 ] 127.0.0.1 /schooladmin/Public/Font/LigatureSymbols/LigatureSymbols/style.css
INFO: [ app_init ] --START--
INFO: Run Behavior\BuildLiteBehavior [ RunTime:0.000045s ]
INFO: [ app_init ] --END-- [ RunTime:0.000855s ]
ERR: 无法加载模块:Public

[ 2015-10-13T17:00:54+08:00 ] 127.0.0.1 /schooladmin/Public/Jquery/Check.js
INFO: [ app_init ] --START--
INFO: Run Behavior\BuildLiteBehavior [ RunTime:0.000060s ]
INFO: [ app_init ] --END-- [ RunTime:0.000960s ]
ERR: 无法加载模块:Public

[ 2015-10-13T17:00:54+08:00 ] 127.0.0.1 /schooladmin/Public/Font/LigatureSymbols/LigatureSymbols/style.css
INFO: [ app_init ] --START--
INFO: Run Behavior\BuildLiteBehavior [ RunTime:0.000049s ]
INFO: [ app_init ] --END-- [ RunTime:0.001014s ]
ERR: 无法加载模块:Public

[ 2015-10-13T17:00:58+08:00 ] 127.0.0.1 /schooladmin/Public/Jquery/Check.js
INFO: [ app_init ] --START--
INFO: Run Behavior\BuildLiteBehavior [ RunTime:0.000049s ]
INFO: [ app_init ] --END-- [ RunTime:0.000919s ]
ERR: 无法加载模块:Public

[ 2015-10-13T17:00:59+08:00 ] 127.0.0.1 /schooladmin/Public/Font/LigatureSymbols/LigatureSymbols/style.css
INFO: [ app_init ] --START--
INFO: Run Behavior\BuildLiteBehavior [ RunTime:0.000047s ]
INFO: [ app_init ] --END-- [ RunTime:0.000790s ]
ERR: 无法加载模块:Public

[ 2015-10-13T17:01:26+08:00 ] 127.0.0.1 /schooladmin/Public/Jquery/Check.js
INFO: [ app_init ] --START--
INFO: Run Behavior\BuildLiteBehavior [ RunTime:0.000050s ]
INFO: [ app_init ] --END-- [ RunTime:0.001095s ]
ERR: 无法加载模块:Public

[ 2015-10-13T17:01:26+08:00 ] 127.0.0.1 /schooladmin/Public/Font/LigatureSymbols/LigatureSymbols/style.css
INFO: [ app_init ] --START--
INFO: Run Behavior\BuildLiteBehavior [ RunTime:0.000050s ]
INFO: [ app_init ] --END-- [ RunTime:0.001216s ]
ERR: 无法加载模块:Public

[ 2015-10-13T17:01:29+08:00 ] 127.0.0.1 /schooladmin/Public/Font/LigatureSymbols/LigatureSymbols/style.css
INFO: [ app_init ] --START--
INFO: Run Behavior\BuildLiteBehavior [ RunTime:0.000045s ]
INFO: [ app_init ] --END-- [ RunTime:0.000883s ]
ERR: 无法加载模块:Public

[ 2015-10-13T17:01:29+08:00 ] 127.0.0.1 /schooladmin/Public/Jquery/Check.js
INFO: [ app_init ] --START--
INFO: Run Behavior\BuildLiteBehavior [ RunTime:0.000053s ]
INFO: [ app_init ] --END-- [ RunTime:0.001096s ]
ERR: 无法加载模块:Public

[ 2015-10-13T17:01:59+08:00 ] 127.0.0.1 /schooladmin/Public/Jquery/Check.js
INFO: [ app_init ] --START--
INFO: Run Behavior\BuildLiteBehavior [ RunTime:0.000053s ]
INFO: [ app_init ] --END-- [ RunTime:0.001158s ]
ERR: 无法加载模块:Public

[ 2015-10-13T17:01:59+08:00 ] 127.0.0.1 /schooladmin/Public/Font/LigatureSymbols/LigatureSymbols/style.css
INFO: [ app_init ] --START--
INFO: Run Behavior\BuildLiteBehavior [ RunTime:0.000050s ]
INFO: [ app_init ] --END-- [ RunTime:0.000827s ]
ERR: 无法加载模块:Public

[ 2015-10-13T17:02:02+08:00 ] 127.0.0.1 /schooladmin/Public/Jquery/Check.js
INFO: [ app_init ] --START--
INFO: Run Behavior\BuildLiteBehavior [ RunTime:0.000052s ]
INFO: [ app_init ] --END-- [ RunTime:0.000906s ]
ERR: 无法加载模块:Public

[ 2015-10-13T17:02:02+08:00 ] 127.0.0.1 /schooladmin/Public/Font/LigatureSymbols/LigatureSymbols/style.css
INFO: [ app_init ] --START--
INFO: Run Behavior\BuildLiteBehavior [ RunTime:0.000048s ]
INFO: [ app_init ] --END-- [ RunTime:0.000879s ]
ERR: 无法加载模块:Public

[ 2015-10-13T17:02:07+08:00 ] 127.0.0.1 /schooladmin/Public/Jquery/Check.js
INFO: [ app_init ] --START--
INFO: Run Behavior\BuildLiteBehavior [ RunTime:0.000051s ]
INFO: [ app_init ] --END-- [ RunTime:0.000894s ]
ERR: 无法加载模块:Public

[ 2015-10-13T17:02:07+08:00 ] 127.0.0.1 /schooladmin/Public/Font/LigatureSymbols/LigatureSymbols/style.css
INFO: [ app_init ] --START--
INFO: Run Behavior\BuildLiteBehavior [ RunTime:0.000047s ]
INFO: [ app_init ] --END-- [ RunTime:0.001056s ]
ERR: 无法加载模块:Public

[ 2015-10-13T17:03:19+08:00 ] 127.0.0.1 /schooladmin/Public/Jquery/Check.js
INFO: [ app_init ] --START--
INFO: Run Behavior\BuildLiteBehavior [ RunTime:0.000049s ]
INFO: [ app_init ] --END-- [ RunTime:0.003236s ]
ERR: 无法加载模块:Public

[ 2015-10-13T17:03:19+08:00 ] 127.0.0.1 /schooladmin/Public/Font/LigatureSymbols/LigatureSymbols/style.css
INFO: [ app_init ] --START--
INFO: Run Behavior\BuildLiteBehavior [ RunTime:0.000038s ]
INFO: [ app_init ] --END-- [ RunTime:0.000835s ]
ERR: 无法加载模块:Public

