[ 2016-04-02T12:25:28+08:00 ] 127.0.0.1 /scwelife/web/
INFO: [ app_begin ] --START--
INFO: ReadHtmlCache Behavior ::run [ RunTime:0.001240s ]
INFO: [ app_begin ] --END-- [ RunTime:0.001311s ]

[ 2016-04-02T12:25:29+08:00 ] 127.0.0.1 /scwelife/web/index.php/First/index2.html
INFO: [ route_check ] --START--
INFO: CheckRoute Behavior ::run [ RunTime:0.001439s ]
INFO: [ route_check ] --END-- [ RunTime:0.001510s ]
INFO: [ app_begin ] --START--
INFO: ReadHtmlCache Behavior ::run [ RunTime:0.000684s ]
INFO: [ app_begin ] --END-- [ RunTime:0.000755s ]
NOTIC: [8] Undefined index: username D:\wamp\www\scwelife\web\Home\Lib\Action\FirstAction.class.php 第 139 行.
SQL: SHOW COLUMNS FROM `school_user` [ RunTime:0.004199s ]
SQL: SELECT * FROM `school_user` WHERE ( usernumber='' )  [ RunTime:0.000336s ]
SQL: SELECT * FROM `school_user` WHERE ( usernumber='' )  [ RunTime:0.000284s ]
SQL: SHOW COLUMNS FROM `school_search` [ RunTime:0.003908s ]
SQL: SELECT * FROM `school_search` ORDER BY count desc  [ RunTime:0.000209s ]
SQL: SHOW COLUMNS FROM `school_part` [ RunTime:0.004231s ]
SQL: SELECT * FROM `school_part` WHERE ( pass=1 ) ORDER BY id DESC  [ RunTime:0.000348s ]
SQL: SELECT COUNT(*) AS tp_count FROM `school_part` WHERE ( pass=1 ) LIMIT 1   [ RunTime:0.000137s ]
SQL: SELECT COUNT(*) AS tp_count FROM `school_part` WHERE ( pass=1 ) LIMIT 1   [ RunTime:0.000127s ]
SQL: SELECT COUNT(*) AS tp_count FROM `school_part` WHERE ( pass=1 ) LIMIT 1   [ RunTime:0.000128s ]
SQL: SELECT * FROM `school_part` WHERE ( pass=1 ) ORDER BY id DESC  [ RunTime:0.000224s ]
SQL: SELECT COUNT(*) AS tp_count FROM `school_part` WHERE ( pass=1 ) LIMIT 1   [ RunTime:0.000131s ]
SQL: SELECT COUNT(*) AS tp_count FROM `school_part` WHERE ( pass=1 ) LIMIT 1   [ RunTime:0.000126s ]
SQL: SELECT COUNT(*) AS tp_count FROM `school_part` WHERE ( pass=1 ) LIMIT 1   [ RunTime:0.000125s ]
SQL: SHOW COLUMNS FROM `school_essay` [ RunTime:0.003832s ]
SQL: SELECT * FROM `school_essay` WHERE (  only_me='0' AND img!='' ) ORDER BY good desc  [ RunTime:0.000498s ]
SQL: SELECT COUNT(*) AS tp_count FROM `school_essay` WHERE (  only_me='0' AND img!='' ) LIMIT 1   [ RunTime:0.000144s ]
SQL: SELECT COUNT(*) AS tp_count FROM `school_essay` WHERE (  only_me='0' AND img!='' ) LIMIT 1   [ RunTime:0.000138s ]
SQL: SELECT COUNT(*) AS tp_count FROM `school_essay` WHERE (  only_me='0' AND img!='' ) LIMIT 1   [ RunTime:0.000137s ]
SQL: SELECT COUNT(*) AS tp_count FROM `school_essay` WHERE (  only_me='0' AND img!='' ) LIMIT 1   [ RunTime:0.000139s ]
SQL: SELECT COUNT(*) AS tp_count FROM `school_essay` WHERE (  only_me='0' AND img!='' ) LIMIT 1   [ RunTime:0.000185s ]
SQL: SHOW COLUMNS FROM `school_message_2` [ RunTime:0.004000s ]
SQL: SELECT * FROM `school_message_2` ORDER BY id DESC  [ RunTime:0.000311s ]
SQL: SHOW COLUMNS FROM `school_video` [ RunTime:0.004031s ]
SQL: SELECT * FROM `school_video` WHERE (  only_me='0' AND img!='' ) ORDER BY good desc  [ RunTime:0.000249s ]
SQL: SHOW COLUMNS FROM `school_community` [ RunTime:0.003992s ]
SQL: SELECT * FROM `school_community` WHERE (  only_me='0' AND img!='' ) ORDER BY good desc  [ RunTime:0.000497s ]
SQL: SELECT COUNT(*) AS tp_count FROM `school_community` WHERE (  only_me='0' AND img!='' ) LIMIT 1   [ RunTime:0.000178s ]
SQL: SELECT COUNT(*) AS tp_count FROM `school_community` WHERE (  only_me='0' AND img!='' ) LIMIT 1   [ RunTime:0.000195s ]
SQL: SELECT COUNT(*) AS tp_count FROM `school_community` WHERE (  only_me='0' AND img!='' ) LIMIT 1   [ RunTime:0.000144s ]
SQL: SELECT COUNT(*) AS tp_count FROM `school_community` WHERE (  only_me='0' AND img!='' ) LIMIT 1   [ RunTime:0.000163s ]
SQL: SELECT COUNT(*) AS tp_count FROM `school_community` WHERE (  only_me='0' AND img!='' ) LIMIT 1   [ RunTime:0.000142s ]
SQL: SHOW COLUMNS FROM `school_study` [ RunTime:0.003989s ]
SQL: SELECT * FROM `school_study` WHERE (  only_me='0' AND img!='' ) ORDER BY good desc  [ RunTime:0.000517s ]
SQL: SELECT COUNT(*) AS tp_count FROM `school_study` WHERE (  only_me='0' AND img!='' ) LIMIT 1   [ RunTime:0.000143s ]
SQL: SELECT COUNT(*) AS tp_count FROM `school_study` WHERE (  only_me='0' AND img!='' ) LIMIT 1   [ RunTime:0.000137s ]
SQL: SELECT COUNT(*) AS tp_count FROM `school_study` WHERE (  only_me='0' AND img!='' ) LIMIT 1   [ RunTime:0.000140s ]
SQL: SELECT COUNT(*) AS tp_count FROM `school_study` WHERE (  only_me='0' AND img!='' ) LIMIT 1   [ RunTime:0.000137s ]
SQL: SELECT COUNT(*) AS tp_count FROM `school_study` WHERE (  only_me='0' AND img!='' ) LIMIT 1   [ RunTime:0.000147s ]
INFO: [ view_parse ] --START--
INFO: ParseTemplate Behavior ::run [ RunTime:0.032542s ]
INFO: [ view_parse ] --END-- [ RunTime:0.032624s ]
INFO: [ view_filter ] --START--
INFO: ContentReplace Behavior ::run [ RunTime:0.001295s ]
INFO: TokenBuild Behavior ::run [ RunTime:0.000753s ]
INFO: WriteHtmlCache Behavior ::run [ RunTime:0.000881s ]
INFO: ShowRuntime Behavior ::run [ RunTime:0.001062s ]
INFO: [ view_filter ] --END-- [ RunTime:0.004163s ]
INFO: [ view_end ] --START--
INFO: ShowPageTrace Behavior ::run [ RunTime:0.001110s ]
INFO: [ view_end ] --END-- [ RunTime:0.001172s ]

[ 2016-04-02T12:25:29+08:00 ] 127.0.0.1 /scwelife/web/index.php/First/username
INFO: [ route_check ] --START--
INFO: CheckRoute Behavior ::run [ RunTime:0.001147s ]
INFO: [ route_check ] --END-- [ RunTime:0.001231s ]
INFO: [ app_begin ] --START--
INFO: ReadHtmlCache Behavior ::run [ RunTime:0.000600s ]
INFO: [ app_begin ] --END-- [ RunTime:0.000649s ]
NOTIC: [8] Undefined index: username D:\wamp\www\scwelife\web\Home\Lib\Action\FirstAction.class.php 第 252 行.

[ 2016-04-02T12:25:36+08:00 ] 127.0.0.1 /scwelife/web/index.php/User/login
INFO: [ route_check ] --START--
INFO: CheckRoute Behavior ::run [ RunTime:0.001411s ]
INFO: [ route_check ] --END-- [ RunTime:0.001481s ]
INFO: [ app_begin ] --START--
INFO: ReadHtmlCache Behavior ::run [ RunTime:0.001138s ]
INFO: [ app_begin ] --END-- [ RunTime:0.001194s ]
INFO: [ view_parse ] --START--
INFO: ParseTemplate Behavior ::run [ RunTime:0.012594s ]
INFO: [ view_parse ] --END-- [ RunTime:0.012657s ]
INFO: [ view_filter ] --START--
INFO: ContentReplace Behavior ::run [ RunTime:0.001095s ]
INFO: TokenBuild Behavior ::run [ RunTime:0.000968s ]
INFO: WriteHtmlCache Behavior ::run [ RunTime:0.000864s ]
INFO: ShowRuntime Behavior ::run [ RunTime:0.001054s ]
INFO: [ view_filter ] --END-- [ RunTime:0.004134s ]
INFO: [ view_end ] --START--
INFO: ShowPageTrace Behavior ::run [ RunTime:0.001194s ]
INFO: [ view_end ] --END-- [ RunTime:0.001249s ]

[ 2016-04-02T13:29:01+08:00 ] 127.0.0.1 /scwelife/web/
INFO: [ app_begin ] --START--
INFO: ReadHtmlCache Behavior ::run [ RunTime:0.000974s ]
INFO: [ app_begin ] --END-- [ RunTime:0.001042s ]

[ 2016-04-02T13:29:01+08:00 ] 127.0.0.1 /scwelife/web/index.php/First/index2.html
INFO: [ route_check ] --START--
INFO: CheckRoute Behavior ::run [ RunTime:0.001154s ]
INFO: [ route_check ] --END-- [ RunTime:0.001223s ]
INFO: [ app_begin ] --START--
INFO: ReadHtmlCache Behavior ::run [ RunTime:0.000588s ]
INFO: [ app_begin ] --END-- [ RunTime:0.000643s ]
NOTIC: [8] Undefined index: username D:\wamp\www\scwelife\web\Home\Lib\Action\FirstAction.class.php 第 139 行.
SQL: SHOW COLUMNS FROM `school_user` [ RunTime:0.083902s ]
SQL: SELECT * FROM `school_user` WHERE ( usernumber='' )  [ RunTime:0.000371s ]
SQL: SELECT * FROM `school_user` WHERE ( usernumber='' )  [ RunTime:0.000272s ]
SQL: SHOW COLUMNS FROM `school_search` [ RunTime:0.004300s ]
SQL: SELECT * FROM `school_search` ORDER BY count desc  [ RunTime:0.000218s ]
SQL: SHOW COLUMNS FROM `school_part` [ RunTime:0.004745s ]
SQL: SELECT * FROM `school_part` WHERE ( pass=1 ) ORDER BY id DESC  [ RunTime:0.000352s ]
SQL: SELECT COUNT(*) AS tp_count FROM `school_part` WHERE ( pass=1 ) LIMIT 1   [ RunTime:0.000291s ]
SQL: SELECT COUNT(*) AS tp_count FROM `school_part` WHERE ( pass=1 ) LIMIT 1   [ RunTime:0.000175s ]
SQL: SELECT COUNT(*) AS tp_count FROM `school_part` WHERE ( pass=1 ) LIMIT 1   [ RunTime:0.000130s ]
SQL: SELECT * FROM `school_part` WHERE ( pass=1 ) ORDER BY id DESC  [ RunTime:0.000288s ]
SQL: SELECT COUNT(*) AS tp_count FROM `school_part` WHERE ( pass=1 ) LIMIT 1   [ RunTime:0.000151s ]
SQL: SELECT COUNT(*) AS tp_count FROM `school_part` WHERE ( pass=1 ) LIMIT 1   [ RunTime:0.000132s ]
SQL: SELECT COUNT(*) AS tp_count FROM `school_part` WHERE ( pass=1 ) LIMIT 1   [ RunTime:0.000130s ]
SQL: SHOW COLUMNS FROM `school_essay` [ RunTime:0.004703s ]
SQL: SELECT * FROM `school_essay` WHERE (  only_me='0' AND img!='' ) ORDER BY good desc  [ RunTime:0.001556s ]
SQL: SELECT COUNT(*) AS tp_count FROM `school_essay` WHERE (  only_me='0' AND img!='' ) LIMIT 1   [ RunTime:0.000159s ]
SQL: SELECT COUNT(*) AS tp_count FROM `school_essay` WHERE (  only_me='0' AND img!='' ) LIMIT 1   [ RunTime:0.000139s ]
SQL: SELECT COUNT(*) AS tp_count FROM `school_essay` WHERE (  only_me='0' AND img!='' ) LIMIT 1   [ RunTime:0.000137s ]
SQL: SELECT COUNT(*) AS tp_count FROM `school_essay` WHERE (  only_me='0' AND img!='' ) LIMIT 1   [ RunTime:0.000136s ]
SQL: SELECT COUNT(*) AS tp_count FROM `school_essay` WHERE (  only_me='0' AND img!='' ) LIMIT 1   [ RunTime:0.000137s ]
SQL: SHOW COLUMNS FROM `school_message_2` [ RunTime:0.004554s ]
SQL: SELECT * FROM `school_message_2` ORDER BY id DESC  [ RunTime:0.000306s ]
SQL: SHOW COLUMNS FROM `school_video` [ RunTime:0.005042s ]
SQL: SELECT * FROM `school_video` WHERE (  only_me='0' AND img!='' ) ORDER BY good desc  [ RunTime:0.000352s ]
SQL: SHOW COLUMNS FROM `school_community` [ RunTime:0.005984s ]
SQL: SELECT * FROM `school_community` WHERE (  only_me='0' AND img!='' ) ORDER BY good desc  [ RunTime:0.001291s ]
SQL: SELECT COUNT(*) AS tp_count FROM `school_community` WHERE (  only_me='0' AND img!='' ) LIMIT 1   [ RunTime:0.000211s ]
SQL: SELECT COUNT(*) AS tp_count FROM `school_community` WHERE (  only_me='0' AND img!='' ) LIMIT 1   [ RunTime:0.000172s ]
SQL: SELECT COUNT(*) AS tp_count FROM `school_community` WHERE (  only_me='0' AND img!='' ) LIMIT 1   [ RunTime:0.000149s ]
SQL: SELECT COUNT(*) AS tp_count FROM `school_community` WHERE (  only_me='0' AND img!='' ) LIMIT 1   [ RunTime:0.000147s ]
SQL: SELECT COUNT(*) AS tp_count FROM `school_community` WHERE (  only_me='0' AND img!='' ) LIMIT 1   [ RunTime:0.000147s ]
SQL: SHOW COLUMNS FROM `school_study` [ RunTime:0.004570s ]
SQL: SELECT * FROM `school_study` WHERE (  only_me='0' AND img!='' ) ORDER BY good desc  [ RunTime:0.001578s ]
SQL: SELECT COUNT(*) AS tp_count FROM `school_study` WHERE (  only_me='0' AND img!='' ) LIMIT 1   [ RunTime:0.000177s ]
SQL: SELECT COUNT(*) AS tp_count FROM `school_study` WHERE (  only_me='0' AND img!='' ) LIMIT 1   [ RunTime:0.000139s ]
SQL: SELECT COUNT(*) AS tp_count FROM `school_study` WHERE (  only_me='0' AND img!='' ) LIMIT 1   [ RunTime:0.000136s ]
SQL: SELECT COUNT(*) AS tp_count FROM `school_study` WHERE (  only_me='0' AND img!='' ) LIMIT 1   [ RunTime:0.000174s ]
SQL: SELECT COUNT(*) AS tp_count FROM `school_study` WHERE (  only_me='0' AND img!='' ) LIMIT 1   [ RunTime:0.000214s ]
INFO: [ view_parse ] --START--
INFO: ParseTemplate Behavior ::run [ RunTime:0.039055s ]
INFO: [ view_parse ] --END-- [ RunTime:0.039143s ]
INFO: [ view_filter ] --START--
INFO: ContentReplace Behavior ::run [ RunTime:0.001104s ]
INFO: TokenBuild Behavior ::run [ RunTime:0.000725s ]
INFO: WriteHtmlCache Behavior ::run [ RunTime:0.000600s ]
INFO: ShowRuntime Behavior ::run [ RunTime:0.000813s ]
INFO: [ view_filter ] --END-- [ RunTime:0.003394s ]
INFO: [ view_end ] --START--
INFO: ShowPageTrace Behavior ::run [ RunTime:0.000974s ]
INFO: [ view_end ] --END-- [ RunTime:0.001028s ]

[ 2016-04-02T13:29:01+08:00 ] 127.0.0.1 /scwelife/web/index.php/First/username
INFO: [ route_check ] --START--
INFO: CheckRoute Behavior ::run [ RunTime:0.001213s ]
INFO: [ route_check ] --END-- [ RunTime:0.001309s ]
INFO: [ app_begin ] --START--
INFO: ReadHtmlCache Behavior ::run [ RunTime:0.001108s ]
INFO: [ app_begin ] --END-- [ RunTime:0.001175s ]
NOTIC: [8] Undefined index: username D:\wamp\www\scwelife\web\Home\Lib\Action\FirstAction.class.php 第 252 行.

[ 2016-04-02T13:29:07+08:00 ] 127.0.0.1 /scwelife/web/index.php/User/login
INFO: [ route_check ] --START--
INFO: CheckRoute Behavior ::run [ RunTime:0.001017s ]
INFO: [ route_check ] --END-- [ RunTime:0.001087s ]
INFO: [ app_begin ] --START--
INFO: ReadHtmlCache Behavior ::run [ RunTime:0.000657s ]
INFO: [ app_begin ] --END-- [ RunTime:0.000712s ]
INFO: [ view_parse ] --START--
INFO: ParseTemplate Behavior ::run [ RunTime:0.016181s ]
INFO: [ view_parse ] --END-- [ RunTime:0.016244s ]
INFO: [ view_filter ] --START--
INFO: ContentReplace Behavior ::run [ RunTime:0.000632s ]
INFO: TokenBuild Behavior ::run [ RunTime:0.000510s ]
INFO: WriteHtmlCache Behavior ::run [ RunTime:0.000401s ]
INFO: ShowRuntime Behavior ::run [ RunTime:0.000588s ]
INFO: [ view_filter ] --END-- [ RunTime:0.002283s ]
INFO: [ view_end ] --START--
INFO: ShowPageTrace Behavior ::run [ RunTime:0.000726s ]
INFO: [ view_end ] --END-- [ RunTime:0.000781s ]

[ 2016-04-02T13:29:22+08:00 ] 127.0.0.1 /scwelife/web/index.php/User/login_pass?username=1576701411%40qq.com&password=wsy6547704518
INFO: [ route_check ] --START--
INFO: CheckRoute Behavior ::run [ RunTime:0.000874s ]
INFO: [ route_check ] --END-- [ RunTime:0.000962s ]
INFO: [ app_begin ] --START--
INFO: ReadHtmlCache Behavior ::run [ RunTime:0.000580s ]
INFO: [ app_begin ] --END-- [ RunTime:0.000629s ]
SQL: SHOW COLUMNS FROM `school_user` [ RunTime:0.004455s ]
SQL: SELECT COUNT(*) AS tp_count FROM `school_user` WHERE ( `usernumber` = '1576701411@qq.com' ) AND ( `password` = '953548314fe6cb7b1fcae93c4f7bbd80' ) LIMIT 1   [ RunTime:0.000242s ]
SQL: SELECT * FROM `school_user` WHERE ( usernumber='1576701411@qq.com' )  [ RunTime:0.000264s ]
SQL: UPDATE `school_user` SET `lasttime`='2016-04-02' WHERE ( usernumber='1576701411@qq.com' ) [ RunTime:0.009698s ]

[ 2016-04-02T13:29:23+08:00 ] 127.0.0.1 /scwelife/web/index.php/First/username
INFO: [ route_check ] --START--
INFO: CheckRoute Behavior ::run [ RunTime:0.000989s ]
INFO: [ route_check ] --END-- [ RunTime:0.001071s ]
INFO: [ app_begin ] --START--
INFO: ReadHtmlCache Behavior ::run [ RunTime:0.001041s ]
INFO: [ app_begin ] --END-- [ RunTime:0.001113s ]

[ 2016-04-02T13:29:25+08:00 ] 127.0.0.1 /scwelife/web/index.php/First/index2.html
INFO: [ route_check ] --START--
INFO: CheckRoute Behavior ::run [ RunTime:0.000848s ]
INFO: [ route_check ] --END-- [ RunTime:0.000925s ]
INFO: [ app_begin ] --START--
INFO: ReadHtmlCache Behavior ::run [ RunTime:0.000585s ]
INFO: [ app_begin ] --END-- [ RunTime:0.000640s ]
SQL: SHOW COLUMNS FROM `school_user` [ RunTime:0.004396s ]
SQL: SELECT * FROM `school_user` WHERE ( usernumber='1576701411@qq.com' )  [ RunTime:0.000313s ]
SQL: SELECT * FROM `school_user` WHERE ( usernumber='1576701411@qq.com' )  [ RunTime:0.000222s ]
SQL: SHOW COLUMNS FROM `school_search` [ RunTime:0.003891s ]
SQL: SELECT * FROM `school_search` ORDER BY count desc  [ RunTime:0.000199s ]
SQL: SHOW COLUMNS FROM `school_part` [ RunTime:0.004147s ]
SQL: SELECT * FROM `school_part` WHERE ( pass=1 ) ORDER BY id DESC  [ RunTime:0.000299s ]
SQL: SELECT COUNT(*) AS tp_count FROM `school_part` WHERE ( pass=1 ) LIMIT 1   [ RunTime:0.000140s ]
SQL: SELECT COUNT(*) AS tp_count FROM `school_part` WHERE ( pass=1 ) LIMIT 1   [ RunTime:0.000130s ]
SQL: SELECT COUNT(*) AS tp_count FROM `school_part` WHERE ( pass=1 ) LIMIT 1   [ RunTime:0.000130s ]
SQL: SELECT * FROM `school_part` WHERE ( pass=1 ) ORDER BY id DESC  [ RunTime:0.000223s ]
SQL: SELECT COUNT(*) AS tp_count FROM `school_part` WHERE ( pass=1 ) LIMIT 1   [ RunTime:0.000129s ]
SQL: SELECT COUNT(*) AS tp_count FROM `school_part` WHERE ( pass=1 ) LIMIT 1   [ RunTime:0.000129s ]
SQL: SELECT COUNT(*) AS tp_count FROM `school_part` WHERE ( pass=1 ) LIMIT 1   [ RunTime:0.000129s ]
SQL: SHOW COLUMNS FROM `school_essay` [ RunTime:0.004085s ]
SQL: SELECT * FROM `school_essay` WHERE (  only_me='0' AND img!='' ) ORDER BY good desc  [ RunTime:0.000501s ]
SQL: SELECT COUNT(*) AS tp_count FROM `school_essay` WHERE (  only_me='0' AND img!='' ) LIMIT 1   [ RunTime:0.000148s ]
SQL: SELECT COUNT(*) AS tp_count FROM `school_essay` WHERE (  only_me='0' AND img!='' ) LIMIT 1   [ RunTime:0.000144s ]
SQL: SELECT COUNT(*) AS tp_count FROM `school_essay` WHERE (  only_me='0' AND img!='' ) LIMIT 1   [ RunTime:0.000139s ]
SQL: SELECT COUNT(*) AS tp_count FROM `school_essay` WHERE (  only_me='0' AND img!='' ) LIMIT 1   [ RunTime:0.000139s ]
SQL: SELECT COUNT(*) AS tp_count FROM `school_essay` WHERE (  only_me='0' AND img!='' ) LIMIT 1   [ RunTime:0.000139s ]
SQL: SHOW COLUMNS FROM `school_message_2` [ RunTime:0.003997s ]
SQL: SELECT * FROM `school_message_2` ORDER BY id DESC  [ RunTime:0.000307s ]
SQL: SHOW COLUMNS FROM `school_video` [ RunTime:0.004104s ]
SQL: SELECT * FROM `school_video` WHERE (  only_me='0' AND img!='' ) ORDER BY good desc  [ RunTime:0.000242s ]
SQL: SHOW COLUMNS FROM `school_community` [ RunTime:0.003884s ]
SQL: SELECT * FROM `school_community` WHERE (  only_me='0' AND img!='' ) ORDER BY good desc  [ RunTime:0.000446s ]
SQL: SELECT COUNT(*) AS tp_count FROM `school_community` WHERE (  only_me='0' AND img!='' ) LIMIT 1   [ RunTime:0.000150s ]
SQL: SELECT COUNT(*) AS tp_count FROM `school_community` WHERE (  only_me='0' AND img!='' ) LIMIT 1   [ RunTime:0.000143s ]
SQL: SELECT COUNT(*) AS tp_count FROM `school_community` WHERE (  only_me='0' AND img!='' ) LIMIT 1   [ RunTime:0.000197s ]
SQL: SELECT COUNT(*) AS tp_count FROM `school_community` WHERE (  only_me='0' AND img!='' ) LIMIT 1   [ RunTime:0.000194s ]
SQL: SELECT COUNT(*) AS tp_count FROM `school_community` WHERE (  only_me='0' AND img!='' ) LIMIT 1   [ RunTime:0.000144s ]
SQL: SHOW COLUMNS FROM `school_study` [ RunTime:0.003839s ]
SQL: SELECT * FROM `school_study` WHERE (  only_me='0' AND img!='' ) ORDER BY good desc  [ RunTime:0.000511s ]
SQL: SELECT COUNT(*) AS tp_count FROM `school_study` WHERE (  only_me='0' AND img!='' ) LIMIT 1   [ RunTime:0.000152s ]
SQL: SELECT COUNT(*) AS tp_count FROM `school_study` WHERE (  only_me='0' AND img!='' ) LIMIT 1   [ RunTime:0.000141s ]
SQL: SELECT COUNT(*) AS tp_count FROM `school_study` WHERE (  only_me='0' AND img!='' ) LIMIT 1   [ RunTime:0.000137s ]
SQL: SELECT COUNT(*) AS tp_count FROM `school_study` WHERE (  only_me='0' AND img!='' ) LIMIT 1   [ RunTime:0.000137s ]
SQL: SELECT COUNT(*) AS tp_count FROM `school_study` WHERE (  only_me='0' AND img!='' ) LIMIT 1   [ RunTime:0.000139s ]
INFO: [ view_parse ] --START--
INFO: ParseTemplate Behavior ::run [ RunTime:0.029906s ]
INFO: [ view_parse ] --END-- [ RunTime:0.029971s ]
INFO: [ view_filter ] --START--
INFO: ContentReplace Behavior ::run [ RunTime:0.000782s ]
INFO: TokenBuild Behavior ::run [ RunTime:0.000449s ]
INFO: WriteHtmlCache Behavior ::run [ RunTime:0.000322s ]
INFO: ShowRuntime Behavior ::run [ RunTime:0.000519s ]
INFO: [ view_filter ] --END-- [ RunTime:0.002221s ]
INFO: [ view_end ] --START--
INFO: ShowPageTrace Behavior ::run [ RunTime:0.000649s ]
INFO: [ view_end ] --END-- [ RunTime:0.000702s ]

[ 2016-04-02T13:29:27+08:00 ] 127.0.0.1 /scwelife/web/index.php/First/username
INFO: [ route_check ] --START--
INFO: CheckRoute Behavior ::run [ RunTime:0.000855s ]
INFO: [ route_check ] --END-- [ RunTime:0.000926s ]
INFO: [ app_begin ] --START--
INFO: ReadHtmlCache Behavior ::run [ RunTime:0.000616s ]
INFO: [ app_begin ] --END-- [ RunTime:0.000716s ]

[ 2016-04-02T13:31:19+08:00 ] 127.0.0.1 /scwelife/web/index.php/School/essay
INFO: [ route_check ] --START--
INFO: CheckRoute Behavior ::run [ RunTime:0.001209s ]
INFO: [ route_check ] --END-- [ RunTime:0.001280s ]
INFO: [ app_begin ] --START--
INFO: ReadHtmlCache Behavior ::run [ RunTime:0.000845s ]
INFO: [ app_begin ] --END-- [ RunTime:0.000902s ]
SQL: SHOW COLUMNS FROM `school_user` [ RunTime:0.004568s ]
SQL: SELECT * FROM `school_user` WHERE ( usernumber='1576701411@qq.com' )  [ RunTime:0.000321s ]
SQL: SHOW COLUMNS FROM `school_essay` [ RunTime:0.003977s ]
SQL: SELECT COUNT(*) AS tp_count FROM `school_essay` WHERE (  only_me='0' ) LIMIT 1   [ RunTime:0.000163s ]
SQL: SELECT * FROM `school_essay` WHERE (  only_me='0' ) ORDER BY id DESC LIMIT 0,16   [ RunTime:0.001463s ]
NOTIC: [8] Undefined index: header D:\wamp\www\scwelife\web\ThinkPHP\Extend\Library\ORG\Util\AjaxPage.class.php 第 121 行.
INFO: [ view_parse ] --START--
NOTIC: [8] Undefined index: comment D:\wamp\www\scwelife\web\Home\Runtime\Cache\fcaa3197553a6d3fa987ddda81438a01.php 第 226 行.
NOTIC: [8] Undefined index: comment D:\wamp\www\scwelife\web\Home\Runtime\Cache\fcaa3197553a6d3fa987ddda81438a01.php 第 226 行.
NOTIC: [8] Undefined index: comment D:\wamp\www\scwelife\web\Home\Runtime\Cache\fcaa3197553a6d3fa987ddda81438a01.php 第 226 行.
NOTIC: [8] Undefined index: comment D:\wamp\www\scwelife\web\Home\Runtime\Cache\fcaa3197553a6d3fa987ddda81438a01.php 第 226 行.
NOTIC: [8] Undefined index: comment D:\wamp\www\scwelife\web\Home\Runtime\Cache\fcaa3197553a6d3fa987ddda81438a01.php 第 226 行.
INFO: ParseTemplate Behavior ::run [ RunTime:0.013855s ]
INFO: [ view_parse ] --END-- [ RunTime:0.013925s ]
INFO: [ view_filter ] --START--
INFO: ContentReplace Behavior ::run [ RunTime:0.000986s ]
INFO: TokenBuild Behavior ::run [ RunTime:0.000712s ]
INFO: WriteHtmlCache Behavior ::run [ RunTime:0.000598s ]
INFO: ShowRuntime Behavior ::run [ RunTime:0.000788s ]
INFO: [ view_filter ] --END-- [ RunTime:0.003235s ]
INFO: [ view_end ] --START--
INFO: ShowPageTrace Behavior ::run [ RunTime:0.000904s ]
INFO: [ view_end ] --END-- [ RunTime:0.000959s ]

[ 2016-04-02T13:31:47+08:00 ] 127.0.0.1 /scwelife/web/index.php/School
INFO: [ route_check ] --START--
INFO: CheckRoute Behavior ::run [ RunTime:0.001016s ]
INFO: [ route_check ] --END-- [ RunTime:0.001085s ]
INFO: [ app_begin ] --START--
INFO: ReadHtmlCache Behavior ::run [ RunTime:0.000652s ]
INFO: [ app_begin ] --END-- [ RunTime:0.000707s ]
SQL: SHOW COLUMNS FROM `school_user` [ RunTime:0.004237s ]
SQL: SELECT * FROM `school_user` WHERE ( usernumber='1576701411@qq.com' )  [ RunTime:0.000328s ]
SQL: SHOW COLUMNS FROM `school_community` [ RunTime:0.003846s ]
SQL: SELECT * FROM `school_community` WHERE (  only_me='0' ) ORDER BY good desc  [ RunTime:0.001896s ]
SQL: SELECT COUNT(*) AS tp_count FROM `school_community` WHERE (  only_me='0' ) LIMIT 1   [ RunTime:0.000151s ]
SQL: SHOW COLUMNS FROM `school_essay` [ RunTime:0.004014s ]
SQL: SELECT * FROM `school_essay` WHERE (  only_me='0' ) ORDER BY good desc  [ RunTime:0.000681s ]
SQL: SELECT COUNT(*) AS tp_count FROM `school_essay` WHERE (  only_me='0' ) LIMIT 1   [ RunTime:0.000153s ]
SQL: SHOW COLUMNS FROM `school_study` [ RunTime:0.004085s ]
SQL: SELECT * FROM `school_study` WHERE (  only_me='0' ) ORDER BY good desc  [ RunTime:0.000539s ]
SQL: SELECT COUNT(*) AS tp_count FROM `school_study` WHERE (  only_me='0' ) LIMIT 1   [ RunTime:0.000141s ]
SQL: SHOW COLUMNS FROM `school_video` [ RunTime:0.003953s ]
SQL: SELECT * FROM `school_video` WHERE (  only_me='0' ) ORDER BY good desc  [ RunTime:0.000233s ]
SQL: SELECT COUNT(*) AS tp_count FROM `school_video` WHERE (  only_me='0' ) LIMIT 1   [ RunTime:0.000137s ]
INFO: [ view_parse ] --START--
INFO: ParseTemplate Behavior ::run [ RunTime:0.025720s ]
INFO: [ view_parse ] --END-- [ RunTime:0.025785s ]
INFO: [ view_filter ] --START--
INFO: ContentReplace Behavior ::run [ RunTime:0.000969s ]
INFO: TokenBuild Behavior ::run [ RunTime:0.000527s ]
INFO: WriteHtmlCache Behavior ::run [ RunTime:0.000397s ]
INFO: ShowRuntime Behavior ::run [ RunTime:0.000735s ]
INFO: [ view_filter ] --END-- [ RunTime:0.002778s ]
INFO: [ view_end ] --START--
INFO: ShowPageTrace Behavior ::run [ RunTime:0.000776s ]
INFO: [ view_end ] --END-- [ RunTime:0.000830s ]

[ 2016-04-02T13:32:10+08:00 ] 127.0.0.1 /scwelife/web/index.php/First/index2
INFO: [ route_check ] --START--
INFO: CheckRoute Behavior ::run [ RunTime:0.000834s ]
INFO: [ route_check ] --END-- [ RunTime:0.000903s ]
INFO: [ app_begin ] --START--
INFO: ReadHtmlCache Behavior ::run [ RunTime:0.000577s ]
INFO: [ app_begin ] --END-- [ RunTime:0.000632s ]
SQL: SHOW COLUMNS FROM `school_user` [ RunTime:0.004434s ]
SQL: SELECT * FROM `school_user` WHERE ( usernumber='1576701411@qq.com' )  [ RunTime:0.000325s ]
SQL: SELECT * FROM `school_user` WHERE ( usernumber='1576701411@qq.com' )  [ RunTime:0.000224s ]
SQL: SHOW COLUMNS FROM `school_search` [ RunTime:0.003775s ]
SQL: SELECT * FROM `school_search` ORDER BY count desc  [ RunTime:0.000193s ]
SQL: SHOW COLUMNS FROM `school_part` [ RunTime:0.004122s ]
SQL: SELECT * FROM `school_part` WHERE ( pass=1 ) ORDER BY id DESC  [ RunTime:0.000294s ]
SQL: SELECT COUNT(*) AS tp_count FROM `school_part` WHERE ( pass=1 ) LIMIT 1   [ RunTime:0.000137s ]
SQL: SELECT COUNT(*) AS tp_count FROM `school_part` WHERE ( pass=1 ) LIMIT 1   [ RunTime:0.000127s ]
SQL: SELECT COUNT(*) AS tp_count FROM `school_part` WHERE ( pass=1 ) LIMIT 1   [ RunTime:0.000126s ]
SQL: SELECT * FROM `school_part` WHERE ( pass=1 ) ORDER BY id DESC  [ RunTime:0.000218s ]
SQL: SELECT COUNT(*) AS tp_count FROM `school_part` WHERE ( pass=1 ) LIMIT 1   [ RunTime:0.000128s ]
SQL: SELECT COUNT(*) AS tp_count FROM `school_part` WHERE ( pass=1 ) LIMIT 1   [ RunTime:0.000126s ]
SQL: SELECT COUNT(*) AS tp_count FROM `school_part` WHERE ( pass=1 ) LIMIT 1   [ RunTime:0.000125s ]
SQL: SHOW COLUMNS FROM `school_essay` [ RunTime:0.004200s ]
SQL: SELECT * FROM `school_essay` WHERE (  only_me='0' AND img!='' ) ORDER BY good desc  [ RunTime:0.000551s ]
SQL: SELECT COUNT(*) AS tp_count FROM `school_essay` WHERE (  only_me='0' AND img!='' ) LIMIT 1   [ RunTime:0.000149s ]
SQL: SELECT COUNT(*) AS tp_count FROM `school_essay` WHERE (  only_me='0' AND img!='' ) LIMIT 1   [ RunTime:0.000138s ]
SQL: SELECT COUNT(*) AS tp_count FROM `school_essay` WHERE (  only_me='0' AND img!='' ) LIMIT 1   [ RunTime:0.000136s ]
SQL: SELECT COUNT(*) AS tp_count FROM `school_essay` WHERE (  only_me='0' AND img!='' ) LIMIT 1   [ RunTime:0.000135s ]
SQL: SELECT COUNT(*) AS tp_count FROM `school_essay` WHERE (  only_me='0' AND img!='' ) LIMIT 1   [ RunTime:0.000136s ]
SQL: SHOW COLUMNS FROM `school_message_2` [ RunTime:0.004275s ]
SQL: SELECT * FROM `school_message_2` ORDER BY id DESC  [ RunTime:0.000374s ]
SQL: SHOW COLUMNS FROM `school_video` [ RunTime:0.004191s ]
SQL: SELECT * FROM `school_video` WHERE (  only_me='0' AND img!='' ) ORDER BY good desc  [ RunTime:0.000266s ]
SQL: SHOW COLUMNS FROM `school_community` [ RunTime:0.004012s ]
SQL: SELECT * FROM `school_community` WHERE (  only_me='0' AND img!='' ) ORDER BY good desc  [ RunTime:0.000455s ]
SQL: SELECT COUNT(*) AS tp_count FROM `school_community` WHERE (  only_me='0' AND img!='' ) LIMIT 1   [ RunTime:0.000148s ]
SQL: SELECT COUNT(*) AS tp_count FROM `school_community` WHERE (  only_me='0' AND img!='' ) LIMIT 1   [ RunTime:0.000141s ]
SQL: SELECT COUNT(*) AS tp_count FROM `school_community` WHERE (  only_me='0' AND img!='' ) LIMIT 1   [ RunTime:0.000229s ]
SQL: SELECT COUNT(*) AS tp_count FROM `school_community` WHERE (  only_me='0' AND img!='' ) LIMIT 1   [ RunTime:0.000155s ]
SQL: SELECT COUNT(*) AS tp_count FROM `school_community` WHERE (  only_me='0' AND img!='' ) LIMIT 1   [ RunTime:0.000191s ]
SQL: SHOW COLUMNS FROM `school_study` [ RunTime:0.004260s ]
SQL: SELECT * FROM `school_study` WHERE (  only_me='0' AND img!='' ) ORDER BY good desc  [ RunTime:0.000554s ]
SQL: SELECT COUNT(*) AS tp_count FROM `school_study` WHERE (  only_me='0' AND img!='' ) LIMIT 1   [ RunTime:0.000144s ]
SQL: SELECT COUNT(*) AS tp_count FROM `school_study` WHERE (  only_me='0' AND img!='' ) LIMIT 1   [ RunTime:0.000137s ]
SQL: SELECT COUNT(*) AS tp_count FROM `school_study` WHERE (  only_me='0' AND img!='' ) LIMIT 1   [ RunTime:0.000137s ]
SQL: SELECT COUNT(*) AS tp_count FROM `school_study` WHERE (  only_me='0' AND img!='' ) LIMIT 1   [ RunTime:0.000135s ]
SQL: SELECT COUNT(*) AS tp_count FROM `school_study` WHERE (  only_me='0' AND img!='' ) LIMIT 1   [ RunTime:0.000164s ]
INFO: [ view_parse ] --START--
INFO: ParseTemplate Behavior ::run [ RunTime:0.029378s ]
INFO: [ view_parse ] --END-- [ RunTime:0.029449s ]
INFO: [ view_filter ] --START--
INFO: ContentReplace Behavior ::run [ RunTime:0.000798s ]
INFO: TokenBuild Behavior ::run [ RunTime:0.000441s ]
INFO: WriteHtmlCache Behavior ::run [ RunTime:0.000327s ]
INFO: ShowRuntime Behavior ::run [ RunTime:0.000520s ]
INFO: [ view_filter ] --END-- [ RunTime:0.002236s ]
INFO: [ view_end ] --START--
INFO: ShowPageTrace Behavior ::run [ RunTime:0.000624s ]
INFO: [ view_end ] --END-- [ RunTime:0.000678s ]

[ 2016-04-02T13:32:11+08:00 ] 127.0.0.1 /scwelife/web/index.php/First/username
INFO: [ route_check ] --START--
INFO: CheckRoute Behavior ::run [ RunTime:0.000841s ]
INFO: [ route_check ] --END-- [ RunTime:0.000913s ]
INFO: [ app_begin ] --START--
INFO: ReadHtmlCache Behavior ::run [ RunTime:0.000582s ]
INFO: [ app_begin ] --END-- [ RunTime:0.000631s ]

[ 2016-04-02T13:32:30+08:00 ] 127.0.0.1 /scwelife/web/index.php/Message/lose.html
INFO: [ route_check ] --START--
INFO: CheckRoute Behavior ::run [ RunTime:0.001021s ]
INFO: [ route_check ] --END-- [ RunTime:0.001089s ]
INFO: [ app_begin ] --START--
INFO: ReadHtmlCache Behavior ::run [ RunTime:0.000658s ]
INFO: [ app_begin ] --END-- [ RunTime:0.000715s ]
SQL: SHOW COLUMNS FROM `school_user` [ RunTime:0.004222s ]
SQL: SELECT * FROM `school_user` WHERE ( usernumber='1576701411@qq.com' )  [ RunTime:0.000323s ]
SQL: SHOW COLUMNS FROM `school_message_2` [ RunTime:0.004110s ]
SQL: SELECT COUNT(*) AS tp_count FROM `school_message_2` WHERE (  span_1='失物招领' ) LIMIT 1   [ RunTime:0.000170s ]
SQL: SELECT * FROM `school_message_2` WHERE (  span_1='失物招领' ) ORDER BY id desc LIMIT 0,16   [ RunTime:0.000303s ]
NOTIC: [8] Undefined index: header D:\wamp\www\scwelife\web\ThinkPHP\Extend\Library\ORG\Util\AjaxPage.class.php 第 121 行.
INFO: [ view_parse ] --START--
INFO: ParseTemplate Behavior ::run [ RunTime:0.012577s ]
INFO: [ view_parse ] --END-- [ RunTime:0.012639s ]
INFO: [ view_filter ] --START--
INFO: ContentReplace Behavior ::run [ RunTime:0.000716s ]
INFO: TokenBuild Behavior ::run [ RunTime:0.000522s ]
INFO: WriteHtmlCache Behavior ::run [ RunTime:0.000401s ]
INFO: ShowRuntime Behavior ::run [ RunTime:0.000605s ]
INFO: [ view_filter ] --END-- [ RunTime:0.002395s ]
INFO: [ view_end ] --START--
INFO: ShowPageTrace Behavior ::run [ RunTime:0.000711s ]
INFO: [ view_end ] --END-- [ RunTime:0.000766s ]

[ 2016-04-02T13:32:34+08:00 ] 127.0.0.1 /scwelife/web/index.php/Message/add_two
INFO: [ route_check ] --START--
INFO: CheckRoute Behavior ::run [ RunTime:0.000841s ]
INFO: [ route_check ] --END-- [ RunTime:0.000922s ]
INFO: [ app_begin ] --START--
INFO: ReadHtmlCache Behavior ::run [ RunTime:0.000575s ]
INFO: [ app_begin ] --END-- [ RunTime:0.000631s ]
INFO: [ view_parse ] --START--
INFO: ParseTemplate Behavior ::run [ RunTime:0.011236s ]
INFO: [ view_parse ] --END-- [ RunTime:0.011303s ]
INFO: [ view_filter ] --START--
INFO: ContentReplace Behavior ::run [ RunTime:0.000699s ]
INFO: TokenBuild Behavior ::run [ RunTime:0.000435s ]
INFO: WriteHtmlCache Behavior ::run [ RunTime:0.000322s ]
INFO: ShowRuntime Behavior ::run [ RunTime:0.000519s ]
INFO: [ view_filter ] --END-- [ RunTime:0.002126s ]
INFO: [ view_end ] --START--
INFO: ShowPageTrace Behavior ::run [ RunTime:0.000634s ]
INFO: [ view_end ] --END-- [ RunTime:0.000689s ]

[ 2016-04-02T13:32:37+08:00 ] 127.0.0.1 /scwelife/web/index.php/First/index2
INFO: [ route_check ] --START--
INFO: CheckRoute Behavior ::run [ RunTime:0.000836s ]
INFO: [ route_check ] --END-- [ RunTime:0.000904s ]
INFO: [ app_begin ] --START--
INFO: ReadHtmlCache Behavior ::run [ RunTime:0.000578s ]
INFO: [ app_begin ] --END-- [ RunTime:0.000634s ]
SQL: SHOW COLUMNS FROM `school_user` [ RunTime:0.004415s ]
SQL: SELECT * FROM `school_user` WHERE ( usernumber='1576701411@qq.com' )  [ RunTime:0.000313s ]
SQL: SELECT * FROM `school_user` WHERE ( usernumber='1576701411@qq.com' )  [ RunTime:0.000227s ]
SQL: SHOW COLUMNS FROM `school_search` [ RunTime:0.003703s ]
SQL: SELECT * FROM `school_search` ORDER BY count desc  [ RunTime:0.000298s ]
SQL: SHOW COLUMNS FROM `school_part` [ RunTime:0.004554s ]
SQL: SELECT * FROM `school_part` WHERE ( pass=1 ) ORDER BY id DESC  [ RunTime:0.000324s ]
SQL: SELECT COUNT(*) AS tp_count FROM `school_part` WHERE ( pass=1 ) LIMIT 1   [ RunTime:0.000144s ]
SQL: SELECT COUNT(*) AS tp_count FROM `school_part` WHERE ( pass=1 ) LIMIT 1   [ RunTime:0.000133s ]
SQL: SELECT COUNT(*) AS tp_count FROM `school_part` WHERE ( pass=1 ) LIMIT 1   [ RunTime:0.000133s ]
SQL: SELECT * FROM `school_part` WHERE ( pass=1 ) ORDER BY id DESC  [ RunTime:0.000224s ]
SQL: SELECT COUNT(*) AS tp_count FROM `school_part` WHERE ( pass=1 ) LIMIT 1   [ RunTime:0.000133s ]
SQL: SELECT COUNT(*) AS tp_count FROM `school_part` WHERE ( pass=1 ) LIMIT 1   [ RunTime:0.000137s ]
SQL: SELECT COUNT(*) AS tp_count FROM `school_part` WHERE ( pass=1 ) LIMIT 1   [ RunTime:0.000133s ]
SQL: SHOW COLUMNS FROM `school_essay` [ RunTime:0.004036s ]
SQL: SELECT * FROM `school_essay` WHERE (  only_me='0' AND img!='' ) ORDER BY good desc  [ RunTime:0.000538s ]
SQL: SELECT COUNT(*) AS tp_count FROM `school_essay` WHERE (  only_me='0' AND img!='' ) LIMIT 1   [ RunTime:0.000152s ]
SQL: SELECT COUNT(*) AS tp_count FROM `school_essay` WHERE (  only_me='0' AND img!='' ) LIMIT 1   [ RunTime:0.000143s ]
SQL: SELECT COUNT(*) AS tp_count FROM `school_essay` WHERE (  only_me='0' AND img!='' ) LIMIT 1   [ RunTime:0.000143s ]
SQL: SELECT COUNT(*) AS tp_count FROM `school_essay` WHERE (  only_me='0' AND img!='' ) LIMIT 1   [ RunTime:0.000141s ]
SQL: SELECT COUNT(*) AS tp_count FROM `school_essay` WHERE (  only_me='0' AND img!='' ) LIMIT 1   [ RunTime:0.000144s ]
SQL: SHOW COLUMNS FROM `school_message_2` [ RunTime:0.004083s ]
SQL: SELECT * FROM `school_message_2` ORDER BY id DESC  [ RunTime:0.000306s ]
SQL: SHOW COLUMNS FROM `school_video` [ RunTime:0.003959s ]
SQL: SELECT * FROM `school_video` WHERE (  only_me='0' AND img!='' ) ORDER BY good desc  [ RunTime:0.000243s ]
SQL: SHOW COLUMNS FROM `school_community` [ RunTime:0.004436s ]
SQL: SELECT * FROM `school_community` WHERE (  only_me='0' AND img!='' ) ORDER BY good desc  [ RunTime:0.000494s ]
SQL: SELECT COUNT(*) AS tp_count FROM `school_community` WHERE (  only_me='0' AND img!='' ) LIMIT 1   [ RunTime:0.000159s ]
SQL: SELECT COUNT(*) AS tp_count FROM `school_community` WHERE (  only_me='0' AND img!='' ) LIMIT 1   [ RunTime:0.000147s ]
SQL: SELECT COUNT(*) AS tp_count FROM `school_community` WHERE (  only_me='0' AND img!='' ) LIMIT 1   [ RunTime:0.000145s ]
SQL: SELECT COUNT(*) AS tp_count FROM `school_community` WHERE (  only_me='0' AND img!='' ) LIMIT 1   [ RunTime:0.000145s ]
SQL: SELECT COUNT(*) AS tp_count FROM `school_community` WHERE (  only_me='0' AND img!='' ) LIMIT 1   [ RunTime:0.000148s ]
SQL: SHOW COLUMNS FROM `school_study` [ RunTime:0.004177s ]
SQL: SELECT * FROM `school_study` WHERE (  only_me='0' AND img!='' ) ORDER BY good desc  [ RunTime:0.000530s ]
SQL: SELECT COUNT(*) AS tp_count FROM `school_study` WHERE (  only_me='0' AND img!='' ) LIMIT 1   [ RunTime:0.000147s ]
SQL: SELECT COUNT(*) AS tp_count FROM `school_study` WHERE (  only_me='0' AND img!='' ) LIMIT 1   [ RunTime:0.000251s ]
SQL: SELECT COUNT(*) AS tp_count FROM `school_study` WHERE (  only_me='0' AND img!='' ) LIMIT 1   [ RunTime:0.000152s ]
SQL: SELECT COUNT(*) AS tp_count FROM `school_study` WHERE (  only_me='0' AND img!='' ) LIMIT 1   [ RunTime:0.000143s ]
SQL: SELECT COUNT(*) AS tp_count FROM `school_study` WHERE (  only_me='0' AND img!='' ) LIMIT 1   [ RunTime:0.000143s ]
INFO: [ view_parse ] --START--
INFO: ParseTemplate Behavior ::run [ RunTime:0.029239s ]
INFO: [ view_parse ] --END-- [ RunTime:0.029307s ]
INFO: [ view_filter ] --START--
INFO: ContentReplace Behavior ::run [ RunTime:0.000793s ]
INFO: TokenBuild Behavior ::run [ RunTime:0.000440s ]
INFO: WriteHtmlCache Behavior ::run [ RunTime:0.000318s ]
INFO: ShowRuntime Behavior ::run [ RunTime:0.000543s ]
INFO: [ view_filter ] --END-- [ RunTime:0.002244s ]
INFO: [ view_end ] --START--
INFO: ShowPageTrace Behavior ::run [ RunTime:0.000628s ]
INFO: [ view_end ] --END-- [ RunTime:0.000682s ]

[ 2016-04-02T13:32:38+08:00 ] 127.0.0.1 /scwelife/web/index.php/First/username
INFO: [ route_check ] --START--
INFO: CheckRoute Behavior ::run [ RunTime:0.000871s ]
INFO: [ route_check ] --END-- [ RunTime:0.000951s ]
INFO: [ app_begin ] --START--
INFO: ReadHtmlCache Behavior ::run [ RunTime:0.000604s ]
INFO: [ app_begin ] --END-- [ RunTime:0.000652s ]

