[ 2016-04-21T14:28:33+08:00 ] 127.0.0.1 /scwelife/
INFO: [ app_begin ] --START--
INFO: ReadHtmlCache Behavior ::run [ RunTime:0.000943s ]
INFO: [ app_begin ] --END-- [ RunTime:0.001013s ]

[ 2016-04-21T14:28:34+08:00 ] 127.0.0.1 /scwelife/index.php/First/index2.html
INFO: [ route_check ] --START--
INFO: CheckRoute Behavior ::run [ RunTime:0.001107s ]
INFO: [ route_check ] --END-- [ RunTime:0.001173s ]
INFO: [ app_begin ] --START--
INFO: ReadHtmlCache Behavior ::run [ RunTime:0.000583s ]
INFO: [ app_begin ] --END-- [ RunTime:0.000639s ]
NOTIC: [8] Undefined index: username D:\wamp\www\scwelife\Home\Lib\Action\FirstAction.class.php 第 139 行.
SQL: SHOW COLUMNS FROM `school_user` [ RunTime:0.008977s ]
SQL: SELECT * FROM `school_user` WHERE ( usernumber='' )  [ RunTime:0.001368s ]
SQL: SELECT * FROM `school_user` WHERE ( usernumber='' )  [ RunTime:0.000392s ]
SQL: SHOW COLUMNS FROM `school_search` [ RunTime:0.006274s ]
SQL: SELECT * FROM `school_search` ORDER BY count desc  [ RunTime:0.000305s ]
SQL: SHOW COLUMNS FROM `school_part` [ RunTime:0.005640s ]
SQL: SELECT * FROM `school_part` WHERE ( pass=1 ) ORDER BY id DESC  [ RunTime:0.000426s ]
SQL: SELECT COUNT(*) AS tp_count FROM `school_part` WHERE ( pass=1 ) LIMIT 1   [ RunTime:0.000169s ]
SQL: SELECT COUNT(*) AS tp_count FROM `school_part` WHERE ( pass=1 ) LIMIT 1   [ RunTime:0.000147s ]
SQL: SELECT COUNT(*) AS tp_count FROM `school_part` WHERE ( pass=1 ) LIMIT 1   [ RunTime:0.000137s ]
SQL: SELECT * FROM `school_part` WHERE ( pass=1 ) ORDER BY id DESC  [ RunTime:0.000238s ]
SQL: SELECT COUNT(*) AS tp_count FROM `school_part` WHERE ( pass=1 ) LIMIT 1   [ RunTime:0.000140s ]
SQL: SELECT COUNT(*) AS tp_count FROM `school_part` WHERE ( pass=1 ) LIMIT 1   [ RunTime:0.000142s ]
SQL: SELECT COUNT(*) AS tp_count FROM `school_part` WHERE ( pass=1 ) LIMIT 1   [ RunTime:0.000137s ]
SQL: SHOW COLUMNS FROM `school_essay` [ RunTime:0.005594s ]
SQL: SELECT * FROM `school_essay` WHERE (  only_me='0' AND img!='' ) ORDER BY good desc  [ RunTime:0.001805s ]
SQL: SELECT COUNT(*) AS tp_count FROM `school_essay` WHERE (  only_me='0' AND img!='' ) LIMIT 1   [ RunTime:0.000241s ]
SQL: SELECT COUNT(*) AS tp_count FROM `school_essay` WHERE (  only_me='0' AND img!='' ) LIMIT 1   [ RunTime:0.000148s ]
SQL: SELECT COUNT(*) AS tp_count FROM `school_essay` WHERE (  only_me='0' AND img!='' ) LIMIT 1   [ RunTime:0.000154s ]
SQL: SELECT COUNT(*) AS tp_count FROM `school_essay` WHERE (  only_me='0' AND img!='' ) LIMIT 1   [ RunTime:0.000145s ]
SQL: SELECT COUNT(*) AS tp_count FROM `school_essay` WHERE (  only_me='0' AND img!='' ) LIMIT 1   [ RunTime:0.000153s ]
SQL: SHOW COLUMNS FROM `school_message_2` [ RunTime:0.005728s ]
SQL: SELECT * FROM `school_message_2` ORDER BY id DESC  [ RunTime:0.000367s ]
SQL: SHOW COLUMNS FROM `school_video` [ RunTime:0.005558s ]
SQL: SELECT * FROM `school_video` WHERE (  only_me='0' AND img!='' ) ORDER BY good desc  [ RunTime:0.000323s ]
SQL: SHOW COLUMNS FROM `school_community` [ RunTime:0.005765s ]
SQL: SELECT * FROM `school_community` WHERE (  only_me='0' AND img!='' ) ORDER BY good desc  [ RunTime:0.001336s ]
SQL: SELECT COUNT(*) AS tp_count FROM `school_community` WHERE (  only_me='0' AND img!='' ) LIMIT 1   [ RunTime:0.000290s ]
SQL: SELECT COUNT(*) AS tp_count FROM `school_community` WHERE (  only_me='0' AND img!='' ) LIMIT 1   [ RunTime:0.000165s ]
SQL: SELECT COUNT(*) AS tp_count FROM `school_community` WHERE (  only_me='0' AND img!='' ) LIMIT 1   [ RunTime:0.000148s ]
SQL: SELECT COUNT(*) AS tp_count FROM `school_community` WHERE (  only_me='0' AND img!='' ) LIMIT 1   [ RunTime:0.000152s ]
SQL: SELECT COUNT(*) AS tp_count FROM `school_community` WHERE (  only_me='0' AND img!='' ) LIMIT 1   [ RunTime:0.000149s ]
SQL: SHOW COLUMNS FROM `school_study` [ RunTime:0.005245s ]
SQL: SELECT * FROM `school_study` WHERE (  only_me='0' AND img!='' ) ORDER BY good desc  [ RunTime:0.001564s ]
SQL: SELECT COUNT(*) AS tp_count FROM `school_study` WHERE (  only_me='0' AND img!='' ) LIMIT 1   [ RunTime:0.000162s ]
SQL: SELECT COUNT(*) AS tp_count FROM `school_study` WHERE (  only_me='0' AND img!='' ) LIMIT 1   [ RunTime:0.000146s ]
SQL: SELECT COUNT(*) AS tp_count FROM `school_study` WHERE (  only_me='0' AND img!='' ) LIMIT 1   [ RunTime:0.000141s ]
SQL: SELECT COUNT(*) AS tp_count FROM `school_study` WHERE (  only_me='0' AND img!='' ) LIMIT 1   [ RunTime:0.000143s ]
SQL: SELECT COUNT(*) AS tp_count FROM `school_study` WHERE (  only_me='0' AND img!='' ) LIMIT 1   [ RunTime:0.000143s ]
INFO: [ view_parse ] --START--
INFO: ParseTemplate Behavior ::run [ RunTime:0.039970s ]
INFO: [ view_parse ] --END-- [ RunTime:0.040048s ]
INFO: [ view_filter ] --START--
INFO: ContentReplace Behavior ::run [ RunTime:0.001097s ]
INFO: TokenBuild Behavior ::run [ RunTime:0.000697s ]
INFO: WriteHtmlCache Behavior ::run [ RunTime:0.000592s ]
INFO: ShowRuntime Behavior ::run [ RunTime:0.000779s ]
INFO: [ view_filter ] --END-- [ RunTime:0.003319s ]
INFO: [ view_end ] --START--
INFO: ShowPageTrace Behavior ::run [ RunTime:0.000895s ]
INFO: [ view_end ] --END-- [ RunTime:0.000950s ]

[ 2016-04-21T14:28:34+08:00 ] 127.0.0.1 /scwelife/index.php/First/username
INFO: [ route_check ] --START--
INFO: CheckRoute Behavior ::run [ RunTime:0.001080s ]
INFO: [ route_check ] --END-- [ RunTime:0.001157s ]
INFO: [ app_begin ] --START--
INFO: ReadHtmlCache Behavior ::run [ RunTime:0.000772s ]
INFO: [ app_begin ] --END-- [ RunTime:0.000844s ]
NOTIC: [8] Undefined index: username D:\wamp\www\scwelife\Home\Lib\Action\FirstAction.class.php 第 252 行.

